{"contracts/Bodies.sol":{"l":{"36":154,"37":151,"47":159,"51":1,"57":3,"58":2,"62":161,"66":54,"71":155,"75":158,"76":158,"77":156,"78":156,"79":156,"83":23,"87":22,"88":19,"89":19,"90":19,"98":136,"99":136,"100":136,"101":136,"102":136,"103":136,"107":5,"108":4,"109":3,"110":2,"114":1,"115":1,"116":1,"120":12,"124":3},"path":"/Users/billy/GitHub/okwme/anybody-problem/contracts/Bodies.sol","s":{"1":154,"2":159,"3":1,"4":3,"5":155,"6":158,"7":158,"8":156,"9":156,"10":23,"11":22,"12":19,"13":136,"14":136,"15":136,"16":136,"17":5,"18":4,"19":3,"20":2,"21":1,"22":1,"23":12,"24":3},"b":{"1":[151,3],"2":[3,1],"3":[2,1],"4":[161,1],"5":[54,1],"6":[156,2],"7":[22,1],"8":[136,1],"9":[4,1],"10":[3,1],"11":[2,1],"12":[1,1],"13":[12,1],"14":[3,1]},"f":{"1":154,"2":159,"3":1,"4":3,"5":161,"6":54,"7":155,"8":158,"9":23,"10":136,"11":5,"12":12,"13":3},"fnMap":{"1":{"name":"onlyProblems","line":35,"loc":{"start":{"line":35,"column":4},"end":{"line":38,"column":4}}},"2":{"name":"constructor","line":46,"loc":{"start":{"line":46,"column":4},"end":{"line":48,"column":4}}},"3":{"name":null,"line":50,"loc":{"start":{"line":50,"column":4},"end":{"line":52,"column":4}}},"4":{"name":"updateTockPrice","line":56,"loc":{"start":{"line":56,"column":4},"end":{"line":59,"column":4}}},"5":{"name":"updateProblemsAddress","line":61,"loc":{"start":{"line":61,"column":4},"end":{"line":63,"column":4}}},"6":{"name":"updateTocksAddress","line":65,"loc":{"start":{"line":65,"column":4},"end":{"line":67,"column":4}}},"7":{"name":"generateSeed","line":69,"loc":{"start":{"line":69,"column":4},"end":{"line":72,"column":4}}},"8":{"name":"processPayment","line":74,"loc":{"start":{"line":74,"column":4},"end":{"line":80,"column":4}}},"9":{"name":"mint","line":82,"loc":{"start":{"line":82,"column":4},"end":{"line":91,"column":4}}},"10":{"name":"mintAndBurn","line":96,"loc":{"start":{"line":93,"column":4},"end":{"line":104,"column":4}}},"11":{"name":"upgrade","line":106,"loc":{"start":{"line":106,"column":4},"end":{"line":117,"column":4}}},"12":{"name":"burn","line":119,"loc":{"start":{"line":119,"column":4},"end":{"line":121,"column":4}}},"13":{"name":"problemMint","line":123,"loc":{"start":{"line":123,"column":4},"end":{"line":125,"column":4}}}},"statementMap":{"1":{"start":{"line":36,"column":8},"end":{"line":36,"column":64}},"2":{"start":{"line":47,"column":8},"end":{"line":47,"column":39}},"3":{"start":{"line":51,"column":8},"end":{"line":51,"column":37}},"4":{"start":{"line":57,"column":8},"end":{"line":57,"column":43}},"5":{"start":{"line":71,"column":8},"end":{"line":71,"column":51}},"6":{"start":{"line":75,"column":8},"end":{"line":75,"column":65}},"7":{"start":{"line":76,"column":8},"end":{"line":76,"column":74}},"8":{"start":{"line":77,"column":8},"end":{"line":77,"column":70}},"9":{"start":{"line":79,"column":8},"end":{"line":79,"column":44}},"10":{"start":{"line":83,"column":8},"end":{"line":83,"column":2476}},"11":{"start":{"line":87,"column":8},"end":{"line":87,"column":44}},"12":{"start":{"line":90,"column":8},"end":{"line":90,"column":33}},"13":{"start":{"line":98,"column":8},"end":{"line":98,"column":39}},"14":{"start":{"line":101,"column":8},"end":{"line":101,"column":49}},"15":{"start":{"line":102,"column":8},"end":{"line":102,"column":49}},"16":{"start":{"line":103,"column":8},"end":{"line":103,"column":22}},"17":{"start":{"line":107,"column":8},"end":{"line":107,"column":77}},"18":{"start":{"line":108,"column":8},"end":{"line":108,"column":71}},"19":{"start":{"line":109,"column":8},"end":{"line":109,"column":56}},"20":{"start":{"line":110,"column":8},"end":{"line":110,"column":3494}},"21":{"start":{"line":114,"column":8},"end":{"line":114,"column":24}},"22":{"start":{"line":116,"column":8},"end":{"line":116,"column":70}},"23":{"start":{"line":120,"column":8},"end":{"line":120,"column":20}},"24":{"start":{"line":124,"column":8},"end":{"line":124,"column":27}}},"branchMap":{"1":{"line":36,"type":"if","locations":[{"start":{"line":36,"column":8},"end":{"line":36,"column":8}},{"start":{"line":36,"column":8},"end":{"line":36,"column":8}}]},"2":{"line":56,"type":"if","locations":[{"start":{"line":56,"column":66},"end":{"line":56,"column":66}},{"start":{"line":56,"column":66},"end":{"line":56,"column":66}}]},"3":{"line":57,"type":"if","locations":[{"start":{"line":57,"column":8},"end":{"line":57,"column":8}},{"start":{"line":57,"column":8},"end":{"line":57,"column":8}}]},"4":{"line":61,"type":"if","locations":[{"start":{"line":61,"column":69},"end":{"line":61,"column":69}},{"start":{"line":61,"column":69},"end":{"line":61,"column":69}}]},"5":{"line":65,"type":"if","locations":[{"start":{"line":65,"column":55},"end":{"line":65,"column":55}},{"start":{"line":65,"column":55},"end":{"line":65,"column":55}}]},"6":{"line":76,"type":"if","locations":[{"start":{"line":76,"column":8},"end":{"line":76,"column":8}},{"start":{"line":76,"column":8},"end":{"line":76,"column":8}}]},"7":{"line":83,"type":"if","locations":[{"start":{"line":83,"column":8},"end":{"line":83,"column":8}},{"start":{"line":83,"column":8},"end":{"line":83,"column":8}}]},"8":{"line":96,"type":"if","locations":[{"start":{"line":96,"column":13},"end":{"line":96,"column":13}},{"start":{"line":96,"column":13},"end":{"line":96,"column":13}}]},"9":{"line":107,"type":"if","locations":[{"start":{"line":107,"column":8},"end":{"line":107,"column":8}},{"start":{"line":107,"column":8},"end":{"line":107,"column":8}}]},"10":{"line":108,"type":"if","locations":[{"start":{"line":108,"column":8},"end":{"line":108,"column":8}},{"start":{"line":108,"column":8},"end":{"line":108,"column":8}}]},"11":{"line":109,"type":"if","locations":[{"start":{"line":109,"column":8},"end":{"line":109,"column":8}},{"start":{"line":109,"column":8},"end":{"line":109,"column":8}}]},"12":{"line":110,"type":"if","locations":[{"start":{"line":110,"column":8},"end":{"line":110,"column":8}},{"start":{"line":110,"column":8},"end":{"line":110,"column":8}}]},"13":{"line":119,"type":"if","locations":[{"start":{"line":119,"column":41},"end":{"line":119,"column":41}},{"start":{"line":119,"column":41},"end":{"line":119,"column":41}}]},"14":{"line":123,"type":"if","locations":[{"start":{"line":123,"column":63},"end":{"line":123,"column":63}},{"start":{"line":123,"column":63},"end":{"line":123,"column":63}}]}}},"contracts/Metadata.sol":{"l":{"20":0,"27":0},"path":"/Users/billy/GitHub/okwme/anybody-problem/contracts/Metadata.sol","s":{"1":0},"b":{"1":[0,0]},"f":{"1":159,"2":0,"3":0},"fnMap":{"1":{"name":"constructor","line":13,"loc":{"start":{"line":13,"column":4},"end":{"line":13,"column":19}}},"2":{"name":"setbaseURI","line":19,"loc":{"start":{"line":19,"column":4},"end":{"line":21,"column":4}}},"3":{"name":"getMetadata","line":26,"loc":{"start":{"line":26,"column":4},"end":{"line":31,"column":4}}}},"statementMap":{"1":{"start":{"line":27,"column":8},"end":{"line":27,"column":780}}},"branchMap":{"1":{"line":19,"type":"if","locations":[{"start":{"line":19,"column":55},"end":{"line":19,"column":55}},{"start":{"line":19,"column":55},"end":{"line":19,"column":55}}]}}},"contracts/Problems.sol":{"l":{"78":90,"79":86,"83":50,"84":48,"85":48,"86":48,"87":48,"103":165,"104":165,"105":165,"106":165,"107":1278,"108":1278,"109":1278,"114":16,"120":0,"124":2,"128":31,"132":29,"140":1,"144":55,"148":1,"152":54,"156":2,"161":42,"165":45,"169":46,"170":43,"171":43,"173":41,"174":41,"175":41,"179":1,"183":42,"184":42,"186":42,"187":126,"191":126,"193":42,"194":42,"198":10,"199":10,"200":10,"204":9,"205":9,"206":9,"210":12,"211":12,"212":12,"213":12,"217":11,"218":11,"219":11,"223":3,"224":3,"225":3,"229":2,"230":2,"236":2,"237":2,"238":2,"242":2,"249":2,"250":18,"252":2,"253":2,"262":146,"263":146,"264":146,"265":146,"266":146,"267":146,"268":146,"269":146,"270":146,"271":146,"293":146,"294":146,"296":146,"297":146,"298":146,"299":146,"301":146,"305":146,"306":146,"307":146,"308":146,"309":146,"310":146,"311":146,"312":146,"314":146,"322":292,"328":35,"335":215,"342":1,"349":1,"356":15,"364":69,"373":1,"374":1,"375":1},"path":"/Users/billy/GitHub/okwme/anybody-problem/contracts/Problems.sol","s":{"1":90,"2":50,"3":48,"4":48,"5":48,"6":165,"7":165,"8":1278,"9":1278,"10":0,"11":42,"12":45,"13":46,"14":43,"15":43,"16":41,"17":41,"18":41,"19":1,"20":42,"21":42,"22":126,"23":126,"24":10,"25":10,"26":10,"27":9,"28":9,"29":9,"30":12,"31":12,"32":12,"33":12,"34":11,"35":11,"36":11,"37":3,"38":3,"39":3,"40":2,"41":2,"42":2,"43":2,"44":2,"45":146,"46":146,"47":146,"48":146,"49":146,"50":146,"51":146,"52":146,"53":146,"54":146,"55":146,"56":292,"57":35,"58":215,"59":1,"60":1,"61":1},"b":{"1":[86,4],"2":[48,2],"3":[48,0],"4":[48,0],"5":[48,0],"6":[165,0],"7":[1278,0],"8":[1278,0],"9":[2,1],"10":[31,1],"11":[29,1],"12":[1,1],"13":[55,1],"14":[1,1],"15":[54,1],"16":[2,1],"17":[46,1],"18":[43,3],"19":[43,0],"20":[41,2],"21":[2,1],"22":[1,1],"23":[10,0],"24":[10,0],"25":[9,1],"26":[12,0],"27":[12,0],"28":[12,0],"29":[11,1],"30":[3,0],"31":[3,0],"32":[2,1],"33":[1,1],"34":[1,1],"35":[15,1],"36":[69,1],"37":[1,1]},"f":{"1":90,"2":50,"3":165,"4":0,"5":2,"6":31,"7":29,"8":1,"9":55,"10":1,"11":54,"12":2,"13":42,"14":45,"15":46,"16":1,"17":42,"18":10,"19":12,"20":3,"21":2,"22":146,"23":146,"24":292,"25":35,"26":215,"27":1,"28":1,"29":15,"30":69,"31":1},"fnMap":{"1":{"name":"onlySolver","line":77,"loc":{"start":{"line":77,"column":4},"end":{"line":80,"column":4}}},"2":{"name":"initialized","line":82,"loc":{"start":{"line":82,"column":4},"end":{"line":88,"column":4}}},"3":{"name":"constructor","line":102,"loc":{"start":{"line":97,"column":4},"end":{"line":111,"column":4}}},"4":{"name":"tokenURI","line":117,"loc":{"start":{"line":117,"column":4},"end":{"line":121,"column":4}}},"5":{"name":"updatePrice","line":123,"loc":{"start":{"line":123,"column":4},"end":{"line":125,"column":4}}},"6":{"name":"updatePaused","line":127,"loc":{"start":{"line":127,"column":4},"end":{"line":129,"column":4}}},"7":{"name":"updateStartDate","line":131,"loc":{"start":{"line":131,"column":4},"end":{"line":133,"column":4}}},"8":{"name":"updateVerifier","line":139,"loc":{"start":{"line":135,"column":4},"end":{"line":141,"column":4}}},"9":{"name":"updateSolverAddress","line":143,"loc":{"start":{"line":143,"column":4},"end":{"line":145,"column":4}}},"10":{"name":"updateMetadataAddress","line":147,"loc":{"start":{"line":147,"column":4},"end":{"line":149,"column":4}}},"11":{"name":"updateBodiesAddress","line":151,"loc":{"start":{"line":151,"column":4},"end":{"line":153,"column":4}}},"12":{"name":"updateWalletAddress","line":155,"loc":{"start":{"line":155,"column":4},"end":{"line":157,"column":4}}},"13":{"name":"generateSeed","line":159,"loc":{"start":{"line":159,"column":4},"end":{"line":162,"column":4}}},"14":{"name":"mint","line":164,"loc":{"start":{"line":164,"column":4},"end":{"line":166,"column":4}}},"15":{"name":"mint","line":168,"loc":{"start":{"line":168,"column":4},"end":{"line":176,"column":4}}},"16":{"name":"adminMint","line":178,"loc":{"start":{"line":178,"column":4},"end":{"line":180,"column":4}}},"17":{"name":"_internalMint","line":182,"loc":{"start":{"line":182,"column":4},"end":{"line":195,"column":4}}},"18":{"name":"mintBody","line":197,"loc":{"start":{"line":197,"column":4},"end":{"line":207,"column":4}}},"19":{"name":"addBody","line":209,"loc":{"start":{"line":209,"column":4},"end":{"line":220,"column":4}}},"20":{"name":"removeBody","line":222,"loc":{"start":{"line":222,"column":4},"end":{"line":243,"column":4}}},"21":{"name":"_removeElement","line":245,"loc":{"start":{"line":245,"column":4},"end":{"line":254,"column":4}}},"22":{"name":"_addBody","line":256,"loc":{"start":{"line":256,"column":4},"end":{"line":281,"column":4}}},"23":{"name":"getRandomValues","line":287,"loc":{"start":{"line":287,"column":4},"end":{"line":315,"column":4}}},"24":{"name":"randomRange","line":317,"loc":{"start":{"line":317,"column":4},"end":{"line":323,"column":4}}},"25":{"name":"getProblemBodyIds","line":325,"loc":{"start":{"line":325,"column":4},"end":{"line":329,"column":4}}},"26":{"name":"getProblemBodyData","line":331,"loc":{"start":{"line":331,"column":4},"end":{"line":336,"column":4}}},"27":{"name":"updateProblemBodyCount","line":341,"loc":{"start":{"line":338,"column":4},"end":{"line":343,"column":4}}},"28":{"name":"updateProblemBodyIds","line":348,"loc":{"start":{"line":345,"column":4},"end":{"line":350,"column":4}}},"29":{"name":"updateProblemTickCount","line":355,"loc":{"start":{"line":352,"column":4},"end":{"line":357,"column":4}}},"30":{"name":"updateProblemBody","line":363,"loc":{"start":{"line":359,"column":4},"end":{"line":365,"column":4}}},"31":{"name":"recoverUnsuccessfulMintPayment","line":372,"loc":{"start":{"line":370,"column":4},"end":{"line":376,"column":4}}}},"statementMap":{"1":{"start":{"line":78,"column":8},"end":{"line":78,"column":60}},"2":{"start":{"line":83,"column":8},"end":{"line":83,"column":55}},"3":{"start":{"line":84,"column":8},"end":{"line":84,"column":55}},"4":{"start":{"line":85,"column":8},"end":{"line":85,"column":57}},"5":{"start":{"line":86,"column":8},"end":{"line":86,"column":55}},"6":{"start":{"line":103,"column":8},"end":{"line":103,"column":59}},"7":{"start":{"line":106,"column":8},"end":{"line":106,"column":2782}},"8":{"start":{"line":107,"column":12},"end":{"line":107,"column":67}},"9":{"start":{"line":108,"column":12},"end":{"line":108,"column":67}},"10":{"start":{"line":120,"column":8},"end":{"line":120,"column":49}},"11":{"start":{"line":161,"column":8},"end":{"line":161,"column":51}},"12":{"start":{"line":165,"column":8},"end":{"line":165,"column":23}},"13":{"start":{"line":169,"column":8},"end":{"line":169,"column":33}},"14":{"start":{"line":170,"column":8},"end":{"line":170,"column":59}},"15":{"start":{"line":171,"column":8},"end":{"line":171,"column":51}},"16":{"start":{"line":173,"column":8},"end":{"line":173,"column":74}},"17":{"start":{"line":174,"column":8},"end":{"line":174,"column":52}},"18":{"start":{"line":175,"column":8},"end":{"line":175,"column":31}},"19":{"start":{"line":179,"column":8},"end":{"line":179,"column":31}},"20":{"start":{"line":184,"column":8},"end":{"line":184,"column":38}},"21":{"start":{"line":186,"column":8},"end":{"line":186,"column":5194}},"22":{"start":{"line":187,"column":12},"end":{"line":187,"column":5245}},"23":{"start":{"line":191,"column":12},"end":{"line":191,"column":48}},"24":{"start":{"line":198,"column":8},"end":{"line":198,"column":33}},"25":{"start":{"line":199,"column":8},"end":{"line":199,"column":69}},"26":{"start":{"line":200,"column":8},"end":{"line":200,"column":5706}},"27":{"start":{"line":204,"column":8},"end":{"line":204,"column":74}},"28":{"start":{"line":205,"column":8},"end":{"line":205,"column":49}},"29":{"start":{"line":206,"column":8},"end":{"line":206,"column":40}},"30":{"start":{"line":210,"column":8},"end":{"line":210,"column":33}},"31":{"start":{"line":211,"column":8},"end":{"line":211,"column":69}},"32":{"start":{"line":212,"column":8},"end":{"line":212,"column":78}},"33":{"start":{"line":213,"column":8},"end":{"line":213,"column":6259}},"34":{"start":{"line":217,"column":8},"end":{"line":217,"column":34}},"35":{"start":{"line":218,"column":8},"end":{"line":218,"column":49}},"36":{"start":{"line":219,"column":8},"end":{"line":219,"column":40}},"37":{"start":{"line":223,"column":8},"end":{"line":223,"column":33}},"38":{"start":{"line":224,"column":8},"end":{"line":224,"column":69}},"39":{"start":{"line":225,"column":8},"end":{"line":225,"column":6695}},"40":{"start":{"line":229,"column":8},"end":{"line":229,"column":53}},"41":{"start":{"line":230,"column":8},"end":{"line":230,"column":6872}},"42":{"start":{"line":236,"column":8},"end":{"line":236,"column":74}},"43":{"start":{"line":249,"column":8},"end":{"line":249,"column":7472}},"44":{"start":{"line":253,"column":8},"end":{"line":253,"column":20}},"45":{"start":{"line":262,"column":8},"end":{"line":262,"column":55}},"46":{"start":{"line":263,"column":8},"end":{"line":263,"column":57}},"47":{"start":{"line":264,"column":8},"end":{"line":264,"column":57}},"48":{"start":{"line":265,"column":8},"end":{"line":265,"column":28}},"49":{"start":{"line":271,"column":8},"end":{"line":271,"column":8291}},"50":{"start":{"line":293,"column":8},"end":{"line":293,"column":24}},"51":{"start":{"line":296,"column":8},"end":{"line":296,"column":59}},"52":{"start":{"line":297,"column":8},"end":{"line":297,"column":53}},"53":{"start":{"line":299,"column":8},"end":{"line":299,"column":53}},"54":{"start":{"line":301,"column":8},"end":{"line":301,"column":51}},"55":{"start":{"line":314,"column":8},"end":{"line":314,"column":19}},"56":{"start":{"line":322,"column":8},"end":{"line":322,"column":50}},"57":{"start":{"line":328,"column":8},"end":{"line":328,"column":42}},"58":{"start":{"line":335,"column":8},"end":{"line":335,"column":51}},"59":{"start":{"line":373,"column":8},"end":{"line":373,"column":46}},"60":{"start":{"line":374,"column":8},"end":{"line":374,"column":68}},"61":{"start":{"line":375,"column":8},"end":{"line":375,"column":46}}},"branchMap":{"1":{"line":78,"type":"if","locations":[{"start":{"line":78,"column":8},"end":{"line":78,"column":8}},{"start":{"line":78,"column":8},"end":{"line":78,"column":8}}]},"2":{"line":83,"type":"if","locations":[{"start":{"line":83,"column":8},"end":{"line":83,"column":8}},{"start":{"line":83,"column":8},"end":{"line":83,"column":8}}]},"3":{"line":84,"type":"if","locations":[{"start":{"line":84,"column":8},"end":{"line":84,"column":8}},{"start":{"line":84,"column":8},"end":{"line":84,"column":8}}]},"4":{"line":85,"type":"if","locations":[{"start":{"line":85,"column":8},"end":{"line":85,"column":8}},{"start":{"line":85,"column":8},"end":{"line":85,"column":8}}]},"5":{"line":86,"type":"if","locations":[{"start":{"line":86,"column":8},"end":{"line":86,"column":8}},{"start":{"line":86,"column":8},"end":{"line":86,"column":8}}]},"6":{"line":103,"type":"if","locations":[{"start":{"line":103,"column":8},"end":{"line":103,"column":8}},{"start":{"line":103,"column":8},"end":{"line":103,"column":8}}]},"7":{"line":107,"type":"if","locations":[{"start":{"line":107,"column":12},"end":{"line":107,"column":12}},{"start":{"line":107,"column":12},"end":{"line":107,"column":12}}]},"8":{"line":108,"type":"if","locations":[{"start":{"line":108,"column":12},"end":{"line":108,"column":12}},{"start":{"line":108,"column":12},"end":{"line":108,"column":12}}]},"9":{"line":123,"type":"if","locations":[{"start":{"line":123,"column":48},"end":{"line":123,"column":48}},{"start":{"line":123,"column":48},"end":{"line":123,"column":48}}]},"10":{"line":127,"type":"if","locations":[{"start":{"line":127,"column":47},"end":{"line":127,"column":47}},{"start":{"line":127,"column":47},"end":{"line":127,"column":47}}]},"11":{"line":131,"type":"if","locations":[{"start":{"line":131,"column":56},"end":{"line":131,"column":56}},{"start":{"line":131,"column":56},"end":{"line":131,"column":56}}]},"12":{"line":139,"type":"if","locations":[{"start":{"line":139,"column":13},"end":{"line":139,"column":13}},{"start":{"line":139,"column":13},"end":{"line":139,"column":13}}]},"13":{"line":143,"type":"if","locations":[{"start":{"line":143,"column":57},"end":{"line":143,"column":57}},{"start":{"line":143,"column":57},"end":{"line":143,"column":57}}]},"14":{"line":147,"type":"if","locations":[{"start":{"line":147,"column":61},"end":{"line":147,"column":61}},{"start":{"line":147,"column":61},"end":{"line":147,"column":61}}]},"15":{"line":151,"type":"if","locations":[{"start":{"line":151,"column":57},"end":{"line":151,"column":57}},{"start":{"line":151,"column":57},"end":{"line":151,"column":57}}]},"16":{"line":155,"type":"if","locations":[{"start":{"line":155,"column":57},"end":{"line":155,"column":57}},{"start":{"line":155,"column":57},"end":{"line":155,"column":57}}]},"17":{"line":168,"type":"if","locations":[{"start":{"line":168,"column":52},"end":{"line":168,"column":52}},{"start":{"line":168,"column":52},"end":{"line":168,"column":52}}]},"18":{"line":169,"type":"if","locations":[{"start":{"line":169,"column":8},"end":{"line":169,"column":8}},{"start":{"line":169,"column":8},"end":{"line":169,"column":8}}]},"19":{"line":170,"type":"if","locations":[{"start":{"line":170,"column":8},"end":{"line":170,"column":8}},{"start":{"line":170,"column":8},"end":{"line":170,"column":8}}]},"20":{"line":171,"type":"if","locations":[{"start":{"line":171,"column":8},"end":{"line":171,"column":8}},{"start":{"line":171,"column":8},"end":{"line":171,"column":8}}]},"21":{"line":178,"type":"if","locations":[{"start":{"line":178,"column":49},"end":{"line":178,"column":49}},{"start":{"line":178,"column":49},"end":{"line":178,"column":49}}]},"22":{"line":178,"type":"if","locations":[{"start":{"line":178,"column":61},"end":{"line":178,"column":61}},{"start":{"line":178,"column":61},"end":{"line":178,"column":61}}]},"23":{"line":198,"type":"if","locations":[{"start":{"line":198,"column":8},"end":{"line":198,"column":8}},{"start":{"line":198,"column":8},"end":{"line":198,"column":8}}]},"24":{"line":199,"type":"if","locations":[{"start":{"line":199,"column":8},"end":{"line":199,"column":8}},{"start":{"line":199,"column":8},"end":{"line":199,"column":8}}]},"25":{"line":200,"type":"if","locations":[{"start":{"line":200,"column":8},"end":{"line":200,"column":8}},{"start":{"line":200,"column":8},"end":{"line":200,"column":8}}]},"26":{"line":210,"type":"if","locations":[{"start":{"line":210,"column":8},"end":{"line":210,"column":8}},{"start":{"line":210,"column":8},"end":{"line":210,"column":8}}]},"27":{"line":211,"type":"if","locations":[{"start":{"line":211,"column":8},"end":{"line":211,"column":8}},{"start":{"line":211,"column":8},"end":{"line":211,"column":8}}]},"28":{"line":212,"type":"if","locations":[{"start":{"line":212,"column":8},"end":{"line":212,"column":8}},{"start":{"line":212,"column":8},"end":{"line":212,"column":8}}]},"29":{"line":213,"type":"if","locations":[{"start":{"line":213,"column":8},"end":{"line":213,"column":8}},{"start":{"line":213,"column":8},"end":{"line":213,"column":8}}]},"30":{"line":223,"type":"if","locations":[{"start":{"line":223,"column":8},"end":{"line":223,"column":8}},{"start":{"line":223,"column":8},"end":{"line":223,"column":8}}]},"31":{"line":224,"type":"if","locations":[{"start":{"line":224,"column":8},"end":{"line":224,"column":8}},{"start":{"line":224,"column":8},"end":{"line":224,"column":8}}]},"32":{"line":225,"type":"if","locations":[{"start":{"line":225,"column":8},"end":{"line":225,"column":8}},{"start":{"line":225,"column":8},"end":{"line":225,"column":8}}]},"33":{"line":341,"type":"if","locations":[{"start":{"line":341,"column":13},"end":{"line":341,"column":13}},{"start":{"line":341,"column":13},"end":{"line":341,"column":13}}]},"34":{"line":348,"type":"if","locations":[{"start":{"line":348,"column":13},"end":{"line":348,"column":13}},{"start":{"line":348,"column":13},"end":{"line":348,"column":13}}]},"35":{"line":355,"type":"if","locations":[{"start":{"line":355,"column":13},"end":{"line":355,"column":13}},{"start":{"line":355,"column":13},"end":{"line":355,"column":13}}]},"36":{"line":363,"type":"if","locations":[{"start":{"line":363,"column":13},"end":{"line":363,"column":13}},{"start":{"line":363,"column":13},"end":{"line":363,"column":13}}]},"37":{"line":372,"type":"if","locations":[{"start":{"line":372,"column":13},"end":{"line":372,"column":13}},{"start":{"line":372,"column":13},"end":{"line":372,"column":13}}]}}},"contracts/Solver.sol":{"l":{"45":159,"46":159,"50":1,"54":1,"58":1,"69":14,"71":14,"73":14,"74":14,"75":14,"80":14,"81":5,"91":3,"101":1,"111":1,"121":1,"131":1,"141":1,"151":1,"161":0,"163":14,"167":14,"172":14,"175":14,"176":14,"177":69,"188":69,"193":68,"198":68,"203":68,"212":68,"217":68,"229":68,"234":68,"239":68,"244":68,"245":68,"251":13,"257":5,"258":5,"259":150,"261":5,"267":3,"268":3,"269":120,"271":3,"277":1,"278":1,"279":50,"281":1,"287":1,"288":1,"289":60,"291":1,"297":1,"298":1,"299":70,"301":1,"307":1,"308":1,"309":80,"311":1,"317":1,"318":1,"319":90,"321":1,"327":1,"328":1,"329":100,"331":1},"path":"/Users/billy/GitHub/okwme/anybody-problem/contracts/Solver.sol","s":{"1":1,"2":14,"3":14,"4":14,"5":14,"6":14,"7":14,"8":5,"9":9,"10":3,"11":6,"12":1,"13":5,"14":1,"15":4,"16":1,"17":3,"18":1,"19":2,"20":1,"21":1,"22":1,"23":0,"24":14,"25":14,"26":14,"27":14,"28":14,"29":69,"30":68,"31":68,"32":68,"33":68,"34":68,"35":13,"36":5,"37":5,"38":5,"39":3,"40":3,"41":3,"42":1,"43":1,"44":1,"45":1,"46":1,"47":1,"48":1,"49":1,"50":1,"51":1,"52":1,"53":1,"54":1,"55":1,"56":1,"57":1,"58":1,"59":1},"b":{"1":[1,1],"2":[1,1],"3":[14,0],"4":[5,9],"5":[5,0],"6":[3,6],"7":[3,0],"8":[1,5],"9":[1,0],"10":[1,4],"11":[1,0],"12":[1,3],"13":[1,0],"14":[1,2],"15":[1,0],"16":[1,1],"17":[1,0],"18":[1,0],"19":[1,0],"20":[68,1],"21":[68,0],"22":[68,0],"23":[68,0],"24":[68,0]},"f":{"1":159,"2":1,"3":1,"4":1,"5":14,"6":5,"7":3,"8":1,"9":1,"10":1,"11":1,"12":1,"13":1},"fnMap":{"1":{"name":"constructor","line":44,"loc":{"start":{"line":44,"column":4},"end":{"line":47,"column":4}}},"2":{"name":null,"line":49,"loc":{"start":{"line":49,"column":4},"end":{"line":51,"column":4}}},"3":{"name":"updateProblemsAddress","line":53,"loc":{"start":{"line":53,"column":4},"end":{"line":55,"column":4}}},"4":{"name":"updateTocksAddress","line":57,"loc":{"start":{"line":57,"column":4},"end":{"line":59,"column":4}}},"5":{"name":"solveProblem","line":61,"loc":{"start":{"line":61,"column":4},"end":{"line":252,"column":4}}},"6":{"name":"convertTo30","line":254,"loc":{"start":{"line":254,"column":4},"end":{"line":262,"column":4}}},"7":{"name":"convertTo40","line":264,"loc":{"start":{"line":264,"column":4},"end":{"line":272,"column":4}}},"8":{"name":"convertTo50","line":274,"loc":{"start":{"line":274,"column":4},"end":{"line":282,"column":4}}},"9":{"name":"convertTo60","line":284,"loc":{"start":{"line":284,"column":4},"end":{"line":292,"column":4}}},"10":{"name":"convertTo70","line":294,"loc":{"start":{"line":294,"column":4},"end":{"line":302,"column":4}}},"11":{"name":"convertTo80","line":304,"loc":{"start":{"line":304,"column":4},"end":{"line":312,"column":4}}},"12":{"name":"convertTo90","line":314,"loc":{"start":{"line":314,"column":4},"end":{"line":322,"column":4}}},"13":{"name":"convertTo100","line":324,"loc":{"start":{"line":324,"column":4},"end":{"line":332,"column":4}}}},"statementMap":{"1":{"start":{"line":50,"column":8},"end":{"line":50,"column":37}},"2":{"start":{"line":69,"column":8},"end":{"line":69,"column":2017}},"3":{"start":{"line":71,"column":8},"end":{"line":71,"column":42}},"4":{"start":{"line":73,"column":8},"end":{"line":73,"column":55}},"5":{"start":{"line":74,"column":8},"end":{"line":74,"column":70}},"6":{"start":{"line":75,"column":8},"end":{"line":75,"column":2283}},"7":{"start":{"line":80,"column":8},"end":{"line":80,"column":2401}},"8":{"start":{"line":81,"column":12},"end":{"line":81,"column":2444}},"9":{"start":{"line":90,"column":15},"end":{"line":90,"column":2701}},"10":{"start":{"line":91,"column":12},"end":{"line":91,"column":2744}},"11":{"start":{"line":100,"column":15},"end":{"line":100,"column":3001}},"12":{"start":{"line":101,"column":12},"end":{"line":101,"column":3044}},"13":{"start":{"line":110,"column":15},"end":{"line":110,"column":3301}},"14":{"start":{"line":111,"column":12},"end":{"line":111,"column":3344}},"15":{"start":{"line":120,"column":15},"end":{"line":120,"column":3601}},"16":{"start":{"line":121,"column":12},"end":{"line":121,"column":3644}},"17":{"start":{"line":130,"column":15},"end":{"line":130,"column":3901}},"18":{"start":{"line":131,"column":12},"end":{"line":131,"column":3944}},"19":{"start":{"line":140,"column":15},"end":{"line":140,"column":4201}},"20":{"start":{"line":141,"column":12},"end":{"line":141,"column":4244}},"21":{"start":{"line":150,"column":15},"end":{"line":150,"column":4501}},"22":{"start":{"line":151,"column":12},"end":{"line":151,"column":4545}},"23":{"start":{"line":161,"column":12},"end":{"line":161,"column":45}},"24":{"start":{"line":163,"column":8},"end":{"line":163,"column":4874}},"25":{"start":{"line":167,"column":8},"end":{"line":167,"column":4982}},"26":{"start":{"line":172,"column":8},"end":{"line":172,"column":70}},"27":{"start":{"line":175,"column":8},"end":{"line":175,"column":37}},"28":{"start":{"line":176,"column":8},"end":{"line":176,"column":5254}},"29":{"start":{"line":188,"column":12},"end":{"line":188,"column":5754}},"30":{"start":{"line":198,"column":12},"end":{"line":198,"column":6141}},"31":{"start":{"line":212,"column":12},"end":{"line":212,"column":6716}},"32":{"start":{"line":229,"column":12},"end":{"line":229,"column":7428}},"33":{"start":{"line":239,"column":12},"end":{"line":239,"column":7821}},"34":{"start":{"line":245,"column":12},"end":{"line":245,"column":8048}},"35":{"start":{"line":251,"column":8},"end":{"line":251,"column":60}},"36":{"start":{"line":257,"column":8},"end":{"line":257,"column":30}},"37":{"start":{"line":258,"column":8},"end":{"line":258,"column":8398}},"38":{"start":{"line":261,"column":8},"end":{"line":261,"column":21}},"39":{"start":{"line":267,"column":8},"end":{"line":267,"column":30}},"40":{"start":{"line":268,"column":8},"end":{"line":268,"column":8649}},"41":{"start":{"line":271,"column":8},"end":{"line":271,"column":21}},"42":{"start":{"line":277,"column":8},"end":{"line":277,"column":30}},"43":{"start":{"line":278,"column":8},"end":{"line":278,"column":8900}},"44":{"start":{"line":281,"column":8},"end":{"line":281,"column":21}},"45":{"start":{"line":287,"column":8},"end":{"line":287,"column":30}},"46":{"start":{"line":288,"column":8},"end":{"line":288,"column":9151}},"47":{"start":{"line":291,"column":8},"end":{"line":291,"column":21}},"48":{"start":{"line":297,"column":8},"end":{"line":297,"column":30}},"49":{"start":{"line":298,"column":8},"end":{"line":298,"column":9402}},"50":{"start":{"line":301,"column":8},"end":{"line":301,"column":21}},"51":{"start":{"line":307,"column":8},"end":{"line":307,"column":30}},"52":{"start":{"line":308,"column":8},"end":{"line":308,"column":9653}},"53":{"start":{"line":311,"column":8},"end":{"line":311,"column":21}},"54":{"start":{"line":317,"column":8},"end":{"line":317,"column":30}},"55":{"start":{"line":318,"column":8},"end":{"line":318,"column":9904}},"56":{"start":{"line":321,"column":8},"end":{"line":321,"column":21}},"57":{"start":{"line":327,"column":8},"end":{"line":327,"column":31}},"58":{"start":{"line":328,"column":8},"end":{"line":328,"column":10158}},"59":{"start":{"line":331,"column":8},"end":{"line":331,"column":21}}},"branchMap":{"1":{"line":53,"type":"if","locations":[{"start":{"line":53,"column":69},"end":{"line":53,"column":69}},{"start":{"line":53,"column":69},"end":{"line":53,"column":69}}]},"2":{"line":57,"type":"if","locations":[{"start":{"line":57,"column":55},"end":{"line":57,"column":55}},{"start":{"line":57,"column":55},"end":{"line":57,"column":55}}]},"3":{"line":74,"type":"if","locations":[{"start":{"line":74,"column":8},"end":{"line":74,"column":8}},{"start":{"line":74,"column":8},"end":{"line":74,"column":8}}]},"4":{"line":80,"type":"if","locations":[{"start":{"line":80,"column":8},"end":{"line":80,"column":8}},{"start":{"line":80,"column":8},"end":{"line":80,"column":8}}]},"5":{"line":81,"type":"if","locations":[{"start":{"line":81,"column":12},"end":{"line":81,"column":12}},{"start":{"line":81,"column":12},"end":{"line":81,"column":12}}]},"6":{"line":90,"type":"if","locations":[{"start":{"line":90,"column":15},"end":{"line":90,"column":15}},{"start":{"line":90,"column":15},"end":{"line":90,"column":15}}]},"7":{"line":91,"type":"if","locations":[{"start":{"line":91,"column":12},"end":{"line":91,"column":12}},{"start":{"line":91,"column":12},"end":{"line":91,"column":12}}]},"8":{"line":100,"type":"if","locations":[{"start":{"line":100,"column":15},"end":{"line":100,"column":15}},{"start":{"line":100,"column":15},"end":{"line":100,"column":15}}]},"9":{"line":101,"type":"if","locations":[{"start":{"line":101,"column":12},"end":{"line":101,"column":12}},{"start":{"line":101,"column":12},"end":{"line":101,"column":12}}]},"10":{"line":110,"type":"if","locations":[{"start":{"line":110,"column":15},"end":{"line":110,"column":15}},{"start":{"line":110,"column":15},"end":{"line":110,"column":15}}]},"11":{"line":111,"type":"if","locations":[{"start":{"line":111,"column":12},"end":{"line":111,"column":12}},{"start":{"line":111,"column":12},"end":{"line":111,"column":12}}]},"12":{"line":120,"type":"if","locations":[{"start":{"line":120,"column":15},"end":{"line":120,"column":15}},{"start":{"line":120,"column":15},"end":{"line":120,"column":15}}]},"13":{"line":121,"type":"if","locations":[{"start":{"line":121,"column":12},"end":{"line":121,"column":12}},{"start":{"line":121,"column":12},"end":{"line":121,"column":12}}]},"14":{"line":130,"type":"if","locations":[{"start":{"line":130,"column":15},"end":{"line":130,"column":15}},{"start":{"line":130,"column":15},"end":{"line":130,"column":15}}]},"15":{"line":131,"type":"if","locations":[{"start":{"line":131,"column":12},"end":{"line":131,"column":12}},{"start":{"line":131,"column":12},"end":{"line":131,"column":12}}]},"16":{"line":140,"type":"if","locations":[{"start":{"line":140,"column":15},"end":{"line":140,"column":15}},{"start":{"line":140,"column":15},"end":{"line":140,"column":15}}]},"17":{"line":141,"type":"if","locations":[{"start":{"line":141,"column":12},"end":{"line":141,"column":12}},{"start":{"line":141,"column":12},"end":{"line":141,"column":12}}]},"18":{"line":150,"type":"if","locations":[{"start":{"line":150,"column":15},"end":{"line":150,"column":15}},{"start":{"line":150,"column":15},"end":{"line":150,"column":15}}]},"19":{"line":151,"type":"if","locations":[{"start":{"line":151,"column":12},"end":{"line":151,"column":12}},{"start":{"line":151,"column":12},"end":{"line":151,"column":12}}]},"20":{"line":188,"type":"if","locations":[{"start":{"line":188,"column":12},"end":{"line":188,"column":12}},{"start":{"line":188,"column":12},"end":{"line":188,"column":12}}]},"21":{"line":198,"type":"if","locations":[{"start":{"line":198,"column":12},"end":{"line":198,"column":12}},{"start":{"line":198,"column":12},"end":{"line":198,"column":12}}]},"22":{"line":212,"type":"if","locations":[{"start":{"line":212,"column":12},"end":{"line":212,"column":12}},{"start":{"line":212,"column":12},"end":{"line":212,"column":12}}]},"23":{"line":229,"type":"if","locations":[{"start":{"line":229,"column":12},"end":{"line":229,"column":12}},{"start":{"line":229,"column":12},"end":{"line":229,"column":12}}]},"24":{"line":239,"type":"if","locations":[{"start":{"line":239,"column":12},"end":{"line":239,"column":12}},{"start":{"line":239,"column":12},"end":{"line":239,"column":12}}]}}},"contracts/Tocks.sol":{"l":{"13":45,"14":45,"18":156,"19":156,"26":159,"27":159,"31":159,"35":159,"39":112,"46":0,"47":0,"49":0,"53":156,"57":45},"path":"/Users/billy/GitHub/okwme/anybody-problem/contracts/Tocks.sol","s":{"1":45,"2":156,"3":159,"4":159,"5":0,"6":0,"7":0,"8":156,"9":45},"b":{"1":[45,0],"2":[156,0],"3":[159,0],"4":[159,0],"5":[112,0],"6":[0,0],"7":[0,0],"8":[156,0],"9":[45,0]},"f":{"1":45,"2":156,"3":159,"4":159,"5":159,"6":112,"7":0,"8":156,"9":45},"fnMap":{"1":{"name":"onlySolver","line":12,"loc":{"start":{"line":12,"column":4},"end":{"line":15,"column":4}}},"2":{"name":"onlyBodies","line":17,"loc":{"start":{"line":17,"column":4},"end":{"line":20,"column":4}}},"3":{"name":"constructor","line":25,"loc":{"start":{"line":22,"column":4},"end":{"line":28,"column":4}}},"4":{"name":"updateProblemsAddress","line":30,"loc":{"start":{"line":30,"column":4},"end":{"line":32,"column":4}}},"5":{"name":"updateBodiesAddress","line":34,"loc":{"start":{"line":34,"column":4},"end":{"line":36,"column":4}}},"6":{"name":"updateSolverAddress","line":38,"loc":{"start":{"line":38,"column":4},"end":{"line":40,"column":4}}},"7":{"name":"allowance","line":42,"loc":{"start":{"line":42,"column":4},"end":{"line":50,"column":4}}},"8":{"name":"burn","line":52,"loc":{"start":{"line":52,"column":4},"end":{"line":54,"column":4}}},"9":{"name":"mint","line":56,"loc":{"start":{"line":56,"column":4},"end":{"line":58,"column":4}}}},"statementMap":{"1":{"start":{"line":13,"column":8},"end":{"line":13,"column":60}},"2":{"start":{"line":18,"column":8},"end":{"line":18,"column":60}},"3":{"start":{"line":26,"column":8},"end":{"line":26,"column":39}},"4":{"start":{"line":27,"column":8},"end":{"line":27,"column":35}},"5":{"start":{"line":46,"column":8},"end":{"line":46,"column":1171}},"6":{"start":{"line":47,"column":12},"end":{"line":47,"column":36}},"7":{"start":{"line":49,"column":8},"end":{"line":49,"column":46}},"8":{"start":{"line":53,"column":8},"end":{"line":53,"column":26}},"9":{"start":{"line":57,"column":8},"end":{"line":57,"column":24}}},"branchMap":{"1":{"line":13,"type":"if","locations":[{"start":{"line":13,"column":8},"end":{"line":13,"column":8}},{"start":{"line":13,"column":8},"end":{"line":13,"column":8}}]},"2":{"line":18,"type":"if","locations":[{"start":{"line":18,"column":8},"end":{"line":18,"column":8}},{"start":{"line":18,"column":8},"end":{"line":18,"column":8}}]},"3":{"line":30,"type":"if","locations":[{"start":{"line":30,"column":69},"end":{"line":30,"column":69}},{"start":{"line":30,"column":69},"end":{"line":30,"column":69}}]},"4":{"line":34,"type":"if","locations":[{"start":{"line":34,"column":57},"end":{"line":34,"column":57}},{"start":{"line":34,"column":57},"end":{"line":34,"column":57}}]},"5":{"line":38,"type":"if","locations":[{"start":{"line":38,"column":57},"end":{"line":38,"column":57}},{"start":{"line":38,"column":57},"end":{"line":38,"column":57}}]},"6":{"line":46,"type":"if","locations":[{"start":{"line":46,"column":8},"end":{"line":46,"column":8}},{"start":{"line":46,"column":8},"end":{"line":46,"column":8}}]},"7":{"line":46,"type":"cond-expr","locations":[{"start":{"line":46,"column":12},"end":{"line":46,"column":30}},{"start":{"line":46,"column":35},"end":{"line":46,"column":51}}]},"8":{"line":52,"type":"if","locations":[{"start":{"line":52,"column":55},"end":{"line":52,"column":55}},{"start":{"line":52,"column":55},"end":{"line":52,"column":55}}]},"9":{"line":56,"type":"if","locations":[{"start":{"line":56,"column":53},"end":{"line":56,"column":53}},{"start":{"line":56,"column":53},"end":{"line":56,"column":53}}]}}}}