{"contracts/Bodies.sol":{"l":{"36":148,"37":145,"47":153,"51":1,"57":3,"58":2,"62":155,"66":52,"71":151,"75":154,"76":154,"77":152,"78":152,"79":152,"83":23,"87":22,"88":19,"89":19,"90":19,"98":132,"99":132,"100":132,"101":132,"102":132,"103":132,"107":5,"108":4,"109":3,"110":2,"114":1,"115":1,"116":1,"120":11,"124":2},"path":"/Users/billy/GitHub/okwme/anybody-problem/contracts/Bodies.sol","s":{"1":148,"2":153,"3":1,"4":3,"5":151,"6":154,"7":154,"8":152,"9":152,"10":23,"11":22,"12":19,"13":132,"14":132,"15":132,"16":132,"17":5,"18":4,"19":3,"20":2,"21":1,"22":1,"23":11,"24":2},"b":{"1":[145,3],"2":[3,1],"3":[2,1],"4":[155,1],"5":[52,1],"6":[152,2],"7":[22,1],"8":[132,1],"9":[4,1],"10":[3,1],"11":[2,1],"12":[1,1],"13":[11,1],"14":[2,1]},"f":{"1":148,"2":153,"3":1,"4":3,"5":155,"6":52,"7":151,"8":154,"9":23,"10":132,"11":5,"12":11,"13":2},"fnMap":{"1":{"name":"onlyProblems","line":35,"loc":{"start":{"line":35,"column":4},"end":{"line":38,"column":4}}},"2":{"name":"constructor","line":46,"loc":{"start":{"line":46,"column":4},"end":{"line":48,"column":4}}},"3":{"name":null,"line":50,"loc":{"start":{"line":50,"column":4},"end":{"line":52,"column":4}}},"4":{"name":"updateTockPrice","line":56,"loc":{"start":{"line":56,"column":4},"end":{"line":59,"column":4}}},"5":{"name":"updateProblemsAddress","line":61,"loc":{"start":{"line":61,"column":4},"end":{"line":63,"column":4}}},"6":{"name":"updateTocksAddress","line":65,"loc":{"start":{"line":65,"column":4},"end":{"line":67,"column":4}}},"7":{"name":"generateSeed","line":69,"loc":{"start":{"line":69,"column":4},"end":{"line":72,"column":4}}},"8":{"name":"processPayment","line":74,"loc":{"start":{"line":74,"column":4},"end":{"line":80,"column":4}}},"9":{"name":"mint","line":82,"loc":{"start":{"line":82,"column":4},"end":{"line":91,"column":4}}},"10":{"name":"mintAndBurn","line":96,"loc":{"start":{"line":93,"column":4},"end":{"line":104,"column":4}}},"11":{"name":"upgrade","line":106,"loc":{"start":{"line":106,"column":4},"end":{"line":117,"column":4}}},"12":{"name":"burn","line":119,"loc":{"start":{"line":119,"column":4},"end":{"line":121,"column":4}}},"13":{"name":"problemMint","line":123,"loc":{"start":{"line":123,"column":4},"end":{"line":125,"column":4}}}},"statementMap":{"1":{"start":{"line":36,"column":8},"end":{"line":36,"column":64}},"2":{"start":{"line":47,"column":8},"end":{"line":47,"column":39}},"3":{"start":{"line":51,"column":8},"end":{"line":51,"column":37}},"4":{"start":{"line":57,"column":8},"end":{"line":57,"column":43}},"5":{"start":{"line":71,"column":8},"end":{"line":71,"column":51}},"6":{"start":{"line":75,"column":8},"end":{"line":75,"column":65}},"7":{"start":{"line":76,"column":8},"end":{"line":76,"column":74}},"8":{"start":{"line":77,"column":8},"end":{"line":77,"column":70}},"9":{"start":{"line":79,"column":8},"end":{"line":79,"column":44}},"10":{"start":{"line":83,"column":8},"end":{"line":83,"column":2476}},"11":{"start":{"line":87,"column":8},"end":{"line":87,"column":44}},"12":{"start":{"line":90,"column":8},"end":{"line":90,"column":33}},"13":{"start":{"line":98,"column":8},"end":{"line":98,"column":39}},"14":{"start":{"line":101,"column":8},"end":{"line":101,"column":49}},"15":{"start":{"line":102,"column":8},"end":{"line":102,"column":49}},"16":{"start":{"line":103,"column":8},"end":{"line":103,"column":22}},"17":{"start":{"line":107,"column":8},"end":{"line":107,"column":77}},"18":{"start":{"line":108,"column":8},"end":{"line":108,"column":71}},"19":{"start":{"line":109,"column":8},"end":{"line":109,"column":56}},"20":{"start":{"line":110,"column":8},"end":{"line":110,"column":3494}},"21":{"start":{"line":114,"column":8},"end":{"line":114,"column":24}},"22":{"start":{"line":116,"column":8},"end":{"line":116,"column":70}},"23":{"start":{"line":120,"column":8},"end":{"line":120,"column":20}},"24":{"start":{"line":124,"column":8},"end":{"line":124,"column":27}}},"branchMap":{"1":{"line":36,"type":"if","locations":[{"start":{"line":36,"column":8},"end":{"line":36,"column":8}},{"start":{"line":36,"column":8},"end":{"line":36,"column":8}}]},"2":{"line":56,"type":"if","locations":[{"start":{"line":56,"column":66},"end":{"line":56,"column":66}},{"start":{"line":56,"column":66},"end":{"line":56,"column":66}}]},"3":{"line":57,"type":"if","locations":[{"start":{"line":57,"column":8},"end":{"line":57,"column":8}},{"start":{"line":57,"column":8},"end":{"line":57,"column":8}}]},"4":{"line":61,"type":"if","locations":[{"start":{"line":61,"column":69},"end":{"line":61,"column":69}},{"start":{"line":61,"column":69},"end":{"line":61,"column":69}}]},"5":{"line":65,"type":"if","locations":[{"start":{"line":65,"column":55},"end":{"line":65,"column":55}},{"start":{"line":65,"column":55},"end":{"line":65,"column":55}}]},"6":{"line":76,"type":"if","locations":[{"start":{"line":76,"column":8},"end":{"line":76,"column":8}},{"start":{"line":76,"column":8},"end":{"line":76,"column":8}}]},"7":{"line":83,"type":"if","locations":[{"start":{"line":83,"column":8},"end":{"line":83,"column":8}},{"start":{"line":83,"column":8},"end":{"line":83,"column":8}}]},"8":{"line":96,"type":"if","locations":[{"start":{"line":96,"column":13},"end":{"line":96,"column":13}},{"start":{"line":96,"column":13},"end":{"line":96,"column":13}}]},"9":{"line":107,"type":"if","locations":[{"start":{"line":107,"column":8},"end":{"line":107,"column":8}},{"start":{"line":107,"column":8},"end":{"line":107,"column":8}}]},"10":{"line":108,"type":"if","locations":[{"start":{"line":108,"column":8},"end":{"line":108,"column":8}},{"start":{"line":108,"column":8},"end":{"line":108,"column":8}}]},"11":{"line":109,"type":"if","locations":[{"start":{"line":109,"column":8},"end":{"line":109,"column":8}},{"start":{"line":109,"column":8},"end":{"line":109,"column":8}}]},"12":{"line":110,"type":"if","locations":[{"start":{"line":110,"column":8},"end":{"line":110,"column":8}},{"start":{"line":110,"column":8},"end":{"line":110,"column":8}}]},"13":{"line":119,"type":"if","locations":[{"start":{"line":119,"column":41},"end":{"line":119,"column":41}},{"start":{"line":119,"column":41},"end":{"line":119,"column":41}}]},"14":{"line":123,"type":"if","locations":[{"start":{"line":123,"column":63},"end":{"line":123,"column":63}},{"start":{"line":123,"column":63},"end":{"line":123,"column":63}}]}}},"contracts/Metadata.sol":{"l":{"20":0,"27":0},"path":"/Users/billy/GitHub/okwme/anybody-problem/contracts/Metadata.sol","s":{"1":0},"b":{"1":[0,0]},"f":{"1":153,"2":0,"3":0},"fnMap":{"1":{"name":"constructor","line":13,"loc":{"start":{"line":13,"column":4},"end":{"line":13,"column":19}}},"2":{"name":"setbaseURI","line":19,"loc":{"start":{"line":19,"column":4},"end":{"line":21,"column":4}}},"3":{"name":"getMetadata","line":26,"loc":{"start":{"line":26,"column":4},"end":{"line":31,"column":4}}}},"statementMap":{"1":{"start":{"line":27,"column":8},"end":{"line":27,"column":780}}},"branchMap":{"1":{"line":19,"type":"if","locations":[{"start":{"line":19,"column":55},"end":{"line":19,"column":55}},{"start":{"line":19,"column":55},"end":{"line":19,"column":55}}]}}},"contracts/Problems.sol":{"l":{"78":69,"79":65,"83":49,"84":47,"85":47,"86":47,"87":47,"103":159,"104":159,"105":159,"106":159,"107":1230,"108":1230,"109":1230,"114":16,"120":0,"124":2,"128":30,"132":28,"140":1,"144":53,"148":1,"152":52,"156":2,"161":41,"165":44,"169":45,"170":42,"171":42,"173":40,"174":40,"175":40,"179":1,"183":41,"184":41,"186":41,"187":123,"191":123,"193":41,"194":41,"198":9,"199":9,"200":9,"204":8,"205":8,"206":8,"210":11,"211":11,"212":11,"213":11,"217":10,"218":10,"219":10,"223":1,"224":1,"225":1,"229":1,"230":1,"236":1,"237":1,"238":1,"242":1,"249":1,"250":9,"252":1,"253":1,"262":141,"263":141,"264":141,"265":141,"266":141,"267":141,"268":141,"269":141,"270":141,"271":141,"293":141,"294":141,"296":141,"297":141,"298":141,"299":141,"301":141,"305":141,"306":141,"307":141,"308":141,"309":141,"310":141,"311":141,"312":141,"314":141,"322":282,"328":27,"335":166,"342":1,"349":1,"356":11,"364":52,"373":1,"374":1,"375":1},"path":"/Users/billy/GitHub/okwme/anybody-problem/contracts/Problems.sol","s":{"1":69,"2":49,"3":47,"4":47,"5":47,"6":159,"7":159,"8":1230,"9":1230,"10":0,"11":41,"12":44,"13":45,"14":42,"15":42,"16":40,"17":40,"18":40,"19":1,"20":41,"21":41,"22":123,"23":123,"24":9,"25":9,"26":9,"27":8,"28":8,"29":8,"30":11,"31":11,"32":11,"33":11,"34":10,"35":10,"36":10,"37":1,"38":1,"39":1,"40":1,"41":1,"42":1,"43":1,"44":1,"45":141,"46":141,"47":141,"48":141,"49":141,"50":141,"51":141,"52":141,"53":141,"54":141,"55":141,"56":282,"57":27,"58":166,"59":1,"60":1,"61":1},"b":{"1":[65,4],"2":[47,2],"3":[47,0],"4":[47,0],"5":[47,0],"6":[159,0],"7":[1230,0],"8":[1230,0],"9":[2,1],"10":[30,1],"11":[28,1],"12":[1,1],"13":[53,1],"14":[1,1],"15":[52,1],"16":[2,1],"17":[45,1],"18":[42,3],"19":[42,0],"20":[40,2],"21":[2,1],"22":[1,1],"23":[9,0],"24":[9,0],"25":[8,1],"26":[11,0],"27":[11,0],"28":[11,0],"29":[10,1],"30":[1,0],"31":[1,0],"32":[1,0],"33":[1,1],"34":[1,1],"35":[11,1],"36":[52,1],"37":[1,1]},"f":{"1":69,"2":49,"3":159,"4":0,"5":2,"6":30,"7":28,"8":1,"9":53,"10":1,"11":52,"12":2,"13":41,"14":44,"15":45,"16":1,"17":41,"18":9,"19":11,"20":1,"21":1,"22":141,"23":141,"24":282,"25":27,"26":166,"27":1,"28":1,"29":11,"30":52,"31":1},"fnMap":{"1":{"name":"onlySolver","line":77,"loc":{"start":{"line":77,"column":4},"end":{"line":80,"column":4}}},"2":{"name":"initialized","line":82,"loc":{"start":{"line":82,"column":4},"end":{"line":88,"column":4}}},"3":{"name":"constructor","line":102,"loc":{"start":{"line":97,"column":4},"end":{"line":111,"column":4}}},"4":{"name":"tokenURI","line":117,"loc":{"start":{"line":117,"column":4},"end":{"line":121,"column":4}}},"5":{"name":"updatePrice","line":123,"loc":{"start":{"line":123,"column":4},"end":{"line":125,"column":4}}},"6":{"name":"updatePaused","line":127,"loc":{"start":{"line":127,"column":4},"end":{"line":129,"column":4}}},"7":{"name":"updateStartDate","line":131,"loc":{"start":{"line":131,"column":4},"end":{"line":133,"column":4}}},"8":{"name":"updateVerifier","line":139,"loc":{"start":{"line":135,"column":4},"end":{"line":141,"column":4}}},"9":{"name":"updateSolverAddress","line":143,"loc":{"start":{"line":143,"column":4},"end":{"line":145,"column":4}}},"10":{"name":"updateMetadataAddress","line":147,"loc":{"start":{"line":147,"column":4},"end":{"line":149,"column":4}}},"11":{"name":"updateBodiesAddress","line":151,"loc":{"start":{"line":151,"column":4},"end":{"line":153,"column":4}}},"12":{"name":"updateWalletAddress","line":155,"loc":{"start":{"line":155,"column":4},"end":{"line":157,"column":4}}},"13":{"name":"generateSeed","line":159,"loc":{"start":{"line":159,"column":4},"end":{"line":162,"column":4}}},"14":{"name":"mint","line":164,"loc":{"start":{"line":164,"column":4},"end":{"line":166,"column":4}}},"15":{"name":"mint","line":168,"loc":{"start":{"line":168,"column":4},"end":{"line":176,"column":4}}},"16":{"name":"adminMint","line":178,"loc":{"start":{"line":178,"column":4},"end":{"line":180,"column":4}}},"17":{"name":"_internalMint","line":182,"loc":{"start":{"line":182,"column":4},"end":{"line":195,"column":4}}},"18":{"name":"mintBody","line":197,"loc":{"start":{"line":197,"column":4},"end":{"line":207,"column":4}}},"19":{"name":"addBody","line":209,"loc":{"start":{"line":209,"column":4},"end":{"line":220,"column":4}}},"20":{"name":"removeBody","line":222,"loc":{"start":{"line":222,"column":4},"end":{"line":243,"column":4}}},"21":{"name":"_removeElement","line":245,"loc":{"start":{"line":245,"column":4},"end":{"line":254,"column":4}}},"22":{"name":"_addBody","line":256,"loc":{"start":{"line":256,"column":4},"end":{"line":281,"column":4}}},"23":{"name":"getRandomValues","line":287,"loc":{"start":{"line":287,"column":4},"end":{"line":315,"column":4}}},"24":{"name":"randomRange","line":317,"loc":{"start":{"line":317,"column":4},"end":{"line":323,"column":4}}},"25":{"name":"getProblemBodyIds","line":325,"loc":{"start":{"line":325,"column":4},"end":{"line":329,"column":4}}},"26":{"name":"getProblemBodyData","line":331,"loc":{"start":{"line":331,"column":4},"end":{"line":336,"column":4}}},"27":{"name":"updateProblemBodyCount","line":341,"loc":{"start":{"line":338,"column":4},"end":{"line":343,"column":4}}},"28":{"name":"updateProblemBodyIds","line":348,"loc":{"start":{"line":345,"column":4},"end":{"line":350,"column":4}}},"29":{"name":"updateProblemTickCount","line":355,"loc":{"start":{"line":352,"column":4},"end":{"line":357,"column":4}}},"30":{"name":"updateProblemBody","line":363,"loc":{"start":{"line":359,"column":4},"end":{"line":365,"column":4}}},"31":{"name":"recoverUnsuccessfulMintPayment","line":372,"loc":{"start":{"line":370,"column":4},"end":{"line":376,"column":4}}}},"statementMap":{"1":{"start":{"line":78,"column":8},"end":{"line":78,"column":60}},"2":{"start":{"line":83,"column":8},"end":{"line":83,"column":55}},"3":{"start":{"line":84,"column":8},"end":{"line":84,"column":55}},"4":{"start":{"line":85,"column":8},"end":{"line":85,"column":57}},"5":{"start":{"line":86,"column":8},"end":{"line":86,"column":55}},"6":{"start":{"line":103,"column":8},"end":{"line":103,"column":59}},"7":{"start":{"line":106,"column":8},"end":{"line":106,"column":2782}},"8":{"start":{"line":107,"column":12},"end":{"line":107,"column":67}},"9":{"start":{"line":108,"column":12},"end":{"line":108,"column":67}},"10":{"start":{"line":120,"column":8},"end":{"line":120,"column":49}},"11":{"start":{"line":161,"column":8},"end":{"line":161,"column":51}},"12":{"start":{"line":165,"column":8},"end":{"line":165,"column":23}},"13":{"start":{"line":169,"column":8},"end":{"line":169,"column":33}},"14":{"start":{"line":170,"column":8},"end":{"line":170,"column":59}},"15":{"start":{"line":171,"column":8},"end":{"line":171,"column":51}},"16":{"start":{"line":173,"column":8},"end":{"line":173,"column":74}},"17":{"start":{"line":174,"column":8},"end":{"line":174,"column":52}},"18":{"start":{"line":175,"column":8},"end":{"line":175,"column":31}},"19":{"start":{"line":179,"column":8},"end":{"line":179,"column":31}},"20":{"start":{"line":184,"column":8},"end":{"line":184,"column":38}},"21":{"start":{"line":186,"column":8},"end":{"line":186,"column":5194}},"22":{"start":{"line":187,"column":12},"end":{"line":187,"column":5245}},"23":{"start":{"line":191,"column":12},"end":{"line":191,"column":48}},"24":{"start":{"line":198,"column":8},"end":{"line":198,"column":33}},"25":{"start":{"line":199,"column":8},"end":{"line":199,"column":69}},"26":{"start":{"line":200,"column":8},"end":{"line":200,"column":5706}},"27":{"start":{"line":204,"column":8},"end":{"line":204,"column":74}},"28":{"start":{"line":205,"column":8},"end":{"line":205,"column":49}},"29":{"start":{"line":206,"column":8},"end":{"line":206,"column":40}},"30":{"start":{"line":210,"column":8},"end":{"line":210,"column":33}},"31":{"start":{"line":211,"column":8},"end":{"line":211,"column":69}},"32":{"start":{"line":212,"column":8},"end":{"line":212,"column":78}},"33":{"start":{"line":213,"column":8},"end":{"line":213,"column":6259}},"34":{"start":{"line":217,"column":8},"end":{"line":217,"column":34}},"35":{"start":{"line":218,"column":8},"end":{"line":218,"column":49}},"36":{"start":{"line":219,"column":8},"end":{"line":219,"column":40}},"37":{"start":{"line":223,"column":8},"end":{"line":223,"column":33}},"38":{"start":{"line":224,"column":8},"end":{"line":224,"column":69}},"39":{"start":{"line":225,"column":8},"end":{"line":225,"column":6695}},"40":{"start":{"line":229,"column":8},"end":{"line":229,"column":53}},"41":{"start":{"line":230,"column":8},"end":{"line":230,"column":6872}},"42":{"start":{"line":236,"column":8},"end":{"line":236,"column":74}},"43":{"start":{"line":249,"column":8},"end":{"line":249,"column":7472}},"44":{"start":{"line":253,"column":8},"end":{"line":253,"column":20}},"45":{"start":{"line":262,"column":8},"end":{"line":262,"column":55}},"46":{"start":{"line":263,"column":8},"end":{"line":263,"column":57}},"47":{"start":{"line":264,"column":8},"end":{"line":264,"column":57}},"48":{"start":{"line":265,"column":8},"end":{"line":265,"column":28}},"49":{"start":{"line":271,"column":8},"end":{"line":271,"column":8291}},"50":{"start":{"line":293,"column":8},"end":{"line":293,"column":24}},"51":{"start":{"line":296,"column":8},"end":{"line":296,"column":59}},"52":{"start":{"line":297,"column":8},"end":{"line":297,"column":53}},"53":{"start":{"line":299,"column":8},"end":{"line":299,"column":53}},"54":{"start":{"line":301,"column":8},"end":{"line":301,"column":51}},"55":{"start":{"line":314,"column":8},"end":{"line":314,"column":19}},"56":{"start":{"line":322,"column":8},"end":{"line":322,"column":50}},"57":{"start":{"line":328,"column":8},"end":{"line":328,"column":42}},"58":{"start":{"line":335,"column":8},"end":{"line":335,"column":51}},"59":{"start":{"line":373,"column":8},"end":{"line":373,"column":46}},"60":{"start":{"line":374,"column":8},"end":{"line":374,"column":68}},"61":{"start":{"line":375,"column":8},"end":{"line":375,"column":46}}},"branchMap":{"1":{"line":78,"type":"if","locations":[{"start":{"line":78,"column":8},"end":{"line":78,"column":8}},{"start":{"line":78,"column":8},"end":{"line":78,"column":8}}]},"2":{"line":83,"type":"if","locations":[{"start":{"line":83,"column":8},"end":{"line":83,"column":8}},{"start":{"line":83,"column":8},"end":{"line":83,"column":8}}]},"3":{"line":84,"type":"if","locations":[{"start":{"line":84,"column":8},"end":{"line":84,"column":8}},{"start":{"line":84,"column":8},"end":{"line":84,"column":8}}]},"4":{"line":85,"type":"if","locations":[{"start":{"line":85,"column":8},"end":{"line":85,"column":8}},{"start":{"line":85,"column":8},"end":{"line":85,"column":8}}]},"5":{"line":86,"type":"if","locations":[{"start":{"line":86,"column":8},"end":{"line":86,"column":8}},{"start":{"line":86,"column":8},"end":{"line":86,"column":8}}]},"6":{"line":103,"type":"if","locations":[{"start":{"line":103,"column":8},"end":{"line":103,"column":8}},{"start":{"line":103,"column":8},"end":{"line":103,"column":8}}]},"7":{"line":107,"type":"if","locations":[{"start":{"line":107,"column":12},"end":{"line":107,"column":12}},{"start":{"line":107,"column":12},"end":{"line":107,"column":12}}]},"8":{"line":108,"type":"if","locations":[{"start":{"line":108,"column":12},"end":{"line":108,"column":12}},{"start":{"line":108,"column":12},"end":{"line":108,"column":12}}]},"9":{"line":123,"type":"if","locations":[{"start":{"line":123,"column":48},"end":{"line":123,"column":48}},{"start":{"line":123,"column":48},"end":{"line":123,"column":48}}]},"10":{"line":127,"type":"if","locations":[{"start":{"line":127,"column":47},"end":{"line":127,"column":47}},{"start":{"line":127,"column":47},"end":{"line":127,"column":47}}]},"11":{"line":131,"type":"if","locations":[{"start":{"line":131,"column":56},"end":{"line":131,"column":56}},{"start":{"line":131,"column":56},"end":{"line":131,"column":56}}]},"12":{"line":139,"type":"if","locations":[{"start":{"line":139,"column":13},"end":{"line":139,"column":13}},{"start":{"line":139,"column":13},"end":{"line":139,"column":13}}]},"13":{"line":143,"type":"if","locations":[{"start":{"line":143,"column":57},"end":{"line":143,"column":57}},{"start":{"line":143,"column":57},"end":{"line":143,"column":57}}]},"14":{"line":147,"type":"if","locations":[{"start":{"line":147,"column":61},"end":{"line":147,"column":61}},{"start":{"line":147,"column":61},"end":{"line":147,"column":61}}]},"15":{"line":151,"type":"if","locations":[{"start":{"line":151,"column":57},"end":{"line":151,"column":57}},{"start":{"line":151,"column":57},"end":{"line":151,"column":57}}]},"16":{"line":155,"type":"if","locations":[{"start":{"line":155,"column":57},"end":{"line":155,"column":57}},{"start":{"line":155,"column":57},"end":{"line":155,"column":57}}]},"17":{"line":168,"type":"if","locations":[{"start":{"line":168,"column":52},"end":{"line":168,"column":52}},{"start":{"line":168,"column":52},"end":{"line":168,"column":52}}]},"18":{"line":169,"type":"if","locations":[{"start":{"line":169,"column":8},"end":{"line":169,"column":8}},{"start":{"line":169,"column":8},"end":{"line":169,"column":8}}]},"19":{"line":170,"type":"if","locations":[{"start":{"line":170,"column":8},"end":{"line":170,"column":8}},{"start":{"line":170,"column":8},"end":{"line":170,"column":8}}]},"20":{"line":171,"type":"if","locations":[{"start":{"line":171,"column":8},"end":{"line":171,"column":8}},{"start":{"line":171,"column":8},"end":{"line":171,"column":8}}]},"21":{"line":178,"type":"if","locations":[{"start":{"line":178,"column":49},"end":{"line":178,"column":49}},{"start":{"line":178,"column":49},"end":{"line":178,"column":49}}]},"22":{"line":178,"type":"if","locations":[{"start":{"line":178,"column":61},"end":{"line":178,"column":61}},{"start":{"line":178,"column":61},"end":{"line":178,"column":61}}]},"23":{"line":198,"type":"if","locations":[{"start":{"line":198,"column":8},"end":{"line":198,"column":8}},{"start":{"line":198,"column":8},"end":{"line":198,"column":8}}]},"24":{"line":199,"type":"if","locations":[{"start":{"line":199,"column":8},"end":{"line":199,"column":8}},{"start":{"line":199,"column":8},"end":{"line":199,"column":8}}]},"25":{"line":200,"type":"if","locations":[{"start":{"line":200,"column":8},"end":{"line":200,"column":8}},{"start":{"line":200,"column":8},"end":{"line":200,"column":8}}]},"26":{"line":210,"type":"if","locations":[{"start":{"line":210,"column":8},"end":{"line":210,"column":8}},{"start":{"line":210,"column":8},"end":{"line":210,"column":8}}]},"27":{"line":211,"type":"if","locations":[{"start":{"line":211,"column":8},"end":{"line":211,"column":8}},{"start":{"line":211,"column":8},"end":{"line":211,"column":8}}]},"28":{"line":212,"type":"if","locations":[{"start":{"line":212,"column":8},"end":{"line":212,"column":8}},{"start":{"line":212,"column":8},"end":{"line":212,"column":8}}]},"29":{"line":213,"type":"if","locations":[{"start":{"line":213,"column":8},"end":{"line":213,"column":8}},{"start":{"line":213,"column":8},"end":{"line":213,"column":8}}]},"30":{"line":223,"type":"if","locations":[{"start":{"line":223,"column":8},"end":{"line":223,"column":8}},{"start":{"line":223,"column":8},"end":{"line":223,"column":8}}]},"31":{"line":224,"type":"if","locations":[{"start":{"line":224,"column":8},"end":{"line":224,"column":8}},{"start":{"line":224,"column":8},"end":{"line":224,"column":8}}]},"32":{"line":225,"type":"if","locations":[{"start":{"line":225,"column":8},"end":{"line":225,"column":8}},{"start":{"line":225,"column":8},"end":{"line":225,"column":8}}]},"33":{"line":341,"type":"if","locations":[{"start":{"line":341,"column":13},"end":{"line":341,"column":13}},{"start":{"line":341,"column":13},"end":{"line":341,"column":13}}]},"34":{"line":348,"type":"if","locations":[{"start":{"line":348,"column":13},"end":{"line":348,"column":13}},{"start":{"line":348,"column":13},"end":{"line":348,"column":13}}]},"35":{"line":355,"type":"if","locations":[{"start":{"line":355,"column":13},"end":{"line":355,"column":13}},{"start":{"line":355,"column":13},"end":{"line":355,"column":13}}]},"36":{"line":363,"type":"if","locations":[{"start":{"line":363,"column":13},"end":{"line":363,"column":13}},{"start":{"line":363,"column":13},"end":{"line":363,"column":13}}]},"37":{"line":372,"type":"if","locations":[{"start":{"line":372,"column":13},"end":{"line":372,"column":13}},{"start":{"line":372,"column":13},"end":{"line":372,"column":13}}]}}},"contracts/Solver.sol":{"l":{"44":153,"45":153,"49":1,"53":1,"57":1,"68":10,"70":10,"72":10,"73":10,"74":10,"79":10,"80":4,"90":1,"100":1,"110":1,"120":1,"130":1,"140":1,"150":0,"160":0,"162":10,"166":10,"171":10,"174":10,"175":10,"176":51,"187":51,"192":51,"197":51,"202":51,"211":51,"216":51,"228":51,"233":51,"238":51,"243":51,"244":51,"250":10,"256":4,"257":4,"258":120,"260":4,"266":1,"267":1,"268":40,"270":1,"276":1,"277":1,"278":50,"280":1,"286":1,"287":1,"288":60,"290":1,"296":1,"297":1,"298":70,"300":1,"306":1,"307":1,"308":80,"310":1,"316":1,"317":1,"318":90,"320":1,"326":0,"327":0,"328":0,"330":0},"path":"/Users/billy/GitHub/okwme/anybody-problem/contracts/Solver.sol","s":{"1":1,"2":10,"3":10,"4":10,"5":10,"6":10,"7":10,"8":4,"9":6,"10":1,"11":5,"12":1,"13":4,"14":1,"15":3,"16":1,"17":2,"18":1,"19":1,"20":1,"21":0,"22":0,"23":0,"24":10,"25":10,"26":10,"27":10,"28":10,"29":51,"30":51,"31":51,"32":51,"33":51,"34":51,"35":10,"36":4,"37":4,"38":4,"39":1,"40":1,"41":1,"42":1,"43":1,"44":1,"45":1,"46":1,"47":1,"48":1,"49":1,"50":1,"51":1,"52":1,"53":1,"54":1,"55":1,"56":1,"57":0,"58":0,"59":0},"b":{"1":[1,1],"2":[1,1],"3":[10,0],"4":[4,6],"5":[4,0],"6":[1,5],"7":[1,0],"8":[1,4],"9":[1,0],"10":[1,3],"11":[1,0],"12":[1,2],"13":[1,0],"14":[1,1],"15":[1,0],"16":[1,0],"17":[1,0],"18":[0,0],"19":[0,0],"20":[51,0],"21":[51,0],"22":[51,0],"23":[51,0],"24":[51,0]},"f":{"1":153,"2":1,"3":1,"4":1,"5":10,"6":4,"7":1,"8":1,"9":1,"10":1,"11":1,"12":1,"13":0},"fnMap":{"1":{"name":"constructor","line":43,"loc":{"start":{"line":43,"column":4},"end":{"line":46,"column":4}}},"2":{"name":null,"line":48,"loc":{"start":{"line":48,"column":4},"end":{"line":50,"column":4}}},"3":{"name":"updateProblemsAddress","line":52,"loc":{"start":{"line":52,"column":4},"end":{"line":54,"column":4}}},"4":{"name":"updateTocksAddress","line":56,"loc":{"start":{"line":56,"column":4},"end":{"line":58,"column":4}}},"5":{"name":"solveProblem","line":60,"loc":{"start":{"line":60,"column":4},"end":{"line":251,"column":4}}},"6":{"name":"convertTo30","line":253,"loc":{"start":{"line":253,"column":4},"end":{"line":261,"column":4}}},"7":{"name":"convertTo40","line":263,"loc":{"start":{"line":263,"column":4},"end":{"line":271,"column":4}}},"8":{"name":"convertTo50","line":273,"loc":{"start":{"line":273,"column":4},"end":{"line":281,"column":4}}},"9":{"name":"convertTo60","line":283,"loc":{"start":{"line":283,"column":4},"end":{"line":291,"column":4}}},"10":{"name":"convertTo70","line":293,"loc":{"start":{"line":293,"column":4},"end":{"line":301,"column":4}}},"11":{"name":"convertTo80","line":303,"loc":{"start":{"line":303,"column":4},"end":{"line":311,"column":4}}},"12":{"name":"convertTo90","line":313,"loc":{"start":{"line":313,"column":4},"end":{"line":321,"column":4}}},"13":{"name":"convertTo100","line":323,"loc":{"start":{"line":323,"column":4},"end":{"line":331,"column":4}}}},"statementMap":{"1":{"start":{"line":49,"column":8},"end":{"line":49,"column":37}},"2":{"start":{"line":68,"column":8},"end":{"line":68,"column":1964}},"3":{"start":{"line":70,"column":8},"end":{"line":70,"column":42}},"4":{"start":{"line":72,"column":8},"end":{"line":72,"column":55}},"5":{"start":{"line":73,"column":8},"end":{"line":73,"column":70}},"6":{"start":{"line":74,"column":8},"end":{"line":74,"column":2230}},"7":{"start":{"line":79,"column":8},"end":{"line":79,"column":2348}},"8":{"start":{"line":80,"column":12},"end":{"line":80,"column":2391}},"9":{"start":{"line":89,"column":15},"end":{"line":89,"column":2648}},"10":{"start":{"line":90,"column":12},"end":{"line":90,"column":2691}},"11":{"start":{"line":99,"column":15},"end":{"line":99,"column":2948}},"12":{"start":{"line":100,"column":12},"end":{"line":100,"column":2991}},"13":{"start":{"line":109,"column":15},"end":{"line":109,"column":3248}},"14":{"start":{"line":110,"column":12},"end":{"line":110,"column":3291}},"15":{"start":{"line":119,"column":15},"end":{"line":119,"column":3548}},"16":{"start":{"line":120,"column":12},"end":{"line":120,"column":3591}},"17":{"start":{"line":129,"column":15},"end":{"line":129,"column":3848}},"18":{"start":{"line":130,"column":12},"end":{"line":130,"column":3891}},"19":{"start":{"line":139,"column":15},"end":{"line":139,"column":4148}},"20":{"start":{"line":140,"column":12},"end":{"line":140,"column":4191}},"21":{"start":{"line":149,"column":15},"end":{"line":149,"column":4448}},"22":{"start":{"line":150,"column":12},"end":{"line":150,"column":4492}},"23":{"start":{"line":160,"column":12},"end":{"line":160,"column":45}},"24":{"start":{"line":162,"column":8},"end":{"line":162,"column":4821}},"25":{"start":{"line":166,"column":8},"end":{"line":166,"column":4929}},"26":{"start":{"line":171,"column":8},"end":{"line":171,"column":70}},"27":{"start":{"line":174,"column":8},"end":{"line":174,"column":37}},"28":{"start":{"line":175,"column":8},"end":{"line":175,"column":5201}},"29":{"start":{"line":187,"column":12},"end":{"line":187,"column":5701}},"30":{"start":{"line":197,"column":12},"end":{"line":197,"column":6088}},"31":{"start":{"line":211,"column":12},"end":{"line":211,"column":6663}},"32":{"start":{"line":228,"column":12},"end":{"line":228,"column":7375}},"33":{"start":{"line":238,"column":12},"end":{"line":238,"column":7768}},"34":{"start":{"line":244,"column":12},"end":{"line":244,"column":7995}},"35":{"start":{"line":250,"column":8},"end":{"line":250,"column":60}},"36":{"start":{"line":256,"column":8},"end":{"line":256,"column":30}},"37":{"start":{"line":257,"column":8},"end":{"line":257,"column":8345}},"38":{"start":{"line":260,"column":8},"end":{"line":260,"column":21}},"39":{"start":{"line":266,"column":8},"end":{"line":266,"column":30}},"40":{"start":{"line":267,"column":8},"end":{"line":267,"column":8596}},"41":{"start":{"line":270,"column":8},"end":{"line":270,"column":21}},"42":{"start":{"line":276,"column":8},"end":{"line":276,"column":30}},"43":{"start":{"line":277,"column":8},"end":{"line":277,"column":8847}},"44":{"start":{"line":280,"column":8},"end":{"line":280,"column":21}},"45":{"start":{"line":286,"column":8},"end":{"line":286,"column":30}},"46":{"start":{"line":287,"column":8},"end":{"line":287,"column":9098}},"47":{"start":{"line":290,"column":8},"end":{"line":290,"column":21}},"48":{"start":{"line":296,"column":8},"end":{"line":296,"column":30}},"49":{"start":{"line":297,"column":8},"end":{"line":297,"column":9349}},"50":{"start":{"line":300,"column":8},"end":{"line":300,"column":21}},"51":{"start":{"line":306,"column":8},"end":{"line":306,"column":30}},"52":{"start":{"line":307,"column":8},"end":{"line":307,"column":9600}},"53":{"start":{"line":310,"column":8},"end":{"line":310,"column":21}},"54":{"start":{"line":316,"column":8},"end":{"line":316,"column":30}},"55":{"start":{"line":317,"column":8},"end":{"line":317,"column":9851}},"56":{"start":{"line":320,"column":8},"end":{"line":320,"column":21}},"57":{"start":{"line":326,"column":8},"end":{"line":326,"column":31}},"58":{"start":{"line":327,"column":8},"end":{"line":327,"column":10105}},"59":{"start":{"line":330,"column":8},"end":{"line":330,"column":21}}},"branchMap":{"1":{"line":52,"type":"if","locations":[{"start":{"line":52,"column":69},"end":{"line":52,"column":69}},{"start":{"line":52,"column":69},"end":{"line":52,"column":69}}]},"2":{"line":56,"type":"if","locations":[{"start":{"line":56,"column":55},"end":{"line":56,"column":55}},{"start":{"line":56,"column":55},"end":{"line":56,"column":55}}]},"3":{"line":73,"type":"if","locations":[{"start":{"line":73,"column":8},"end":{"line":73,"column":8}},{"start":{"line":73,"column":8},"end":{"line":73,"column":8}}]},"4":{"line":79,"type":"if","locations":[{"start":{"line":79,"column":8},"end":{"line":79,"column":8}},{"start":{"line":79,"column":8},"end":{"line":79,"column":8}}]},"5":{"line":80,"type":"if","locations":[{"start":{"line":80,"column":12},"end":{"line":80,"column":12}},{"start":{"line":80,"column":12},"end":{"line":80,"column":12}}]},"6":{"line":89,"type":"if","locations":[{"start":{"line":89,"column":15},"end":{"line":89,"column":15}},{"start":{"line":89,"column":15},"end":{"line":89,"column":15}}]},"7":{"line":90,"type":"if","locations":[{"start":{"line":90,"column":12},"end":{"line":90,"column":12}},{"start":{"line":90,"column":12},"end":{"line":90,"column":12}}]},"8":{"line":99,"type":"if","locations":[{"start":{"line":99,"column":15},"end":{"line":99,"column":15}},{"start":{"line":99,"column":15},"end":{"line":99,"column":15}}]},"9":{"line":100,"type":"if","locations":[{"start":{"line":100,"column":12},"end":{"line":100,"column":12}},{"start":{"line":100,"column":12},"end":{"line":100,"column":12}}]},"10":{"line":109,"type":"if","locations":[{"start":{"line":109,"column":15},"end":{"line":109,"column":15}},{"start":{"line":109,"column":15},"end":{"line":109,"column":15}}]},"11":{"line":110,"type":"if","locations":[{"start":{"line":110,"column":12},"end":{"line":110,"column":12}},{"start":{"line":110,"column":12},"end":{"line":110,"column":12}}]},"12":{"line":119,"type":"if","locations":[{"start":{"line":119,"column":15},"end":{"line":119,"column":15}},{"start":{"line":119,"column":15},"end":{"line":119,"column":15}}]},"13":{"line":120,"type":"if","locations":[{"start":{"line":120,"column":12},"end":{"line":120,"column":12}},{"start":{"line":120,"column":12},"end":{"line":120,"column":12}}]},"14":{"line":129,"type":"if","locations":[{"start":{"line":129,"column":15},"end":{"line":129,"column":15}},{"start":{"line":129,"column":15},"end":{"line":129,"column":15}}]},"15":{"line":130,"type":"if","locations":[{"start":{"line":130,"column":12},"end":{"line":130,"column":12}},{"start":{"line":130,"column":12},"end":{"line":130,"column":12}}]},"16":{"line":139,"type":"if","locations":[{"start":{"line":139,"column":15},"end":{"line":139,"column":15}},{"start":{"line":139,"column":15},"end":{"line":139,"column":15}}]},"17":{"line":140,"type":"if","locations":[{"start":{"line":140,"column":12},"end":{"line":140,"column":12}},{"start":{"line":140,"column":12},"end":{"line":140,"column":12}}]},"18":{"line":149,"type":"if","locations":[{"start":{"line":149,"column":15},"end":{"line":149,"column":15}},{"start":{"line":149,"column":15},"end":{"line":149,"column":15}}]},"19":{"line":150,"type":"if","locations":[{"start":{"line":150,"column":12},"end":{"line":150,"column":12}},{"start":{"line":150,"column":12},"end":{"line":150,"column":12}}]},"20":{"line":187,"type":"if","locations":[{"start":{"line":187,"column":12},"end":{"line":187,"column":12}},{"start":{"line":187,"column":12},"end":{"line":187,"column":12}}]},"21":{"line":197,"type":"if","locations":[{"start":{"line":197,"column":12},"end":{"line":197,"column":12}},{"start":{"line":197,"column":12},"end":{"line":197,"column":12}}]},"22":{"line":211,"type":"if","locations":[{"start":{"line":211,"column":12},"end":{"line":211,"column":12}},{"start":{"line":211,"column":12},"end":{"line":211,"column":12}}]},"23":{"line":228,"type":"if","locations":[{"start":{"line":228,"column":12},"end":{"line":228,"column":12}},{"start":{"line":228,"column":12},"end":{"line":228,"column":12}}]},"24":{"line":238,"type":"if","locations":[{"start":{"line":238,"column":12},"end":{"line":238,"column":12}},{"start":{"line":238,"column":12},"end":{"line":238,"column":12}}]}}},"contracts/Tocks.sol":{"l":{"13":40,"14":40,"18":152,"19":152,"26":153,"27":153,"31":153,"35":153,"39":108,"46":0,"47":0,"49":0,"53":152,"57":40},"path":"/Users/billy/GitHub/okwme/anybody-problem/contracts/Tocks.sol","s":{"1":40,"2":152,"3":153,"4":153,"5":0,"6":0,"7":0,"8":152,"9":40},"b":{"1":[40,0],"2":[152,0],"3":[153,0],"4":[153,0],"5":[108,0],"6":[0,0],"7":[0,0],"8":[152,0],"9":[40,0]},"f":{"1":40,"2":152,"3":153,"4":153,"5":153,"6":108,"7":0,"8":152,"9":40},"fnMap":{"1":{"name":"onlySolver","line":12,"loc":{"start":{"line":12,"column":4},"end":{"line":15,"column":4}}},"2":{"name":"onlyBodies","line":17,"loc":{"start":{"line":17,"column":4},"end":{"line":20,"column":4}}},"3":{"name":"constructor","line":25,"loc":{"start":{"line":22,"column":4},"end":{"line":28,"column":4}}},"4":{"name":"updateProblemsAddress","line":30,"loc":{"start":{"line":30,"column":4},"end":{"line":32,"column":4}}},"5":{"name":"updateBodiesAddress","line":34,"loc":{"start":{"line":34,"column":4},"end":{"line":36,"column":4}}},"6":{"name":"updateSolverAddress","line":38,"loc":{"start":{"line":38,"column":4},"end":{"line":40,"column":4}}},"7":{"name":"allowance","line":42,"loc":{"start":{"line":42,"column":4},"end":{"line":50,"column":4}}},"8":{"name":"burn","line":52,"loc":{"start":{"line":52,"column":4},"end":{"line":54,"column":4}}},"9":{"name":"mint","line":56,"loc":{"start":{"line":56,"column":4},"end":{"line":58,"column":4}}}},"statementMap":{"1":{"start":{"line":13,"column":8},"end":{"line":13,"column":60}},"2":{"start":{"line":18,"column":8},"end":{"line":18,"column":60}},"3":{"start":{"line":26,"column":8},"end":{"line":26,"column":39}},"4":{"start":{"line":27,"column":8},"end":{"line":27,"column":35}},"5":{"start":{"line":46,"column":8},"end":{"line":46,"column":1171}},"6":{"start":{"line":47,"column":12},"end":{"line":47,"column":36}},"7":{"start":{"line":49,"column":8},"end":{"line":49,"column":46}},"8":{"start":{"line":53,"column":8},"end":{"line":53,"column":26}},"9":{"start":{"line":57,"column":8},"end":{"line":57,"column":24}}},"branchMap":{"1":{"line":13,"type":"if","locations":[{"start":{"line":13,"column":8},"end":{"line":13,"column":8}},{"start":{"line":13,"column":8},"end":{"line":13,"column":8}}]},"2":{"line":18,"type":"if","locations":[{"start":{"line":18,"column":8},"end":{"line":18,"column":8}},{"start":{"line":18,"column":8},"end":{"line":18,"column":8}}]},"3":{"line":30,"type":"if","locations":[{"start":{"line":30,"column":69},"end":{"line":30,"column":69}},{"start":{"line":30,"column":69},"end":{"line":30,"column":69}}]},"4":{"line":34,"type":"if","locations":[{"start":{"line":34,"column":57},"end":{"line":34,"column":57}},{"start":{"line":34,"column":57},"end":{"line":34,"column":57}}]},"5":{"line":38,"type":"if","locations":[{"start":{"line":38,"column":57},"end":{"line":38,"column":57}},{"start":{"line":38,"column":57},"end":{"line":38,"column":57}}]},"6":{"line":46,"type":"if","locations":[{"start":{"line":46,"column":8},"end":{"line":46,"column":8}},{"start":{"line":46,"column":8},"end":{"line":46,"column":8}}]},"7":{"line":46,"type":"cond-expr","locations":[{"start":{"line":46,"column":12},"end":{"line":46,"column":30}},{"start":{"line":46,"column":35},"end":{"line":46,"column":51}}]},"8":{"line":52,"type":"if","locations":[{"start":{"line":52,"column":55},"end":{"line":52,"column":55}},{"start":{"line":52,"column":55},"end":{"line":52,"column":55}}]},"9":{"line":56,"type":"if","locations":[{"start":{"line":56,"column":53},"end":{"line":56,"column":53}},{"start":{"line":56,"column":53},"end":{"line":56,"column":53}}]}}}}