{
"contracts/Bodies.sol":{"l":{"36":138,"37":135,"47":150,"51":1,"57":3,"58":2,"62":152,"66":51,"71":141,"75":143,"76":143,"77":142,"78":142,"79":142,"83":22,"87":21,"88":19,"89":19,"90":19,"98":122,"99":122,"100":122,"101":122,"102":122,"103":122,"107":5,"108":4,"109":3,"110":2,"114":1,"115":1,"116":1,"120":11,"124":2},"path":"/Users/billy/GitHub/okwme/anybody-problem/contracts/Bodies.sol","s":{"1":138,"2":150,"3":1,"4":3,"5":141,"6":143,"7":143,"8":142,"9":142,"10":22,"11":21,"12":19,"13":122,"14":122,"15":122,"16":122,"17":5,"18":4,"19":3,"20":2,"21":1,"22":1,"23":11,"24":2},"b":{"1":[135,3],"2":[3,1],"3":[2,1],"4":[152,1],"5":[51,1],"6":[142,1],"7":[21,1],"8":[122,1],"9":[4,1],"10":[3,1],"11":[2,1],"12":[1,1],"13":[11,1],"14":[2,1]},"f":{"1":138,"2":150,"3":1,"4":3,"5":152,"6":51,"7":141,"8":143,"9":22,"10":122,"11":5,"12":11,"13":2},"fnMap":{"1":{"name":"onlyProblems","line":35,"loc":{"start":{"line":35,"column":4},"end":{"line":38,"column":4}}},"2":{"name":"constructor","line":46,"loc":{"start":{"line":46,"column":4},"end":{"line":48,"column":4}}},"3":{"name":null,"line":50,"loc":{"start":{"line":50,"column":4},"end":{"line":52,"column":4}}},"4":{"name":"updateTockPrice","line":56,"loc":{"start":{"line":56,"column":4},"end":{"line":59,"column":4}}},"5":{"name":"updateProblemsAddress","line":61,"loc":{"start":{"line":61,"column":4},"end":{"line":63,"column":4}}},"6":{"name":"updateTocksAddress","line":65,"loc":{"start":{"line":65,"column":4},"end":{"line":67,"column":4}}},"7":{"name":"generateSeed","line":69,"loc":{"start":{"line":69,"column":4},"end":{"line":72,"column":4}}},"8":{"name":"processPayment","line":74,"loc":{"start":{"line":74,"column":4},"end":{"line":80,"column":4}}},"9":{"name":"mint","line":82,"loc":{"start":{"line":82,"column":4},"end":{"line":91,"column":4}}},"10":{"name":"mintAndBurn","line":96,"loc":{"start":{"line":93,"column":4},"end":{"line":104,"column":4}}},"11":{"name":"upgrade","line":106,"loc":{"start":{"line":106,"column":4},"end":{"line":117,"column":4}}},"12":{"name":"burn","line":119,"loc":{"start":{"line":119,"column":4},"end":{"line":121,"column":4}}},"13":{"name":"problemMint","line":123,"loc":{"start":{"line":123,"column":4},"end":{"line":125,"column":4}}}},"statementMap":{"1":{"start":{"line":36,"column":8},"end":{"line":36,"column":64}},"2":{"start":{"line":47,"column":8},"end":{"line":47,"column":39}},"3":{"start":{"line":51,"column":8},"end":{"line":51,"column":37}},"4":{"start":{"line":57,"column":8},"end":{"line":57,"column":43}},"5":{"start":{"line":71,"column":8},"end":{"line":71,"column":51}},"6":{"start":{"line":75,"column":8},"end":{"line":75,"column":65}},"7":{"start":{"line":76,"column":8},"end":{"line":76,"column":74}},"8":{"start":{"line":77,"column":8},"end":{"line":77,"column":70}},"9":{"start":{"line":79,"column":8},"end":{"line":79,"column":44}},"10":{"start":{"line":83,"column":8},"end":{"line":83,"column":2476}},"11":{"start":{"line":87,"column":8},"end":{"line":87,"column":44}},"12":{"start":{"line":90,"column":8},"end":{"line":90,"column":33}},"13":{"start":{"line":98,"column":8},"end":{"line":98,"column":39}},"14":{"start":{"line":101,"column":8},"end":{"line":101,"column":49}},"15":{"start":{"line":102,"column":8},"end":{"line":102,"column":49}},"16":{"start":{"line":103,"column":8},"end":{"line":103,"column":22}},"17":{"start":{"line":107,"column":8},"end":{"line":107,"column":77}},"18":{"start":{"line":108,"column":8},"end":{"line":108,"column":71}},"19":{"start":{"line":109,"column":8},"end":{"line":109,"column":56}},"20":{"start":{"line":110,"column":8},"end":{"line":110,"column":3494}},"21":{"start":{"line":114,"column":8},"end":{"line":114,"column":24}},"22":{"start":{"line":116,"column":8},"end":{"line":116,"column":70}},"23":{"start":{"line":120,"column":8},"end":{"line":120,"column":20}},"24":{"start":{"line":124,"column":8},"end":{"line":124,"column":27}}},"branchMap":{"1":{"line":36,"type":"if","locations":[{"start":{"line":36,"column":8},"end":{"line":36,"column":8}},{"start":{"line":36,"column":8},"end":{"line":36,"column":8}}]},"2":{"line":56,"type":"if","locations":[{"start":{"line":56,"column":66},"end":{"line":56,"column":66}},{"start":{"line":56,"column":66},"end":{"line":56,"column":66}}]},"3":{"line":57,"type":"if","locations":[{"start":{"line":57,"column":8},"end":{"line":57,"column":8}},{"start":{"line":57,"column":8},"end":{"line":57,"column":8}}]},"4":{"line":61,"type":"if","locations":[{"start":{"line":61,"column":69},"end":{"line":61,"column":69}},{"start":{"line":61,"column":69},"end":{"line":61,"column":69}}]},"5":{"line":65,"type":"if","locations":[{"start":{"line":65,"column":55},"end":{"line":65,"column":55}},{"start":{"line":65,"column":55},"end":{"line":65,"column":55}}]},"6":{"line":76,"type":"if","locations":[{"start":{"line":76,"column":8},"end":{"line":76,"column":8}},{"start":{"line":76,"column":8},"end":{"line":76,"column":8}}]},"7":{"line":83,"type":"if","locations":[{"start":{"line":83,"column":8},"end":{"line":83,"column":8}},{"start":{"line":83,"column":8},"end":{"line":83,"column":8}}]},"8":{"line":96,"type":"if","locations":[{"start":{"line":96,"column":13},"end":{"line":96,"column":13}},{"start":{"line":96,"column":13},"end":{"line":96,"column":13}}]},"9":{"line":107,"type":"if","locations":[{"start":{"line":107,"column":8},"end":{"line":107,"column":8}},{"start":{"line":107,"column":8},"end":{"line":107,"column":8}}]},"10":{"line":108,"type":"if","locations":[{"start":{"line":108,"column":8},"end":{"line":108,"column":8}},{"start":{"line":108,"column":8},"end":{"line":108,"column":8}}]},"11":{"line":109,"type":"if","locations":[{"start":{"line":109,"column":8},"end":{"line":109,"column":8}},{"start":{"line":109,"column":8},"end":{"line":109,"column":8}}]},"12":{"line":110,"type":"if","locations":[{"start":{"line":110,"column":8},"end":{"line":110,"column":8}},{"start":{"line":110,"column":8},"end":{"line":110,"column":8}}]},"13":{"line":119,"type":"if","locations":[{"start":{"line":119,"column":41},"end":{"line":119,"column":41}},{"start":{"line":119,"column":41},"end":{"line":119,"column":41}}]},"14":{"line":123,"type":"if","locations":[{"start":{"line":123,"column":63},"end":{"line":123,"column":63}},{"start":{"line":123,"column":63},"end":{"line":123,"column":63}}]}}},
"contracts/Metadata.sol":{"l":{"20":0,"27":0},"path":"/Users/billy/GitHub/okwme/anybody-problem/contracts/Metadata.sol","s":{"1":0},"b":{"1":[0,0]},"f":{"1":150,"2":0,"3":0},"fnMap":{"1":{"name":"constructor","line":13,"loc":{"start":{"line":13,"column":4},"end":{"line":13,"column":19}}},"2":{"name":"setbaseURI","line":19,"loc":{"start":{"line":19,"column":4},"end":{"line":21,"column":4}}},"3":{"name":"getMetadata","line":26,"loc":{"start":{"line":26,"column":4},"end":{"line":31,"column":4}}}},"statementMap":{"1":{"start":{"line":27,"column":8},"end":{"line":27,"column":780}}},"branchMap":{"1":{"line":19,"type":"if","locations":[{"start":{"line":19,"column":55},"end":{"line":19,"column":55}},{"start":{"line":19,"column":55},"end":{"line":19,"column":55}}]}}},
"contracts/Problems.sol":{"l":{"78":20,"79":16,"83":48,"84":46,"85":46,"86":46,"87":46,"103":156,"104":156,"105":156,"106":156,"107":1206,"108":1206,"109":1206,"114":16,"120":0,"124":2,"128":29,"132":27,"140":1,"144":52,"148":1,"152":51,"156":2,"161":40,"165":43,"169":44,"170":41,"171":41,"173":39,"174":39,"175":39,"179":1,"183":40,"184":40,"186":40,"187":120,"191":120,"193":40,"194":40,"198":1,"199":1,"200":1,"204":1,"205":1,"206":1,"210":11,"211":11,"212":11,"213":11,"217":10,"218":10,"219":10,"223":1,"224":1,"225":1,"229":1,"230":1,"236":1,"237":1,"238":1,"242":1,"249":1,"250":9,"252":1,"253":1,"262":131,"263":131,"264":131,"265":131,"266":131,"267":131,"268":131,"269":131,"270":131,"271":131,"293":131,"294":131,"296":131,"297":131,"298":131,"299":131,"301":131,"305":131,"306":131,"307":131,"308":131,"309":131,"310":131,"311":131,"312":131,"314":131,"322":262,"328":13,"335":40,"342":1,"349":1,"356":4,"364":10,"373":1,"374":1,"375":1},"path":"/Users/billy/GitHub/okwme/anybody-problem/contracts/Problems.sol","s":{"1":20,"2":48,"3":46,"4":46,"5":46,"6":156,"7":156,"8":1206,"9":1206,"10":0,"11":40,"12":43,"13":44,"14":41,"15":41,"16":39,"17":39,"18":39,"19":1,"20":40,"21":40,"22":120,"23":120,"24":1,"25":1,"26":1,"27":1,"28":1,"29":1,"30":11,"31":11,"32":11,"33":11,"34":10,"35":10,"36":10,"37":1,"38":1,"39":1,"40":1,"41":1,"42":1,"43":1,"44":1,"45":131,"46":131,"47":131,"48":131,"49":131,"50":131,"51":131,"52":131,"53":131,"54":131,"55":131,"56":262,"57":13,"58":40,"59":1,"60":1,"61":1},"b":{"1":[16,4],"2":[46,2],"3":[46,0],"4":[46,0],"5":[46,0],"6":[156,0],"7":[1206,0],"8":[1206,0],"9":[2,1],"10":[29,1],"11":[27,1],"12":[1,1],"13":[52,1],"14":[1,1],"15":[51,1],"16":[2,1],"17":[44,1],"18":[41,3],"19":[41,0],"20":[39,2],"21":[2,1],"22":[1,1],"23":[1,0],"24":[1,0],"25":[1,0],"26":[11,0],"27":[11,0],"28":[11,0],"29":[10,1],"30":[1,0],"31":[1,0],"32":[1,0],"33":[1,1],"34":[1,1],"35":[4,1],"36":[10,1],"37":[1,1]},"f":{"1":20,"2":48,"3":156,"4":0,"5":2,"6":29,"7":27,"8":1,"9":52,"10":1,"11":51,"12":2,"13":40,"14":43,"15":44,"16":1,"17":40,"18":1,"19":11,"20":1,"21":1,"22":131,"23":131,"24":262,"25":13,"26":40,"27":1,"28":1,"29":4,"30":10,"31":1},"fnMap":{"1":{"name":"onlySolver","line":77,"loc":{"start":{"line":77,"column":4},"end":{"line":80,"column":4}}},"2":{"name":"initialized","line":82,"loc":{"start":{"line":82,"column":4},"end":{"line":88,"column":4}}},"3":{"name":"constructor","line":102,"loc":{"start":{"line":97,"column":4},"end":{"line":111,"column":4}}},"4":{"name":"tokenURI","line":117,"loc":{"start":{"line":117,"column":4},"end":{"line":121,"column":4}}},"5":{"name":"updatePrice","line":123,"loc":{"start":{"line":123,"column":4},"end":{"line":125,"column":4}}},"6":{"name":"updatePaused","line":127,"loc":{"start":{"line":127,"column":4},"end":{"line":129,"column":4}}},"7":{"name":"updateStartDate","line":131,"loc":{"start":{"line":131,"column":4},"end":{"line":133,"column":4}}},"8":{"name":"updateVerifier","line":139,"loc":{"start":{"line":135,"column":4},"end":{"line":141,"column":4}}},"9":{"name":"updateSolverAddress","line":143,"loc":{"start":{"line":143,"column":4},"end":{"line":145,"column":4}}},"10":{"name":"updateMetadataAddress","line":147,"loc":{"start":{"line":147,"column":4},"end":{"line":149,"column":4}}},"11":{"name":"updateBodiesAddress","line":151,"loc":{"start":{"line":151,"column":4},"end":{"line":153,"column":4}}},"12":{"name":"updateWalletAddress","line":155,"loc":{"start":{"line":155,"column":4},"end":{"line":157,"column":4}}},"13":{"name":"generateSeed","line":159,"loc":{"start":{"line":159,"column":4},"end":{"line":162,"column":4}}},"14":{"name":"mint","line":164,"loc":{"start":{"line":164,"column":4},"end":{"line":166,"column":4}}},"15":{"name":"mint","line":168,"loc":{"start":{"line":168,"column":4},"end":{"line":176,"column":4}}},"16":{"name":"adminMint","line":178,"loc":{"start":{"line":178,"column":4},"end":{"line":180,"column":4}}},"17":{"name":"_internalMint","line":182,"loc":{"start":{"line":182,"column":4},"end":{"line":195,"column":4}}},"18":{"name":"mintBody","line":197,"loc":{"start":{"line":197,"column":4},"end":{"line":207,"column":4}}},"19":{"name":"addBody","line":209,"loc":{"start":{"line":209,"column":4},"end":{"line":220,"column":4}}},"20":{"name":"removeBody","line":222,"loc":{"start":{"line":222,"column":4},"end":{"line":243,"column":4}}},"21":{"name":"_removeElement","line":245,"loc":{"start":{"line":245,"column":4},"end":{"line":254,"column":4}}},"22":{"name":"_addBody","line":256,"loc":{"start":{"line":256,"column":4},"end":{"line":281,"column":4}}},"23":{"name":"getRandomValues","line":287,"loc":{"start":{"line":287,"column":4},"end":{"line":315,"column":4}}},"24":{"name":"randomRange","line":317,"loc":{"start":{"line":317,"column":4},"end":{"line":323,"column":4}}},"25":{"name":"getProblemBodyIds","line":325,"loc":{"start":{"line":325,"column":4},"end":{"line":329,"column":4}}},"26":{"name":"getProblemBodyData","line":331,"loc":{"start":{"line":331,"column":4},"end":{"line":336,"column":4}}},"27":{"name":"updateProblemBodyCount","line":341,"loc":{"start":{"line":338,"column":4},"end":{"line":343,"column":4}}},"28":{"name":"updateProblemBodyIds","line":348,"loc":{"start":{"line":345,"column":4},"end":{"line":350,"column":4}}},"29":{"name":"updateProblemTickCount","line":355,"loc":{"start":{"line":352,"column":4},"end":{"line":357,"column":4}}},"30":{"name":"updateProblemBody","line":363,"loc":{"start":{"line":359,"column":4},"end":{"line":365,"column":4}}},"31":{"name":"recoverUnsuccessfulMintPayment","line":372,"loc":{"start":{"line":370,"column":4},"end":{"line":376,"column":4}}}},"statementMap":{"1":{"start":{"line":78,"column":8},"end":{"line":78,"column":60}},"2":{"start":{"line":83,"column":8},"end":{"line":83,"column":55}},"3":{"start":{"line":84,"column":8},"end":{"line":84,"column":55}},"4":{"start":{"line":85,"column":8},"end":{"line":85,"column":57}},"5":{"start":{"line":86,"column":8},"end":{"line":86,"column":55}},"6":{"start":{"line":103,"column":8},"end":{"line":103,"column":59}},"7":{"start":{"line":106,"column":8},"end":{"line":106,"column":2782}},"8":{"start":{"line":107,"column":12},"end":{"line":107,"column":67}},"9":{"start":{"line":108,"column":12},"end":{"line":108,"column":67}},"10":{"start":{"line":120,"column":8},"end":{"line":120,"column":49}},"11":{"start":{"line":161,"column":8},"end":{"line":161,"column":51}},"12":{"start":{"line":165,"column":8},"end":{"line":165,"column":23}},"13":{"start":{"line":169,"column":8},"end":{"line":169,"column":33}},"14":{"start":{"line":170,"column":8},"end":{"line":170,"column":59}},"15":{"start":{"line":171,"column":8},"end":{"line":171,"column":51}},"16":{"start":{"line":173,"column":8},"end":{"line":173,"column":74}},"17":{"start":{"line":174,"column":8},"end":{"line":174,"column":52}},"18":{"start":{"line":175,"column":8},"end":{"line":175,"column":31}},"19":{"start":{"line":179,"column":8},"end":{"line":179,"column":31}},"20":{"start":{"line":184,"column":8},"end":{"line":184,"column":38}},"21":{"start":{"line":186,"column":8},"end":{"line":186,"column":5194}},"22":{"start":{"line":187,"column":12},"end":{"line":187,"column":5245}},"23":{"start":{"line":191,"column":12},"end":{"line":191,"column":48}},"24":{"start":{"line":198,"column":8},"end":{"line":198,"column":33}},"25":{"start":{"line":199,"column":8},"end":{"line":199,"column":69}},"26":{"start":{"line":200,"column":8},"end":{"line":200,"column":5706}},"27":{"start":{"line":204,"column":8},"end":{"line":204,"column":74}},"28":{"start":{"line":205,"column":8},"end":{"line":205,"column":49}},"29":{"start":{"line":206,"column":8},"end":{"line":206,"column":40}},"30":{"start":{"line":210,"column":8},"end":{"line":210,"column":33}},"31":{"start":{"line":211,"column":8},"end":{"line":211,"column":69}},"32":{"start":{"line":212,"column":8},"end":{"line":212,"column":78}},"33":{"start":{"line":213,"column":8},"end":{"line":213,"column":6259}},"34":{"start":{"line":217,"column":8},"end":{"line":217,"column":34}},"35":{"start":{"line":218,"column":8},"end":{"line":218,"column":49}},"36":{"start":{"line":219,"column":8},"end":{"line":219,"column":40}},"37":{"start":{"line":223,"column":8},"end":{"line":223,"column":33}},"38":{"start":{"line":224,"column":8},"end":{"line":224,"column":69}},"39":{"start":{"line":225,"column":8},"end":{"line":225,"column":6695}},"40":{"start":{"line":229,"column":8},"end":{"line":229,"column":53}},"41":{"start":{"line":230,"column":8},"end":{"line":230,"column":6872}},"42":{"start":{"line":236,"column":8},"end":{"line":236,"column":74}},"43":{"start":{"line":249,"column":8},"end":{"line":249,"column":7472}},"44":{"start":{"line":253,"column":8},"end":{"line":253,"column":20}},"45":{"start":{"line":262,"column":8},"end":{"line":262,"column":55}},"46":{"start":{"line":263,"column":8},"end":{"line":263,"column":57}},"47":{"start":{"line":264,"column":8},"end":{"line":264,"column":57}},"48":{"start":{"line":265,"column":8},"end":{"line":265,"column":28}},"49":{"start":{"line":271,"column":8},"end":{"line":271,"column":8291}},"50":{"start":{"line":293,"column":8},"end":{"line":293,"column":24}},"51":{"start":{"line":296,"column":8},"end":{"line":296,"column":59}},"52":{"start":{"line":297,"column":8},"end":{"line":297,"column":53}},"53":{"start":{"line":299,"column":8},"end":{"line":299,"column":53}},"54":{"start":{"line":301,"column":8},"end":{"line":301,"column":51}},"55":{"start":{"line":314,"column":8},"end":{"line":314,"column":19}},"56":{"start":{"line":322,"column":8},"end":{"line":322,"column":50}},"57":{"start":{"line":328,"column":8},"end":{"line":328,"column":42}},"58":{"start":{"line":335,"column":8},"end":{"line":335,"column":51}},"59":{"start":{"line":373,"column":8},"end":{"line":373,"column":46}},"60":{"start":{"line":374,"column":8},"end":{"line":374,"column":68}},"61":{"start":{"line":375,"column":8},"end":{"line":375,"column":46}}},"branchMap":{"1":{"line":78,"type":"if","locations":[{"start":{"line":78,"column":8},"end":{"line":78,"column":8}},{"start":{"line":78,"column":8},"end":{"line":78,"column":8}}]},"2":{"line":83,"type":"if","locations":[{"start":{"line":83,"column":8},"end":{"line":83,"column":8}},{"start":{"line":83,"column":8},"end":{"line":83,"column":8}}]},"3":{"line":84,"type":"if","locations":[{"start":{"line":84,"column":8},"end":{"line":84,"column":8}},{"start":{"line":84,"column":8},"end":{"line":84,"column":8}}]},"4":{"line":85,"type":"if","locations":[{"start":{"line":85,"column":8},"end":{"line":85,"column":8}},{"start":{"line":85,"column":8},"end":{"line":85,"column":8}}]},"5":{"line":86,"type":"if","locations":[{"start":{"line":86,"column":8},"end":{"line":86,"column":8}},{"start":{"line":86,"column":8},"end":{"line":86,"column":8}}]},"6":{"line":103,"type":"if","locations":[{"start":{"line":103,"column":8},"end":{"line":103,"column":8}},{"start":{"line":103,"column":8},"end":{"line":103,"column":8}}]},"7":{"line":107,"type":"if","locations":[{"start":{"line":107,"column":12},"end":{"line":107,"column":12}},{"start":{"line":107,"column":12},"end":{"line":107,"column":12}}]},"8":{"line":108,"type":"if","locations":[{"start":{"line":108,"column":12},"end":{"line":108,"column":12}},{"start":{"line":108,"column":12},"end":{"line":108,"column":12}}]},"9":{"line":123,"type":"if","locations":[{"start":{"line":123,"column":48},"end":{"line":123,"column":48}},{"start":{"line":123,"column":48},"end":{"line":123,"column":48}}]},"10":{"line":127,"type":"if","locations":[{"start":{"line":127,"column":47},"end":{"line":127,"column":47}},{"start":{"line":127,"column":47},"end":{"line":127,"column":47}}]},"11":{"line":131,"type":"if","locations":[{"start":{"line":131,"column":56},"end":{"line":131,"column":56}},{"start":{"line":131,"column":56},"end":{"line":131,"column":56}}]},"12":{"line":139,"type":"if","locations":[{"start":{"line":139,"column":13},"end":{"line":139,"column":13}},{"start":{"line":139,"column":13},"end":{"line":139,"column":13}}]},"13":{"line":143,"type":"if","locations":[{"start":{"line":143,"column":57},"end":{"line":143,"column":57}},{"start":{"line":143,"column":57},"end":{"line":143,"column":57}}]},"14":{"line":147,"type":"if","locations":[{"start":{"line":147,"column":61},"end":{"line":147,"column":61}},{"start":{"line":147,"column":61},"end":{"line":147,"column":61}}]},"15":{"line":151,"type":"if","locations":[{"start":{"line":151,"column":57},"end":{"line":151,"column":57}},{"start":{"line":151,"column":57},"end":{"line":151,"column":57}}]},"16":{"line":155,"type":"if","locations":[{"start":{"line":155,"column":57},"end":{"line":155,"column":57}},{"start":{"line":155,"column":57},"end":{"line":155,"column":57}}]},"17":{"line":168,"type":"if","locations":[{"start":{"line":168,"column":52},"end":{"line":168,"column":52}},{"start":{"line":168,"column":52},"end":{"line":168,"column":52}}]},"18":{"line":169,"type":"if","locations":[{"start":{"line":169,"column":8},"end":{"line":169,"column":8}},{"start":{"line":169,"column":8},"end":{"line":169,"column":8}}]},"19":{"line":170,"type":"if","locations":[{"start":{"line":170,"column":8},"end":{"line":170,"column":8}},{"start":{"line":170,"column":8},"end":{"line":170,"column":8}}]},"20":{"line":171,"type":"if","locations":[{"start":{"line":171,"column":8},"end":{"line":171,"column":8}},{"start":{"line":171,"column":8},"end":{"line":171,"column":8}}]},"21":{"line":178,"type":"if","locations":[{"start":{"line":178,"column":49},"end":{"line":178,"column":49}},{"start":{"line":178,"column":49},"end":{"line":178,"column":49}}]},"22":{"line":178,"type":"if","locations":[{"start":{"line":178,"column":61},"end":{"line":178,"column":61}},{"start":{"line":178,"column":61},"end":{"line":178,"column":61}}]},"23":{"line":198,"type":"if","locations":[{"start":{"line":198,"column":8},"end":{"line":198,"column":8}},{"start":{"line":198,"column":8},"end":{"line":198,"column":8}}]},"24":{"line":199,"type":"if","locations":[{"start":{"line":199,"column":8},"end":{"line":199,"column":8}},{"start":{"line":199,"column":8},"end":{"line":199,"column":8}}]},"25":{"line":200,"type":"if","locations":[{"start":{"line":200,"column":8},"end":{"line":200,"column":8}},{"start":{"line":200,"column":8},"end":{"line":200,"column":8}}]},"26":{"line":210,"type":"if","locations":[{"start":{"line":210,"column":8},"end":{"line":210,"column":8}},{"start":{"line":210,"column":8},"end":{"line":210,"column":8}}]},"27":{"line":211,"type":"if","locations":[{"start":{"line":211,"column":8},"end":{"line":211,"column":8}},{"start":{"line":211,"column":8},"end":{"line":211,"column":8}}]},"28":{"line":212,"type":"if","locations":[{"start":{"line":212,"column":8},"end":{"line":212,"column":8}},{"start":{"line":212,"column":8},"end":{"line":212,"column":8}}]},"29":{"line":213,"type":"if","locations":[{"start":{"line":213,"column":8},"end":{"line":213,"column":8}},{"start":{"line":213,"column":8},"end":{"line":213,"column":8}}]},"30":{"line":223,"type":"if","locations":[{"start":{"line":223,"column":8},"end":{"line":223,"column":8}},{"start":{"line":223,"column":8},"end":{"line":223,"column":8}}]},"31":{"line":224,"type":"if","locations":[{"start":{"line":224,"column":8},"end":{"line":224,"column":8}},{"start":{"line":224,"column":8},"end":{"line":224,"column":8}}]},"32":{"line":225,"type":"if","locations":[{"start":{"line":225,"column":8},"end":{"line":225,"column":8}},{"start":{"line":225,"column":8},"end":{"line":225,"column":8}}]},"33":{"line":341,"type":"if","locations":[{"start":{"line":341,"column":13},"end":{"line":341,"column":13}},{"start":{"line":341,"column":13},"end":{"line":341,"column":13}}]},"34":{"line":348,"type":"if","locations":[{"start":{"line":348,"column":13},"end":{"line":348,"column":13}},{"start":{"line":348,"column":13},"end":{"line":348,"column":13}}]},"35":{"line":355,"type":"if","locations":[{"start":{"line":355,"column":13},"end":{"line":355,"column":13}},{"start":{"line":355,"column":13},"end":{"line":355,"column":13}}]},"36":{"line":363,"type":"if","locations":[{"start":{"line":363,"column":13},"end":{"line":363,"column":13}},{"start":{"line":363,"column":13},"end":{"line":363,"column":13}}]},"37":{"line":372,"type":"if","locations":[{"start":{"line":372,"column":13},"end":{"line":372,"column":13}},{"start":{"line":372,"column":13},"end":{"line":372,"column":13}}]}}},
"contracts/Solver.sol":{"l":{"44":150,"45":150,"49":1,"53":1,"57":1,"68":3,"70":3,"72":3,"73":3,"74":3,"79":3,"80":3,"90":0,"100":0,"110":0,"120":0,"130":0,"140":0,"150":0,"160":0,"162":3,"166":3,"171":3,"174":3,"175":3,"176":9,"187":9,"192":9,"197":9,"202":9,"211":9,"216":9,"221":9,"226":9,"231":9,"236":9,"237":9,"243":3,"249":3,"250":3,"251":90,"253":3,"259":0,"260":0,"261":0,"263":0,"269":0,"270":0,"271":0,"273":0,"279":0,"280":0,"281":0,"283":0,"289":0,"290":0,"291":0,"293":0,"299":0,"300":0,"301":0,"303":0,"309":0,"310":0,"311":0,"313":0,"319":0,"320":0,"321":0,"323":0},"path":"/Users/billy/GitHub/okwme/anybody-problem/contracts/Solver.sol","s":{"1":1,"2":3,"3":3,"4":3,"5":3,"6":3,"7":3,"8":3,"9":0,"10":0,"11":0,"12":0,"13":0,"14":0,"15":0,"16":0,"17":0,"18":0,"19":0,"20":0,"21":0,"22":0,"23":0,"24":3,"25":3,"26":3,"27":3,"28":3,"29":9,"30":9,"31":9,"32":9,"33":9,"34":9,"35":3,"36":3,"37":3,"38":3,"39":0,"40":0,"41":0,"42":0,"43":0,"44":0,"45":0,"46":0,"47":0,"48":0,"49":0,"50":0,"51":0,"52":0,"53":0,"54":0,"55":0,"56":0,"57":0,"58":0,"59":0},"b":{"1":[1,1],"2":[1,1],"3":[3,0],"4":[3,0],"5":[3,0],"6":[0,0],"7":[0,0],"8":[0,0],"9":[0,0],"10":[0,0],"11":[0,0],"12":[0,0],"13":[0,0],"14":[0,0],"15":[0,0],"16":[0,0],"17":[0,0],"18":[0,0],"19":[0,0],"20":[9,0],"21":[9,0],"22":[9,0],"23":[9,0],"24":[9,0]},"f":{"1":150,"2":1,"3":1,"4":1,"5":3,"6":3,"7":0,"8":0,"9":0,"10":0,"11":0,"12":0,"13":0},"fnMap":{"1":{"name":"constructor","line":43,"loc":{"start":{"line":43,"column":4},"end":{"line":46,"column":4}}},"2":{"name":null,"line":48,"loc":{"start":{"line":48,"column":4},"end":{"line":50,"column":4}}},"3":{"name":"updateProblemsAddress","line":52,"loc":{"start":{"line":52,"column":4},"end":{"line":54,"column":4}}},"4":{"name":"updateTocksAddress","line":56,"loc":{"start":{"line":56,"column":4},"end":{"line":58,"column":4}}},"5":{"name":"solveProblem","line":60,"loc":{"start":{"line":60,"column":4},"end":{"line":244,"column":4}}},"6":{"name":"convertTo30","line":246,"loc":{"start":{"line":246,"column":4},"end":{"line":254,"column":4}}},"7":{"name":"convertTo40","line":256,"loc":{"start":{"line":256,"column":4},"end":{"line":264,"column":4}}},"8":{"name":"convertTo50","line":266,"loc":{"start":{"line":266,"column":4},"end":{"line":274,"column":4}}},"9":{"name":"convertTo60","line":276,"loc":{"start":{"line":276,"column":4},"end":{"line":284,"column":4}}},"10":{"name":"convertTo70","line":286,"loc":{"start":{"line":286,"column":4},"end":{"line":294,"column":4}}},"11":{"name":"convertTo80","line":296,"loc":{"start":{"line":296,"column":4},"end":{"line":304,"column":4}}},"12":{"name":"convertTo90","line":306,"loc":{"start":{"line":306,"column":4},"end":{"line":314,"column":4}}},"13":{"name":"convertTo100","line":316,"loc":{"start":{"line":316,"column":4},"end":{"line":324,"column":4}}}},"statementMap":{"1":{"start":{"line":49,"column":8},"end":{"line":49,"column":37}},"2":{"start":{"line":68,"column":8},"end":{"line":68,"column":1964}},"3":{"start":{"line":70,"column":8},"end":{"line":70,"column":42}},"4":{"start":{"line":72,"column":8},"end":{"line":72,"column":55}},"5":{"start":{"line":73,"column":8},"end":{"line":73,"column":70}},"6":{"start":{"line":74,"column":8},"end":{"line":74,"column":2230}},"7":{"start":{"line":79,"column":8},"end":{"line":79,"column":2348}},"8":{"start":{"line":80,"column":12},"end":{"line":80,"column":2391}},"9":{"start":{"line":89,"column":15},"end":{"line":89,"column":2648}},"10":{"start":{"line":90,"column":12},"end":{"line":90,"column":2691}},"11":{"start":{"line":99,"column":15},"end":{"line":99,"column":2948}},"12":{"start":{"line":100,"column":12},"end":{"line":100,"column":2991}},"13":{"start":{"line":109,"column":15},"end":{"line":109,"column":3248}},"14":{"start":{"line":110,"column":12},"end":{"line":110,"column":3291}},"15":{"start":{"line":119,"column":15},"end":{"line":119,"column":3548}},"16":{"start":{"line":120,"column":12},"end":{"line":120,"column":3591}},"17":{"start":{"line":129,"column":15},"end":{"line":129,"column":3848}},"18":{"start":{"line":130,"column":12},"end":{"line":130,"column":3891}},"19":{"start":{"line":139,"column":15},"end":{"line":139,"column":4148}},"20":{"start":{"line":140,"column":12},"end":{"line":140,"column":4191}},"21":{"start":{"line":149,"column":15},"end":{"line":149,"column":4448}},"22":{"start":{"line":150,"column":12},"end":{"line":150,"column":4492}},"23":{"start":{"line":160,"column":12},"end":{"line":160,"column":45}},"24":{"start":{"line":162,"column":8},"end":{"line":162,"column":4821}},"25":{"start":{"line":166,"column":8},"end":{"line":166,"column":4929}},"26":{"start":{"line":171,"column":8},"end":{"line":171,"column":70}},"27":{"start":{"line":174,"column":8},"end":{"line":174,"column":37}},"28":{"start":{"line":175,"column":8},"end":{"line":175,"column":5201}},"29":{"start":{"line":187,"column":12},"end":{"line":187,"column":5701}},"30":{"start":{"line":197,"column":12},"end":{"line":197,"column":6088}},"31":{"start":{"line":211,"column":12},"end":{"line":211,"column":6663}},"32":{"start":{"line":221,"column":12},"end":{"line":221,"column":7048}},"33":{"start":{"line":231,"column":12},"end":{"line":231,"column":7441}},"34":{"start":{"line":237,"column":12},"end":{"line":237,"column":7668}},"35":{"start":{"line":243,"column":8},"end":{"line":243,"column":60}},"36":{"start":{"line":249,"column":8},"end":{"line":249,"column":30}},"37":{"start":{"line":250,"column":8},"end":{"line":250,"column":8018}},"38":{"start":{"line":253,"column":8},"end":{"line":253,"column":21}},"39":{"start":{"line":259,"column":8},"end":{"line":259,"column":30}},"40":{"start":{"line":260,"column":8},"end":{"line":260,"column":8269}},"41":{"start":{"line":263,"column":8},"end":{"line":263,"column":21}},"42":{"start":{"line":269,"column":8},"end":{"line":269,"column":30}},"43":{"start":{"line":270,"column":8},"end":{"line":270,"column":8520}},"44":{"start":{"line":273,"column":8},"end":{"line":273,"column":21}},"45":{"start":{"line":279,"column":8},"end":{"line":279,"column":30}},"46":{"start":{"line":280,"column":8},"end":{"line":280,"column":8771}},"47":{"start":{"line":283,"column":8},"end":{"line":283,"column":21}},"48":{"start":{"line":289,"column":8},"end":{"line":289,"column":30}},"49":{"start":{"line":290,"column":8},"end":{"line":290,"column":9022}},"50":{"start":{"line":293,"column":8},"end":{"line":293,"column":21}},"51":{"start":{"line":299,"column":8},"end":{"line":299,"column":30}},"52":{"start":{"line":300,"column":8},"end":{"line":300,"column":9273}},"53":{"start":{"line":303,"column":8},"end":{"line":303,"column":21}},"54":{"start":{"line":309,"column":8},"end":{"line":309,"column":30}},"55":{"start":{"line":310,"column":8},"end":{"line":310,"column":9524}},"56":{"start":{"line":313,"column":8},"end":{"line":313,"column":21}},"57":{"start":{"line":319,"column":8},"end":{"line":319,"column":31}},"58":{"start":{"line":320,"column":8},"end":{"line":320,"column":9778}},"59":{"start":{"line":323,"column":8},"end":{"line":323,"column":21}}},"branchMap":{"1":{"line":52,"type":"if","locations":[{"start":{"line":52,"column":69},"end":{"line":52,"column":69}},{"start":{"line":52,"column":69},"end":{"line":52,"column":69}}]},"2":{"line":56,"type":"if","locations":[{"start":{"line":56,"column":55},"end":{"line":56,"column":55}},{"start":{"line":56,"column":55},"end":{"line":56,"column":55}}]},"3":{"line":73,"type":"if","locations":[{"start":{"line":73,"column":8},"end":{"line":73,"column":8}},{"start":{"line":73,"column":8},"end":{"line":73,"column":8}}]},"4":{"line":79,"type":"if","locations":[{"start":{"line":79,"column":8},"end":{"line":79,"column":8}},{"start":{"line":79,"column":8},"end":{"line":79,"column":8}}]},"5":{"line":80,"type":"if","locations":[{"start":{"line":80,"column":12},"end":{"line":80,"column":12}},{"start":{"line":80,"column":12},"end":{"line":80,"column":12}}]},"6":{"line":89,"type":"if","locations":[{"start":{"line":89,"column":15},"end":{"line":89,"column":15}},{"start":{"line":89,"column":15},"end":{"line":89,"column":15}}]},"7":{"line":90,"type":"if","locations":[{"start":{"line":90,"column":12},"end":{"line":90,"column":12}},{"start":{"line":90,"column":12},"end":{"line":90,"column":12}}]},"8":{"line":99,"type":"if","locations":[{"start":{"line":99,"column":15},"end":{"line":99,"column":15}},{"start":{"line":99,"column":15},"end":{"line":99,"column":15}}]},"9":{"line":100,"type":"if","locations":[{"start":{"line":100,"column":12},"end":{"line":100,"column":12}},{"start":{"line":100,"column":12},"end":{"line":100,"column":12}}]},"10":{"line":109,"type":"if","locations":[{"start":{"line":109,"column":15},"end":{"line":109,"column":15}},{"start":{"line":109,"column":15},"end":{"line":109,"column":15}}]},"11":{"line":110,"type":"if","locations":[{"start":{"line":110,"column":12},"end":{"line":110,"column":12}},{"start":{"line":110,"column":12},"end":{"line":110,"column":12}}]},"12":{"line":119,"type":"if","locations":[{"start":{"line":119,"column":15},"end":{"line":119,"column":15}},{"start":{"line":119,"column":15},"end":{"line":119,"column":15}}]},"13":{"line":120,"type":"if","locations":[{"start":{"line":120,"column":12},"end":{"line":120,"column":12}},{"start":{"line":120,"column":12},"end":{"line":120,"column":12}}]},"14":{"line":129,"type":"if","locations":[{"start":{"line":129,"column":15},"end":{"line":129,"column":15}},{"start":{"line":129,"column":15},"end":{"line":129,"column":15}}]},"15":{"line":130,"type":"if","locations":[{"start":{"line":130,"column":12},"end":{"line":130,"column":12}},{"start":{"line":130,"column":12},"end":{"line":130,"column":12}}]},"16":{"line":139,"type":"if","locations":[{"start":{"line":139,"column":15},"end":{"line":139,"column":15}},{"start":{"line":139,"column":15},"end":{"line":139,"column":15}}]},"17":{"line":140,"type":"if","locations":[{"start":{"line":140,"column":12},"end":{"line":140,"column":12}},{"start":{"line":140,"column":12},"end":{"line":140,"column":12}}]},"18":{"line":149,"type":"if","locations":[{"start":{"line":149,"column":15},"end":{"line":149,"column":15}},{"start":{"line":149,"column":15},"end":{"line":149,"column":15}}]},"19":{"line":150,"type":"if","locations":[{"start":{"line":150,"column":12},"end":{"line":150,"column":12}},{"start":{"line":150,"column":12},"end":{"line":150,"column":12}}]},"20":{"line":187,"type":"if","locations":[{"start":{"line":187,"column":12},"end":{"line":187,"column":12}},{"start":{"line":187,"column":12},"end":{"line":187,"column":12}}]},"21":{"line":197,"type":"if","locations":[{"start":{"line":197,"column":12},"end":{"line":197,"column":12}},{"start":{"line":197,"column":12},"end":{"line":197,"column":12}}]},"22":{"line":211,"type":"if","locations":[{"start":{"line":211,"column":12},"end":{"line":211,"column":12}},{"start":{"line":211,"column":12},"end":{"line":211,"column":12}}]},"23":{"line":221,"type":"if","locations":[{"start":{"line":221,"column":12},"end":{"line":221,"column":12}},{"start":{"line":221,"column":12},"end":{"line":221,"column":12}}]},"24":{"line":231,"type":"if","locations":[{"start":{"line":231,"column":12},"end":{"line":231,"column":12}},{"start":{"line":231,"column":12},"end":{"line":231,"column":12}}]}}},
"contracts/Tocks.sol":{"l":{"13":25,"14":25,"18":142,"19":142,"26":150,"27":150,"31":150,"35":150,"39":71,"46":0,"47":0,"49":0,"53":142,"57":25},"path":"/Users/billy/GitHub/okwme/anybody-problem/contracts/Tocks.sol","s":{"1":25,"2":142,"3":150,"4":150,"5":0,"6":0,"7":0,"8":142,"9":25},"b":{"1":[25,0],"2":[142,0],"3":[150,0],"4":[150,0],"5":[71,0],"6":[0,0],"7":[0,0],"8":[142,0],"9":[25,0]},"f":{"1":25,"2":142,"3":150,"4":150,"5":150,"6":71,"7":0,"8":142,"9":25},"fnMap":{"1":{"name":"onlySolver","line":12,"loc":{"start":{"line":12,"column":4},"end":{"line":15,"column":4}}},"2":{"name":"onlyBodies","line":17,"loc":{"start":{"line":17,"column":4},"end":{"line":20,"column":4}}},"3":{"name":"constructor","line":25,"loc":{"start":{"line":22,"column":4},"end":{"line":28,"column":4}}},"4":{"name":"updateProblemsAddress","line":30,"loc":{"start":{"line":30,"column":4},"end":{"line":32,"column":4}}},"5":{"name":"updateBodiesAddress","line":34,"loc":{"start":{"line":34,"column":4},"end":{"line":36,"column":4}}},"6":{"name":"updateSolverAddress","line":38,"loc":{"start":{"line":38,"column":4},"end":{"line":40,"column":4}}},"7":{"name":"allowance","line":42,"loc":{"start":{"line":42,"column":4},"end":{"line":50,"column":4}}},"8":{"name":"burn","line":52,"loc":{"start":{"line":52,"column":4},"end":{"line":54,"column":4}}},"9":{"name":"mint","line":56,"loc":{"start":{"line":56,"column":4},"end":{"line":58,"column":4}}}},"statementMap":{"1":{"start":{"line":13,"column":8},"end":{"line":13,"column":60}},"2":{"start":{"line":18,"column":8},"end":{"line":18,"column":60}},"3":{"start":{"line":26,"column":8},"end":{"line":26,"column":39}},"4":{"start":{"line":27,"column":8},"end":{"line":27,"column":35}},"5":{"start":{"line":46,"column":8},"end":{"line":46,"column":1171}},"6":{"start":{"line":47,"column":12},"end":{"line":47,"column":36}},"7":{"start":{"line":49,"column":8},"end":{"line":49,"column":46}},"8":{"start":{"line":53,"column":8},"end":{"line":53,"column":26}},"9":{"start":{"line":57,"column":8},"end":{"line":57,"column":24}}},"branchMap":{"1":{"line":13,"type":"if","locations":[{"start":{"line":13,"column":8},"end":{"line":13,"column":8}},{"start":{"line":13,"column":8},"end":{"line":13,"column":8}}]},"2":{"line":18,"type":"if","locations":[{"start":{"line":18,"column":8},"end":{"line":18,"column":8}},{"start":{"line":18,"column":8},"end":{"line":18,"column":8}}]},"3":{"line":30,"type":"if","locations":[{"start":{"line":30,"column":69},"end":{"line":30,"column":69}},{"start":{"line":30,"column":69},"end":{"line":30,"column":69}}]},"4":{"line":34,"type":"if","locations":[{"start":{"line":34,"column":57},"end":{"line":34,"column":57}},{"start":{"line":34,"column":57},"end":{"line":34,"column":57}}]},"5":{"line":38,"type":"if","locations":[{"start":{"line":38,"column":57},"end":{"line":38,"column":57}},{"start":{"line":38,"column":57},"end":{"line":38,"column":57}}]},"6":{"line":46,"type":"if","locations":[{"start":{"line":46,"column":8},"end":{"line":46,"column":8}},{"start":{"line":46,"column":8},"end":{"line":46,"column":8}}]},"7":{"line":46,"type":"cond-expr","locations":[{"start":{"line":46,"column":12},"end":{"line":46,"column":30}},{"start":{"line":46,"column":35},"end":{"line":46,"column":51}}]},"8":{"line":52,"type":"if","locations":[{"start":{"line":52,"column":55},"end":{"line":52,"column":55}},{"start":{"line":52,"column":55},"end":{"line":52,"column":55}}]},"9":{"line":56,"type":"if","locations":[{"start":{"line":56,"column":53},"end":{"line":56,"column":53}},{"start":{"line":56,"column":53},"end":{"line":56,"column":53}}]}}}}
