TN:
SF:/Users/billy/GitHub/okwme/anybody-problem/contracts/Bodies.sol
FN:35,onlyProblems
FN:46,constructor
FN:50,
FN:56,updateTockPrice
FN:61,updateProblemsAddress
FN:65,updateTocksAddress
FN:69,generateSeed
FN:74,processPayment
FN:82,mint
FN:96,mintAndBurn
FN:106,upgrade
FN:119,burn
FN:123,problemMint
FNF:13
FNH:13
FNDA:138,onlyProblems
FNDA:150,constructor
FNDA:1,
FNDA:3,updateTockPrice
FNDA:152,updateProblemsAddress
FNDA:51,updateTocksAddress
FNDA:141,generateSeed
FNDA:143,processPayment
FNDA:22,mint
FNDA:122,mintAndBurn
FNDA:5,upgrade
FNDA:11,burn
FNDA:2,problemMint
DA:36,138
DA:37,135
DA:47,150
DA:51,1
DA:57,3
DA:58,2
DA:62,152
DA:66,51
DA:71,141
DA:75,143
DA:76,143
DA:77,142
DA:78,142
DA:79,142
DA:83,22
DA:87,21
DA:88,19
DA:89,19
DA:90,19
DA:98,122
DA:99,122
DA:100,122
DA:101,122
DA:102,122
DA:103,122
DA:107,5
DA:108,4
DA:109,3
DA:110,2
DA:114,1
DA:115,1
DA:116,1
DA:120,11
DA:124,2
LF:34
LH:34
BRDA:36,1,0,135
BRDA:36,1,1,3
BRDA:56,2,0,3
BRDA:56,2,1,1
BRDA:57,3,0,2
BRDA:57,3,1,1
BRDA:61,4,0,152
BRDA:61,4,1,1
BRDA:65,5,0,51
BRDA:65,5,1,1
BRDA:76,6,0,142
BRDA:76,6,1,1
BRDA:83,7,0,21
BRDA:83,7,1,1
BRDA:96,8,0,122
BRDA:96,8,1,1
BRDA:107,9,0,4
BRDA:107,9,1,1
BRDA:108,10,0,3
BRDA:108,10,1,1
BRDA:109,11,0,2
BRDA:109,11,1,1
BRDA:110,12,0,1
BRDA:110,12,1,1
BRDA:119,13,0,11
BRDA:119,13,1,1
BRDA:123,14,0,2
BRDA:123,14,1,1
BRF:28
BRH:28
end_of_record
TN:
SF:/Users/billy/GitHub/okwme/anybody-problem/contracts/Metadata.sol
FN:13,constructor
FN:19,setbaseURI
FN:26,getMetadata
FNF:3
FNH:1
FNDA:150,constructor
FNDA:0,setbaseURI
FNDA:0,getMetadata
DA:20,0
DA:27,0
LF:2
LH:0
BRDA:19,1,0,0
BRDA:19,1,1,0
BRF:2
BRH:0
end_of_record
TN:
SF:/Users/billy/GitHub/okwme/anybody-problem/contracts/Problems.sol
FN:77,onlySolver
FN:82,initialized
FN:102,constructor
FN:117,tokenURI
FN:123,updatePrice
FN:127,updatePaused
FN:131,updateStartDate
FN:139,updateVerifier
FN:143,updateSolverAddress
FN:147,updateMetadataAddress
FN:151,updateBodiesAddress
FN:155,updateWalletAddress
FN:159,generateSeed
FN:164,mint
FN:168,mint
FN:178,adminMint
FN:182,_internalMint
FN:197,mintBody
FN:209,addBody
FN:222,removeBody
FN:245,_removeElement
FN:256,_addBody
FN:287,getRandomValues
FN:317,randomRange
FN:325,getProblemBodyIds
FN:331,getProblemBodyData
FN:341,updateProblemBodyCount
FN:348,updateProblemBodyIds
FN:355,updateProblemTickCount
FN:363,updateProblemBody
FN:372,recoverUnsuccessfulMintPayment
FNF:31
FNH:30
FNDA:20,onlySolver
FNDA:48,initialized
FNDA:156,constructor
FNDA:0,tokenURI
FNDA:2,updatePrice
FNDA:29,updatePaused
FNDA:27,updateStartDate
FNDA:1,updateVerifier
FNDA:52,updateSolverAddress
FNDA:1,updateMetadataAddress
FNDA:51,updateBodiesAddress
FNDA:2,updateWalletAddress
FNDA:40,generateSeed
FNDA:43,mint
FNDA:44,mint
FNDA:1,adminMint
FNDA:40,_internalMint
FNDA:1,mintBody
FNDA:11,addBody
FNDA:1,removeBody
FNDA:1,_removeElement
FNDA:131,_addBody
FNDA:131,getRandomValues
FNDA:262,randomRange
FNDA:13,getProblemBodyIds
FNDA:40,getProblemBodyData
FNDA:1,updateProblemBodyCount
FNDA:1,updateProblemBodyIds
FNDA:4,updateProblemTickCount
FNDA:10,updateProblemBody
FNDA:1,recoverUnsuccessfulMintPayment
DA:78,20
DA:79,16
DA:83,48
DA:84,46
DA:85,46
DA:86,46
DA:87,46
DA:103,156
DA:104,156
DA:105,156
DA:106,156
DA:107,1206
DA:108,1206
DA:109,1206
DA:114,16
DA:120,0
DA:124,2
DA:128,29
DA:132,27
DA:140,1
DA:144,52
DA:148,1
DA:152,51
DA:156,2
DA:161,40
DA:165,43
DA:169,44
DA:170,41
DA:171,41
DA:173,39
DA:174,39
DA:175,39
DA:179,1
DA:183,40
DA:184,40
DA:186,40
DA:187,120
DA:191,120
DA:193,40
DA:194,40
DA:198,1
DA:199,1
DA:200,1
DA:204,1
DA:205,1
DA:206,1
DA:210,11
DA:211,11
DA:212,11
DA:213,11
DA:217,10
DA:218,10
DA:219,10
DA:223,1
DA:224,1
DA:225,1
DA:229,1
DA:230,1
DA:236,1
DA:237,1
DA:238,1
DA:242,1
DA:249,1
DA:250,9
DA:252,1
DA:253,1
DA:262,131
DA:263,131
DA:264,131
DA:265,131
DA:266,131
DA:267,131
DA:268,131
DA:269,131
DA:270,131
DA:271,131
DA:293,131
DA:294,131
DA:296,131
DA:297,131
DA:298,131
DA:299,131
DA:301,131
DA:305,131
DA:306,131
DA:307,131
DA:308,131
DA:309,131
DA:310,131
DA:311,131
DA:312,131
DA:314,131
DA:322,262
DA:328,13
DA:335,40
DA:342,1
DA:349,1
DA:356,4
DA:364,10
DA:373,1
DA:374,1
DA:375,1
LF:102
LH:101
BRDA:78,1,0,16
BRDA:78,1,1,4
BRDA:83,2,0,46
BRDA:83,2,1,2
BRDA:84,3,0,46
BRDA:84,3,1,0
BRDA:85,4,0,46
BRDA:85,4,1,0
BRDA:86,5,0,46
BRDA:86,5,1,0
BRDA:103,6,0,156
BRDA:103,6,1,0
BRDA:107,7,0,1206
BRDA:107,7,1,0
BRDA:108,8,0,1206
BRDA:108,8,1,0
BRDA:123,9,0,2
BRDA:123,9,1,1
BRDA:127,10,0,29
BRDA:127,10,1,1
BRDA:131,11,0,27
BRDA:131,11,1,1
BRDA:139,12,0,1
BRDA:139,12,1,1
BRDA:143,13,0,52
BRDA:143,13,1,1
BRDA:147,14,0,1
BRDA:147,14,1,1
BRDA:151,15,0,51
BRDA:151,15,1,1
BRDA:155,16,0,2
BRDA:155,16,1,1
BRDA:168,17,0,44
BRDA:168,17,1,1
BRDA:169,18,0,41
BRDA:169,18,1,3
BRDA:170,19,0,41
BRDA:170,19,1,0
BRDA:171,20,0,39
BRDA:171,20,1,2
BRDA:178,21,0,2
BRDA:178,21,1,1
BRDA:178,22,0,1
BRDA:178,22,1,1
BRDA:198,23,0,1
BRDA:198,23,1,0
BRDA:199,24,0,1
BRDA:199,24,1,0
BRDA:200,25,0,1
BRDA:200,25,1,0
BRDA:210,26,0,11
BRDA:210,26,1,0
BRDA:211,27,0,11
BRDA:211,27,1,0
BRDA:212,28,0,11
BRDA:212,28,1,0
BRDA:213,29,0,10
BRDA:213,29,1,1
BRDA:223,30,0,1
BRDA:223,30,1,0
BRDA:224,31,0,1
BRDA:224,31,1,0
BRDA:225,32,0,1
BRDA:225,32,1,0
BRDA:341,33,0,1
BRDA:341,33,1,1
BRDA:348,34,0,1
BRDA:348,34,1,1
BRDA:355,35,0,4
BRDA:355,35,1,1
BRDA:363,36,0,10
BRDA:363,36,1,1
BRDA:372,37,0,1
BRDA:372,37,1,1
BRF:74
BRH:58
end_of_record
TN:
SF:/Users/billy/GitHub/okwme/anybody-problem/contracts/Solver.sol
FN:43,constructor
FN:48,
FN:52,updateProblemsAddress
FN:56,updateTocksAddress
FN:60,solveProblem
FN:246,convertTo30
FN:256,convertTo40
FN:266,convertTo50
FN:276,convertTo60
FN:286,convertTo70
FN:296,convertTo80
FN:306,convertTo90
FN:316,convertTo100
FNF:13
FNH:6
FNDA:150,constructor
FNDA:1,
FNDA:1,updateProblemsAddress
FNDA:1,updateTocksAddress
FNDA:3,solveProblem
FNDA:3,convertTo30
FNDA:0,convertTo40
FNDA:0,convertTo50
FNDA:0,convertTo60
FNDA:0,convertTo70
FNDA:0,convertTo80
FNDA:0,convertTo90
FNDA:0,convertTo100
DA:44,150
DA:45,150
DA:49,1
DA:53,1
DA:57,1
DA:68,3
DA:70,3
DA:72,3
DA:73,3
DA:74,3
DA:79,3
DA:80,3
DA:90,0
DA:100,0
DA:110,0
DA:120,0
DA:130,0
DA:140,0
DA:150,0
DA:160,0
DA:162,3
DA:166,3
DA:171,3
DA:174,3
DA:175,3
DA:176,9
DA:187,9
DA:192,9
DA:197,9
DA:202,9
DA:211,9
DA:216,9
DA:221,9
DA:226,9
DA:231,9
DA:236,9
DA:237,9
DA:243,3
DA:249,3
DA:250,3
DA:251,90
DA:253,3
DA:259,0
DA:260,0
DA:261,0
DA:263,0
DA:269,0
DA:270,0
DA:271,0
DA:273,0
DA:279,0
DA:280,0
DA:281,0
DA:283,0
DA:289,0
DA:290,0
DA:291,0
DA:293,0
DA:299,0
DA:300,0
DA:301,0
DA:303,0
DA:309,0
DA:310,0
DA:311,0
DA:313,0
DA:319,0
DA:320,0
DA:321,0
DA:323,0
LF:70
LH:34
BRDA:52,1,0,1
BRDA:52,1,1,1
BRDA:56,2,0,1
BRDA:56,2,1,1
BRDA:73,3,0,3
BRDA:73,3,1,0
BRDA:79,4,0,3
BRDA:79,4,1,0
BRDA:80,5,0,3
BRDA:80,5,1,0
BRDA:89,6,0,0
BRDA:89,6,1,0
BRDA:90,7,0,0
BRDA:90,7,1,0
BRDA:99,8,0,0
BRDA:99,8,1,0
BRDA:100,9,0,0
BRDA:100,9,1,0
BRDA:109,10,0,0
BRDA:109,10,1,0
BRDA:110,11,0,0
BRDA:110,11,1,0
BRDA:119,12,0,0
BRDA:119,12,1,0
BRDA:120,13,0,0
BRDA:120,13,1,0
BRDA:129,14,0,0
BRDA:129,14,1,0
BRDA:130,15,0,0
BRDA:130,15,1,0
BRDA:139,16,0,0
BRDA:139,16,1,0
BRDA:140,17,0,0
BRDA:140,17,1,0
BRDA:149,18,0,0
BRDA:149,18,1,0
BRDA:150,19,0,0
BRDA:150,19,1,0
BRDA:187,20,0,9
BRDA:187,20,1,0
BRDA:197,21,0,9
BRDA:197,21,1,0
BRDA:211,22,0,9
BRDA:211,22,1,0
BRDA:221,23,0,9
BRDA:221,23,1,0
BRDA:231,24,0,9
BRDA:231,24,1,0
BRF:48
BRH:12
end_of_record
TN:
SF:/Users/billy/GitHub/okwme/anybody-problem/contracts/Tocks.sol
FN:12,onlySolver
FN:17,onlyBodies
FN:25,constructor
FN:30,updateProblemsAddress
FN:34,updateBodiesAddress
FN:38,updateSolverAddress
FN:42,allowance
FN:52,burn
FN:56,mint
FNF:9
FNH:8
FNDA:25,onlySolver
FNDA:142,onlyBodies
FNDA:150,constructor
FNDA:150,updateProblemsAddress
FNDA:150,updateBodiesAddress
FNDA:71,updateSolverAddress
FNDA:0,allowance
FNDA:142,burn
FNDA:25,mint
DA:13,25
DA:14,25
DA:18,142
DA:19,142
DA:26,150
DA:27,150
DA:31,150
DA:35,150
DA:39,71
DA:46,0
DA:47,0
DA:49,0
DA:53,142
DA:57,25
LF:14
LH:11
BRDA:13,1,0,25
BRDA:13,1,1,0
BRDA:18,2,0,142
BRDA:18,2,1,0
BRDA:30,3,0,150
BRDA:30,3,1,0
BRDA:34,4,0,150
BRDA:34,4,1,0
BRDA:38,5,0,71
BRDA:38,5,1,0
BRDA:46,6,0,0
BRDA:46,6,1,0
BRDA:46,7,0,0
BRDA:46,7,1,0
BRDA:52,8,0,142
BRDA:52,8,1,0
BRDA:56,9,0,25
BRDA:56,9,1,0
BRF:18
BRH:7
end_of_record
