TN:
SF:/Users/billy/GitHub/okwme/anybody-problem/contracts/Bodies.sol
FN:35,onlyProblems
FN:46,constructor
FN:50,
FN:56,updateTockPrice
FN:61,updateProblemsAddress
FN:65,updateTocksAddress
FN:69,generateSeed
FN:74,processPayment
FN:82,mint
FN:96,mintAndBurn
FN:106,upgrade
FN:119,burn
FN:123,problemMint
FNF:13
FNH:13
FNDA:148,onlyProblems
FNDA:153,constructor
FNDA:1,
FNDA:3,updateTockPrice
FNDA:155,updateProblemsAddress
FNDA:52,updateTocksAddress
FNDA:151,generateSeed
FNDA:154,processPayment
FNDA:23,mint
FNDA:132,mintAndBurn
FNDA:5,upgrade
FNDA:11,burn
FNDA:2,problemMint
DA:36,148
DA:37,145
DA:47,153
DA:51,1
DA:57,3
DA:58,2
DA:62,155
DA:66,52
DA:71,151
DA:75,154
DA:76,154
DA:77,152
DA:78,152
DA:79,152
DA:83,23
DA:87,22
DA:88,19
DA:89,19
DA:90,19
DA:98,132
DA:99,132
DA:100,132
DA:101,132
DA:102,132
DA:103,132
DA:107,5
DA:108,4
DA:109,3
DA:110,2
DA:114,1
DA:115,1
DA:116,1
DA:120,11
DA:124,2
LF:34
LH:34
BRDA:36,1,0,145
BRDA:36,1,1,3
BRDA:56,2,0,3
BRDA:56,2,1,1
BRDA:57,3,0,2
BRDA:57,3,1,1
BRDA:61,4,0,155
BRDA:61,4,1,1
BRDA:65,5,0,52
BRDA:65,5,1,1
BRDA:76,6,0,152
BRDA:76,6,1,2
BRDA:83,7,0,22
BRDA:83,7,1,1
BRDA:96,8,0,132
BRDA:96,8,1,1
BRDA:107,9,0,4
BRDA:107,9,1,1
BRDA:108,10,0,3
BRDA:108,10,1,1
BRDA:109,11,0,2
BRDA:109,11,1,1
BRDA:110,12,0,1
BRDA:110,12,1,1
BRDA:119,13,0,11
BRDA:119,13,1,1
BRDA:123,14,0,2
BRDA:123,14,1,1
BRF:28
BRH:28
end_of_record
TN:
SF:/Users/billy/GitHub/okwme/anybody-problem/contracts/Metadata.sol
FN:13,constructor
FN:19,setbaseURI
FN:26,getMetadata
FNF:3
FNH:1
FNDA:153,constructor
FNDA:0,setbaseURI
FNDA:0,getMetadata
DA:20,0
DA:27,0
LF:2
LH:0
BRDA:19,1,0,0
BRDA:19,1,1,0
BRF:2
BRH:0
end_of_record
TN:
SF:/Users/billy/GitHub/okwme/anybody-problem/contracts/Problems.sol
FN:77,onlySolver
FN:82,initialized
FN:102,constructor
FN:117,tokenURI
FN:123,updatePrice
FN:127,updatePaused
FN:131,updateStartDate
FN:139,updateVerifier
FN:143,updateSolverAddress
FN:147,updateMetadataAddress
FN:151,updateBodiesAddress
FN:155,updateWalletAddress
FN:159,generateSeed
FN:164,mint
FN:168,mint
FN:178,adminMint
FN:182,_internalMint
FN:197,mintBody
FN:209,addBody
FN:222,removeBody
FN:245,_removeElement
FN:256,_addBody
FN:287,getRandomValues
FN:317,randomRange
FN:325,getProblemBodyIds
FN:331,getProblemBodyData
FN:341,updateProblemBodyCount
FN:348,updateProblemBodyIds
FN:355,updateProblemTickCount
FN:363,updateProblemBody
FN:372,recoverUnsuccessfulMintPayment
FNF:31
FNH:30
FNDA:69,onlySolver
FNDA:49,initialized
FNDA:159,constructor
FNDA:0,tokenURI
FNDA:2,updatePrice
FNDA:30,updatePaused
FNDA:28,updateStartDate
FNDA:1,updateVerifier
FNDA:53,updateSolverAddress
FNDA:1,updateMetadataAddress
FNDA:52,updateBodiesAddress
FNDA:2,updateWalletAddress
FNDA:41,generateSeed
FNDA:44,mint
FNDA:45,mint
FNDA:1,adminMint
FNDA:41,_internalMint
FNDA:9,mintBody
FNDA:11,addBody
FNDA:1,removeBody
FNDA:1,_removeElement
FNDA:141,_addBody
FNDA:141,getRandomValues
FNDA:282,randomRange
FNDA:27,getProblemBodyIds
FNDA:166,getProblemBodyData
FNDA:1,updateProblemBodyCount
FNDA:1,updateProblemBodyIds
FNDA:11,updateProblemTickCount
FNDA:52,updateProblemBody
FNDA:1,recoverUnsuccessfulMintPayment
DA:78,69
DA:79,65
DA:83,49
DA:84,47
DA:85,47
DA:86,47
DA:87,47
DA:103,159
DA:104,159
DA:105,159
DA:106,159
DA:107,1230
DA:108,1230
DA:109,1230
DA:114,16
DA:120,0
DA:124,2
DA:128,30
DA:132,28
DA:140,1
DA:144,53
DA:148,1
DA:152,52
DA:156,2
DA:161,41
DA:165,44
DA:169,45
DA:170,42
DA:171,42
DA:173,40
DA:174,40
DA:175,40
DA:179,1
DA:183,41
DA:184,41
DA:186,41
DA:187,123
DA:191,123
DA:193,41
DA:194,41
DA:198,9
DA:199,9
DA:200,9
DA:204,8
DA:205,8
DA:206,8
DA:210,11
DA:211,11
DA:212,11
DA:213,11
DA:217,10
DA:218,10
DA:219,10
DA:223,1
DA:224,1
DA:225,1
DA:229,1
DA:230,1
DA:236,1
DA:237,1
DA:238,1
DA:242,1
DA:249,1
DA:250,9
DA:252,1
DA:253,1
DA:262,141
DA:263,141
DA:264,141
DA:265,141
DA:266,141
DA:267,141
DA:268,141
DA:269,141
DA:270,141
DA:271,141
DA:293,141
DA:294,141
DA:296,141
DA:297,141
DA:298,141
DA:299,141
DA:301,141
DA:305,141
DA:306,141
DA:307,141
DA:308,141
DA:309,141
DA:310,141
DA:311,141
DA:312,141
DA:314,141
DA:322,282
DA:328,27
DA:335,166
DA:342,1
DA:349,1
DA:356,11
DA:364,52
DA:373,1
DA:374,1
DA:375,1
LF:102
LH:101
BRDA:78,1,0,65
BRDA:78,1,1,4
BRDA:83,2,0,47
BRDA:83,2,1,2
BRDA:84,3,0,47
BRDA:84,3,1,0
BRDA:85,4,0,47
BRDA:85,4,1,0
BRDA:86,5,0,47
BRDA:86,5,1,0
BRDA:103,6,0,159
BRDA:103,6,1,0
BRDA:107,7,0,1230
BRDA:107,7,1,0
BRDA:108,8,0,1230
BRDA:108,8,1,0
BRDA:123,9,0,2
BRDA:123,9,1,1
BRDA:127,10,0,30
BRDA:127,10,1,1
BRDA:131,11,0,28
BRDA:131,11,1,1
BRDA:139,12,0,1
BRDA:139,12,1,1
BRDA:143,13,0,53
BRDA:143,13,1,1
BRDA:147,14,0,1
BRDA:147,14,1,1
BRDA:151,15,0,52
BRDA:151,15,1,1
BRDA:155,16,0,2
BRDA:155,16,1,1
BRDA:168,17,0,45
BRDA:168,17,1,1
BRDA:169,18,0,42
BRDA:169,18,1,3
BRDA:170,19,0,42
BRDA:170,19,1,0
BRDA:171,20,0,40
BRDA:171,20,1,2
BRDA:178,21,0,2
BRDA:178,21,1,1
BRDA:178,22,0,1
BRDA:178,22,1,1
BRDA:198,23,0,9
BRDA:198,23,1,0
BRDA:199,24,0,9
BRDA:199,24,1,0
BRDA:200,25,0,8
BRDA:200,25,1,1
BRDA:210,26,0,11
BRDA:210,26,1,0
BRDA:211,27,0,11
BRDA:211,27,1,0
BRDA:212,28,0,11
BRDA:212,28,1,0
BRDA:213,29,0,10
BRDA:213,29,1,1
BRDA:223,30,0,1
BRDA:223,30,1,0
BRDA:224,31,0,1
BRDA:224,31,1,0
BRDA:225,32,0,1
BRDA:225,32,1,0
BRDA:341,33,0,1
BRDA:341,33,1,1
BRDA:348,34,0,1
BRDA:348,34,1,1
BRDA:355,35,0,11
BRDA:355,35,1,1
BRDA:363,36,0,52
BRDA:363,36,1,1
BRDA:372,37,0,1
BRDA:372,37,1,1
BRF:74
BRH:59
end_of_record
TN:
SF:/Users/billy/GitHub/okwme/anybody-problem/contracts/Solver.sol
FN:43,constructor
FN:48,
FN:52,updateProblemsAddress
FN:56,updateTocksAddress
FN:60,solveProblem
FN:253,convertTo30
FN:263,convertTo40
FN:273,convertTo50
FN:283,convertTo60
FN:293,convertTo70
FN:303,convertTo80
FN:313,convertTo90
FN:323,convertTo100
FNF:13
FNH:12
FNDA:153,constructor
FNDA:1,
FNDA:1,updateProblemsAddress
FNDA:1,updateTocksAddress
FNDA:10,solveProblem
FNDA:4,convertTo30
FNDA:1,convertTo40
FNDA:1,convertTo50
FNDA:1,convertTo60
FNDA:1,convertTo70
FNDA:1,convertTo80
FNDA:1,convertTo90
FNDA:0,convertTo100
DA:44,153
DA:45,153
DA:49,1
DA:53,1
DA:57,1
DA:68,10
DA:70,10
DA:72,10
DA:73,10
DA:74,10
DA:79,10
DA:80,4
DA:90,1
DA:100,1
DA:110,1
DA:120,1
DA:130,1
DA:140,1
DA:150,0
DA:160,0
DA:162,10
DA:166,10
DA:171,10
DA:174,10
DA:175,10
DA:176,51
DA:187,51
DA:192,51
DA:197,51
DA:202,51
DA:211,51
DA:216,51
DA:228,51
DA:233,51
DA:238,51
DA:243,51
DA:244,51
DA:250,10
DA:256,4
DA:257,4
DA:258,120
DA:260,4
DA:266,1
DA:267,1
DA:268,40
DA:270,1
DA:276,1
DA:277,1
DA:278,50
DA:280,1
DA:286,1
DA:287,1
DA:288,60
DA:290,1
DA:296,1
DA:297,1
DA:298,70
DA:300,1
DA:306,1
DA:307,1
DA:308,80
DA:310,1
DA:316,1
DA:317,1
DA:318,90
DA:320,1
DA:326,0
DA:327,0
DA:328,0
DA:330,0
LF:70
LH:64
BRDA:52,1,0,1
BRDA:52,1,1,1
BRDA:56,2,0,1
BRDA:56,2,1,1
BRDA:73,3,0,10
BRDA:73,3,1,0
BRDA:79,4,0,4
BRDA:79,4,1,6
BRDA:80,5,0,4
BRDA:80,5,1,0
BRDA:89,6,0,1
BRDA:89,6,1,5
BRDA:90,7,0,1
BRDA:90,7,1,0
BRDA:99,8,0,1
BRDA:99,8,1,4
BRDA:100,9,0,1
BRDA:100,9,1,0
BRDA:109,10,0,1
BRDA:109,10,1,3
BRDA:110,11,0,1
BRDA:110,11,1,0
BRDA:119,12,0,1
BRDA:119,12,1,2
BRDA:120,13,0,1
BRDA:120,13,1,0
BRDA:129,14,0,1
BRDA:129,14,1,1
BRDA:130,15,0,1
BRDA:130,15,1,0
BRDA:139,16,0,1
BRDA:139,16,1,0
BRDA:140,17,0,1
BRDA:140,17,1,0
BRDA:149,18,0,0
BRDA:149,18,1,0
BRDA:150,19,0,0
BRDA:150,19,1,0
BRDA:187,20,0,51
BRDA:187,20,1,0
BRDA:197,21,0,51
BRDA:197,21,1,0
BRDA:211,22,0,51
BRDA:211,22,1,0
BRDA:228,23,0,51
BRDA:228,23,1,0
BRDA:238,24,0,51
BRDA:238,24,1,0
BRF:48
BRH:30
end_of_record
TN:
SF:/Users/billy/GitHub/okwme/anybody-problem/contracts/Tocks.sol
FN:12,onlySolver
FN:17,onlyBodies
FN:25,constructor
FN:30,updateProblemsAddress
FN:34,updateBodiesAddress
FN:38,updateSolverAddress
FN:42,allowance
FN:52,burn
FN:56,mint
FNF:9
FNH:8
FNDA:40,onlySolver
FNDA:152,onlyBodies
FNDA:153,constructor
FNDA:153,updateProblemsAddress
FNDA:153,updateBodiesAddress
FNDA:108,updateSolverAddress
FNDA:0,allowance
FNDA:152,burn
FNDA:40,mint
DA:13,40
DA:14,40
DA:18,152
DA:19,152
DA:26,153
DA:27,153
DA:31,153
DA:35,153
DA:39,108
DA:46,0
DA:47,0
DA:49,0
DA:53,152
DA:57,40
LF:14
LH:11
BRDA:13,1,0,40
BRDA:13,1,1,0
BRDA:18,2,0,152
BRDA:18,2,1,0
BRDA:30,3,0,153
BRDA:30,3,1,0
BRDA:34,4,0,153
BRDA:34,4,1,0
BRDA:38,5,0,108
BRDA:38,5,1,0
BRDA:46,6,0,0
BRDA:46,6,1,0
BRDA:46,7,0,0
BRDA:46,7,1,0
BRDA:52,8,0,152
BRDA:52,8,1,0
BRDA:56,9,0,40
BRDA:56,9,1,0
BRF:18
BRH:7
end_of_record
