{
"contracts/Bodies.sol":{"l":{"62":176,"63":173,"74":174,"78":1,"84":3,"85":2,"89":0,"90":0,"94":176,"98":59,"102":151,"107":152,"108":152,"109":152,"110":25,"120":16,"121":15,"122":15,"129":15,"130":15,"146":136,"147":136,"148":136,"149":136,"150":136,"158":136,"159":136,"160":136,"161":136,"173":11,"174":11,"175":11,"176":11,"195":8,"196":8,"197":8,"198":8,"199":8,"203":1,"207":1},"path":"/Users/billy/GitHub/okwme/anybody-problem/contracts/Bodies.sol","s":{"1":176,"2":174,"3":1,"4":3,"5":0,"6":151,"7":152,"8":152,"9":152,"10":25,"11":16,"12":15,"13":15,"14":136,"15":136,"16":136,"17":136,"18":136,"19":11,"20":11,"21":11,"22":8,"23":8,"24":8,"25":1,"26":1},"b":{"1":[173,3],"2":[3,1],"3":[2,1],"4":[0,0],"5":[0,0],"6":[176,1],"7":[59,1],"8":[152,0],"9":[25,127],"10":[16,0],"11":[136,1],"12":[11,0],"13":[11,0],"14":[8,0],"15":[8,0],"16":[8,0],"17":[1,1],"18":[1,1]},"f":{"1":176,"2":174,"3":1,"4":3,"5":0,"6":176,"7":59,"8":151,"9":152,"10":16,"11":136,"12":11,"13":8,"14":1,"15":1},"fnMap":{"1":{"name":"onlyProblems","line":61,"loc":{"start":{"line":61,"column":4},"end":{"line":64,"column":4}}},"2":{"name":"constructor","line":73,"loc":{"start":{"line":73,"column":4},"end":{"line":75,"column":4}}},"3":{"name":null,"line":77,"loc":{"start":{"line":77,"column":4},"end":{"line":79,"column":4}}},"4":{"name":"updateDustPrice","line":83,"loc":{"start":{"line":83,"column":4},"end":{"line":86,"column":4}}},"5":{"name":"updateBodyLife","line":88,"loc":{"start":{"line":88,"column":4},"end":{"line":91,"column":4}}},"6":{"name":"updateProblemsAddress","line":93,"loc":{"start":{"line":93,"column":4},"end":{"line":95,"column":4}}},"7":{"name":"updateDustAddress","line":97,"loc":{"start":{"line":97,"column":4},"end":{"line":99,"column":4}}},"8":{"name":"generateSeed","line":101,"loc":{"start":{"line":101,"column":4},"end":{"line":104,"column":4}}},"9":{"name":"processPayment","line":106,"loc":{"start":{"line":106,"column":4},"end":{"line":112,"column":4}}},"10":{"name":"mint","line":118,"loc":{"start":{"line":114,"column":4},"end":{"line":138,"column":4}}},"11":{"name":"mintAndAddToProblem","line":144,"loc":{"start":{"line":140,"column":4},"end":{"line":162,"column":4}}},"12":{"name":"moveBodyToProblem","line":170,"loc":{"start":{"line":164,"column":4},"end":{"line":182,"column":4}}},"13":{"name":"moveBodyFromProblem","line":194,"loc":{"start":{"line":189,"column":4},"end":{"line":200,"column":4}}},"14":{"name":"burn","line":202,"loc":{"start":{"line":202,"column":4},"end":{"line":204,"column":4}}},"15":{"name":"problemMint","line":206,"loc":{"start":{"line":206,"column":4},"end":{"line":208,"column":4}}}},"statementMap":{"1":{"start":{"line":62,"column":8},"end":{"line":62,"column":64}},"2":{"start":{"line":74,"column":8},"end":{"line":74,"column":39}},"3":{"start":{"line":78,"column":8},"end":{"line":78,"column":37}},"4":{"start":{"line":84,"column":8},"end":{"line":84,"column":43}},"5":{"start":{"line":89,"column":8},"end":{"line":89,"column":43}},"6":{"start":{"line":102,"column":8},"end":{"line":102,"column":2606}},"7":{"start":{"line":107,"column":8},"end":{"line":107,"column":72}},"8":{"start":{"line":108,"column":8},"end":{"line":108,"column":68}},"9":{"start":{"line":109,"column":8},"end":{"line":109,"column":2861}},"10":{"start":{"line":110,"column":12},"end":{"line":110,"column":46}},"11":{"start":{"line":120,"column":8},"end":{"line":120,"column":45}},"12":{"start":{"line":129,"column":8},"end":{"line":129,"column":28}},"13":{"start":{"line":130,"column":8},"end":{"line":130,"column":3525}},"14":{"start":{"line":146,"column":8},"end":{"line":146,"column":45}},"15":{"start":{"line":158,"column":8},"end":{"line":158,"column":28}},"16":{"start":{"line":159,"column":8},"end":{"line":159,"column":47}},"17":{"start":{"line":160,"column":8},"end":{"line":160,"column":76}},"18":{"start":{"line":161,"column":8},"end":{"line":161,"column":36}},"19":{"start":{"line":173,"column":8},"end":{"line":173,"column":58}},"20":{"start":{"line":175,"column":8},"end":{"line":175,"column":46}},"21":{"start":{"line":176,"column":8},"end":{"line":176,"column":4982}},"22":{"start":{"line":195,"column":8},"end":{"line":195,"column":66}},"23":{"start":{"line":196,"column":8},"end":{"line":196,"column":71}},"24":{"start":{"line":199,"column":8},"end":{"line":199,"column":46}},"25":{"start":{"line":203,"column":8},"end":{"line":203,"column":20}},"26":{"start":{"line":207,"column":8},"end":{"line":207,"column":27}}},"branchMap":{"1":{"line":62,"type":"if","locations":[{"start":{"line":62,"column":8},"end":{"line":62,"column":8}},{"start":{"line":62,"column":8},"end":{"line":62,"column":8}}]},"2":{"line":83,"type":"if","locations":[{"start":{"line":83,"column":66},"end":{"line":83,"column":66}},{"start":{"line":83,"column":66},"end":{"line":83,"column":66}}]},"3":{"line":84,"type":"if","locations":[{"start":{"line":84,"column":8},"end":{"line":84,"column":8}},{"start":{"line":84,"column":8},"end":{"line":84,"column":8}}]},"4":{"line":88,"type":"if","locations":[{"start":{"line":88,"column":64},"end":{"line":88,"column":64}},{"start":{"line":88,"column":64},"end":{"line":88,"column":64}}]},"5":{"line":89,"type":"if","locations":[{"start":{"line":89,"column":8},"end":{"line":89,"column":8}},{"start":{"line":89,"column":8},"end":{"line":89,"column":8}}]},"6":{"line":93,"type":"if","locations":[{"start":{"line":93,"column":69},"end":{"line":93,"column":69}},{"start":{"line":93,"column":69},"end":{"line":93,"column":69}}]},"7":{"line":97,"type":"if","locations":[{"start":{"line":97,"column":53},"end":{"line":97,"column":53}},{"start":{"line":97,"column":53},"end":{"line":97,"column":53}}]},"8":{"line":107,"type":"if","locations":[{"start":{"line":107,"column":8},"end":{"line":107,"column":8}},{"start":{"line":107,"column":8},"end":{"line":107,"column":8}}]},"9":{"line":109,"type":"if","locations":[{"start":{"line":109,"column":8},"end":{"line":109,"column":8}},{"start":{"line":109,"column":8},"end":{"line":109,"column":8}}]},"10":{"line":118,"type":"if","locations":[{"start":{"line":118,"column":13},"end":{"line":118,"column":13}},{"start":{"line":118,"column":13},"end":{"line":118,"column":13}}]},"11":{"line":144,"type":"if","locations":[{"start":{"line":144,"column":13},"end":{"line":144,"column":13}},{"start":{"line":144,"column":13},"end":{"line":144,"column":13}}]},"12":{"line":170,"type":"if","locations":[{"start":{"line":170,"column":8},"end":{"line":170,"column":8}},{"start":{"line":170,"column":8},"end":{"line":170,"column":8}}]},"13":{"line":173,"type":"if","locations":[{"start":{"line":173,"column":8},"end":{"line":173,"column":8}},{"start":{"line":173,"column":8},"end":{"line":173,"column":8}}]},"14":{"line":194,"type":"if","locations":[{"start":{"line":194,"column":13},"end":{"line":194,"column":13}},{"start":{"line":194,"column":13},"end":{"line":194,"column":13}}]},"15":{"line":195,"type":"if","locations":[{"start":{"line":195,"column":8},"end":{"line":195,"column":8}},{"start":{"line":195,"column":8},"end":{"line":195,"column":8}}]},"16":{"line":196,"type":"if","locations":[{"start":{"line":196,"column":8},"end":{"line":196,"column":8}},{"start":{"line":196,"column":8},"end":{"line":196,"column":8}}]},"17":{"line":202,"type":"if","locations":[{"start":{"line":202,"column":41},"end":{"line":202,"column":41}},{"start":{"line":202,"column":41},"end":{"line":202,"column":41}}]},"18":{"line":206,"type":"if","locations":[{"start":{"line":206,"column":63},"end":{"line":206,"column":63}},{"start":{"line":206,"column":63},"end":{"line":206,"column":63}}]}}},
"contracts/Dust.sol":{"l":{"13":28,"14":28,"18":25,"19":25,"26":174,"27":174,"31":174,"35":174,"39":109,"46":0,"47":0,"49":0,"53":25,"57":28},"path":"/Users/billy/GitHub/okwme/anybody-problem/contracts/Dust.sol","s":{"1":28,"2":25,"3":174,"4":174,"5":0,"6":0,"7":0,"8":25,"9":28},"b":{"1":[28,0],"2":[25,0],"3":[174,0],"4":[174,0],"5":[109,0],"6":[0,0],"7":[0,0],"8":[25,0],"9":[28,0]},"f":{"1":28,"2":25,"3":174,"4":174,"5":174,"6":109,"7":0,"8":25,"9":28},"fnMap":{"1":{"name":"onlySolver","line":12,"loc":{"start":{"line":12,"column":4},"end":{"line":15,"column":4}}},"2":{"name":"onlyBodies","line":17,"loc":{"start":{"line":17,"column":4},"end":{"line":20,"column":4}}},"3":{"name":"constructor","line":25,"loc":{"start":{"line":22,"column":4},"end":{"line":28,"column":4}}},"4":{"name":"updateProblemsAddress","line":30,"loc":{"start":{"line":30,"column":4},"end":{"line":32,"column":4}}},"5":{"name":"updateBodiesAddress","line":34,"loc":{"start":{"line":34,"column":4},"end":{"line":36,"column":4}}},"6":{"name":"updateSolverAddress","line":38,"loc":{"start":{"line":38,"column":4},"end":{"line":40,"column":4}}},"7":{"name":"allowance","line":42,"loc":{"start":{"line":42,"column":4},"end":{"line":50,"column":4}}},"8":{"name":"burn","line":52,"loc":{"start":{"line":52,"column":4},"end":{"line":54,"column":4}}},"9":{"name":"mint","line":56,"loc":{"start":{"line":56,"column":4},"end":{"line":58,"column":4}}}},"statementMap":{"1":{"start":{"line":13,"column":8},"end":{"line":13,"column":60}},"2":{"start":{"line":18,"column":8},"end":{"line":18,"column":60}},"3":{"start":{"line":26,"column":8},"end":{"line":26,"column":39}},"4":{"start":{"line":27,"column":8},"end":{"line":27,"column":35}},"5":{"start":{"line":46,"column":8},"end":{"line":46,"column":1169}},"6":{"start":{"line":47,"column":12},"end":{"line":47,"column":36}},"7":{"start":{"line":49,"column":8},"end":{"line":49,"column":46}},"8":{"start":{"line":53,"column":8},"end":{"line":53,"column":26}},"9":{"start":{"line":57,"column":8},"end":{"line":57,"column":24}}},"branchMap":{"1":{"line":13,"type":"if","locations":[{"start":{"line":13,"column":8},"end":{"line":13,"column":8}},{"start":{"line":13,"column":8},"end":{"line":13,"column":8}}]},"2":{"line":18,"type":"if","locations":[{"start":{"line":18,"column":8},"end":{"line":18,"column":8}},{"start":{"line":18,"column":8},"end":{"line":18,"column":8}}]},"3":{"line":30,"type":"if","locations":[{"start":{"line":30,"column":69},"end":{"line":30,"column":69}},{"start":{"line":30,"column":69},"end":{"line":30,"column":69}}]},"4":{"line":34,"type":"if","locations":[{"start":{"line":34,"column":57},"end":{"line":34,"column":57}},{"start":{"line":34,"column":57},"end":{"line":34,"column":57}}]},"5":{"line":38,"type":"if","locations":[{"start":{"line":38,"column":57},"end":{"line":38,"column":57}},{"start":{"line":38,"column":57},"end":{"line":38,"column":57}}]},"6":{"line":46,"type":"if","locations":[{"start":{"line":46,"column":8},"end":{"line":46,"column":8}},{"start":{"line":46,"column":8},"end":{"line":46,"column":8}}]},"7":{"line":46,"type":"cond-expr","locations":[{"start":{"line":46,"column":12},"end":{"line":46,"column":30}},{"start":{"line":46,"column":35},"end":{"line":46,"column":51}}]},"8":{"line":52,"type":"if","locations":[{"start":{"line":52,"column":55},"end":{"line":52,"column":55}},{"start":{"line":52,"column":55},"end":{"line":52,"column":55}}]},"9":{"line":56,"type":"if","locations":[{"start":{"line":56,"column":53},"end":{"line":56,"column":53}},{"start":{"line":56,"column":53},"end":{"line":56,"column":53}}]}}},
"contracts/Game_10_20Verifier.sol":{"l":{"357":1},"path":"/Users/billy/GitHub/okwme/anybody-problem/contracts/Game_10_20Verifier.sol","s":{},"b":{},"f":{"1":1},"fnMap":{"1":{"name":"verifyProof","line":356,"loc":{"start":{"line":356,"column":4},"end":{"line":862,"column":5}}}},"statementMap":{},"branchMap":{}},
"contracts/Game_10_50Verifier.sol":{"l":{"357":0},"path":"/Users/billy/GitHub/okwme/anybody-problem/contracts/Game_10_50Verifier.sol","s":{},"b":{},"f":{"1":0},"fnMap":{"1":{"name":"verifyProof","line":356,"loc":{"start":{"line":356,"column":4},"end":{"line":862,"column":5}}}},"statementMap":{},"branchMap":{}},
"contracts/Game_3_20Verifier.sol":{"l":{"147":6},"path":"/Users/billy/GitHub/okwme/anybody-problem/contracts/Game_3_20Verifier.sol","s":{},"b":{},"f":{"1":6},"fnMap":{"1":{"name":"verifyProof","line":146,"loc":{"start":{"line":146,"column":4},"end":{"line":372,"column":5}}}},"statementMap":{},"branchMap":{}},
"contracts/Game_3_500Verifier.sol":{"l":{"147":0},"path":"/Users/billy/GitHub/okwme/anybody-problem/contracts/Game_3_500Verifier.sol","s":{},"b":{},"f":{"1":0},"fnMap":{"1":{"name":"verifyProof","line":146,"loc":{"start":{"line":146,"column":4},"end":{"line":372,"column":5}}}},"statementMap":{},"branchMap":{}},
"contracts/Game_4_100Verifier.sol":{"l":{"177":0},"path":"/Users/billy/GitHub/okwme/anybody-problem/contracts/Game_4_100Verifier.sol","s":{},"b":{},"f":{"1":0},"fnMap":{"1":{"name":"verifyProof","line":176,"loc":{"start":{"line":176,"column":4},"end":{"line":442,"column":5}}}},"statementMap":{},"branchMap":{}},
"contracts/Game_4_20Verifier.sol":{"l":{"177":3},"path":"/Users/billy/GitHub/okwme/anybody-problem/contracts/Game_4_20Verifier.sol","s":{},"b":{},"f":{"1":3},"fnMap":{"1":{"name":"verifyProof","line":176,"loc":{"start":{"line":176,"column":4},"end":{"line":442,"column":5}}}},"statementMap":{},"branchMap":{}},
"contracts/Game_4_300Verifier.sol":{"l":{"177":0},"path":"/Users/billy/GitHub/okwme/anybody-problem/contracts/Game_4_300Verifier.sol","s":{},"b":{},"f":{"1":0},"fnMap":{"1":{"name":"verifyProof","line":176,"loc":{"start":{"line":176,"column":4},"end":{"line":442,"column":5}}}},"statementMap":{},"branchMap":{}},
"contracts/Game_5_100Verifier.sol":{"l":{"207":0},"path":"/Users/billy/GitHub/okwme/anybody-problem/contracts/Game_5_100Verifier.sol","s":{},"b":{},"f":{"1":0},"fnMap":{"1":{"name":"verifyProof","line":206,"loc":{"start":{"line":206,"column":4},"end":{"line":512,"column":5}}}},"statementMap":{},"branchMap":{}},
"contracts/Game_5_20Verifier.sol":{"l":{"207":1},"path":"/Users/billy/GitHub/okwme/anybody-problem/contracts/Game_5_20Verifier.sol","s":{},"b":{},"f":{"1":1},"fnMap":{"1":{"name":"verifyProof","line":206,"loc":{"start":{"line":206,"column":4},"end":{"line":512,"column":5}}}},"statementMap":{},"branchMap":{}},
"contracts/Game_6_100Verifier.sol":{"l":{"237":0},"path":"/Users/billy/GitHub/okwme/anybody-problem/contracts/Game_6_100Verifier.sol","s":{},"b":{},"f":{"1":0},"fnMap":{"1":{"name":"verifyProof","line":236,"loc":{"start":{"line":236,"column":4},"end":{"line":582,"column":5}}}},"statementMap":{},"branchMap":{}},
"contracts/Game_6_20Verifier.sol":{"l":{"237":1},"path":"/Users/billy/GitHub/okwme/anybody-problem/contracts/Game_6_20Verifier.sol","s":{},"b":{},"f":{"1":1},"fnMap":{"1":{"name":"verifyProof","line":236,"loc":{"start":{"line":236,"column":4},"end":{"line":582,"column":5}}}},"statementMap":{},"branchMap":{}},
"contracts/Game_7_100Verifier.sol":{"l":{"267":0},"path":"/Users/billy/GitHub/okwme/anybody-problem/contracts/Game_7_100Verifier.sol","s":{},"b":{},"f":{"1":0},"fnMap":{"1":{"name":"verifyProof","line":266,"loc":{"start":{"line":266,"column":4},"end":{"line":652,"column":5}}}},"statementMap":{},"branchMap":{}},
"contracts/Game_7_20Verifier.sol":{"l":{"267":1},"path":"/Users/billy/GitHub/okwme/anybody-problem/contracts/Game_7_20Verifier.sol","s":{},"b":{},"f":{"1":1},"fnMap":{"1":{"name":"verifyProof","line":266,"loc":{"start":{"line":266,"column":4},"end":{"line":652,"column":5}}}},"statementMap":{},"branchMap":{}},
"contracts/Game_8_20Verifier.sol":{"l":{"297":1},"path":"/Users/billy/GitHub/okwme/anybody-problem/contracts/Game_8_20Verifier.sol","s":{},"b":{},"f":{"1":1},"fnMap":{"1":{"name":"verifyProof","line":296,"loc":{"start":{"line":296,"column":4},"end":{"line":722,"column":5}}}},"statementMap":{},"branchMap":{}},
"contracts/Game_8_50Verifier.sol":{"l":{"297":0},"path":"/Users/billy/GitHub/okwme/anybody-problem/contracts/Game_8_50Verifier.sol","s":{},"b":{},"f":{"1":0},"fnMap":{"1":{"name":"verifyProof","line":296,"loc":{"start":{"line":296,"column":4},"end":{"line":722,"column":5}}}},"statementMap":{},"branchMap":{}},
"contracts/Game_9_20Verifier.sol":{"l":{"327":1},"path":"/Users/billy/GitHub/okwme/anybody-problem/contracts/Game_9_20Verifier.sol","s":{},"b":{},"f":{"1":1},"fnMap":{"1":{"name":"verifyProof","line":326,"loc":{"start":{"line":326,"column":4},"end":{"line":792,"column":5}}}},"statementMap":{},"branchMap":{}},
"contracts/Game_9_50Verifier.sol":{"l":{"327":0},"path":"/Users/billy/GitHub/okwme/anybody-problem/contracts/Game_9_50Verifier.sol","s":{},"b":{},"f":{"1":0},"fnMap":{"1":{"name":"verifyProof","line":326,"loc":{"start":{"line":326,"column":4},"end":{"line":792,"column":5}}}},"statementMap":{},"branchMap":{}},
"contracts/Metadata.sol":{"l":{"43":1,"44":1,"48":1,"56":0,"80":1,"87":0,"106":1,"125":1,"126":1,"133":1,"136":1,"137":1,"138":3,"143":3,"147":3,"148":3,"149":3,"153":3,"154":3,"155":3,"162":3,"163":3,"164":3,"171":3,"172":3,"181":3,"219":1,"223":3,"227":3,"234":0,"235":0,"236":0,"250":59},"path":"/Users/billy/GitHub/okwme/anybody-problem/contracts/Metadata.sol","s":{"1":1,"2":1,"3":0,"4":1,"5":0,"6":1,"7":1,"8":1,"9":1,"10":1,"11":1,"12":3,"13":3,"14":3,"15":3,"16":3,"17":3,"18":3,"19":3,"20":3,"21":3,"22":3,"23":3,"24":3,"25":1,"26":3,"27":3,"28":0,"29":0,"30":0},"b":{"1":[1,0],"2":[0,0],"3":[1,0],"4":[59,1]},"f":{"1":174,"2":1,"3":1,"4":0,"5":1,"6":0,"7":1,"8":1,"9":3,"10":0,"11":59},"fnMap":{"1":{"name":"constructor","line":19,"loc":{"start":{"line":19,"column":4},"end":{"line":19,"column":19}}},"2":{"name":"existsModifier","line":42,"loc":{"start":{"line":42,"column":4},"end":{"line":45,"column":4}}},"3":{"name":"exists","line":47,"loc":{"start":{"line":47,"column":4},"end":{"line":49,"column":4}}},"4":{"name":"getMetadata","line":55,"loc":{"start":{"line":53,"column":4},"end":{"line":77,"column":4}}},"5":{"name":"getName","line":79,"loc":{"start":{"line":79,"column":4},"end":{"line":84,"column":4}}},"6":{"name":"getHTML","line":86,"loc":{"start":{"line":86,"column":4},"end":{"line":100,"column":4}}},"7":{"name":"getSVG","line":105,"loc":{"start":{"line":103,"column":4},"end":{"line":121,"column":4}}},"8":{"name":"getPath","line":123,"loc":{"start":{"line":123,"column":4},"end":{"line":220,"column":4}}},"9":{"name":"seedToColor","line":222,"loc":{"start":{"line":222,"column":4},"end":{"line":228,"column":4}}},"10":{"name":"getAttributes","line":231,"loc":{"start":{"line":231,"column":4},"end":{"line":247,"column":4}}},"11":{"name":"updateProblemsAddress","line":249,"loc":{"start":{"line":249,"column":4},"end":{"line":251,"column":4}}}},"statementMap":{"1":{"start":{"line":43,"column":8},"end":{"line":43,"column":44}},"2":{"start":{"line":48,"column":8},"end":{"line":48,"column":59}},"3":{"start":{"line":56,"column":8},"end":{"line":56,"column":1598}},"4":{"start":{"line":80,"column":8},"end":{"line":80,"column":2455}},"5":{"start":{"line":87,"column":8},"end":{"line":87,"column":2669}},"6":{"start":{"line":106,"column":8},"end":{"line":106,"column":3255}},"7":{"start":{"line":125,"column":8},"end":{"line":125,"column":31}},"8":{"start":{"line":126,"column":8},"end":{"line":126,"column":4170}},"9":{"start":{"line":133,"column":8},"end":{"line":133,"column":4318}},"10":{"start":{"line":136,"column":8},"end":{"line":136,"column":66}},"11":{"start":{"line":137,"column":8},"end":{"line":137,"column":4491}},"12":{"start":{"line":138,"column":12},"end":{"line":138,"column":4550}},"13":{"start":{"line":143,"column":12},"end":{"line":143,"column":4713}},"14":{"start":{"line":147,"column":12},"end":{"line":147,"column":66}},"15":{"start":{"line":148,"column":12},"end":{"line":148,"column":74}},"16":{"start":{"line":149,"column":12},"end":{"line":149,"column":4976}},"17":{"start":{"line":153,"column":12},"end":{"line":153,"column":54}},"18":{"start":{"line":154,"column":12},"end":{"line":154,"column":69}},"19":{"start":{"line":155,"column":12},"end":{"line":155,"column":5257}},"20":{"start":{"line":162,"column":12},"end":{"line":162,"column":54}},"21":{"start":{"line":163,"column":12},"end":{"line":163,"column":69}},"22":{"start":{"line":164,"column":12},"end":{"line":164,"column":5634}},"23":{"start":{"line":171,"column":12},"end":{"line":171,"column":78}},"24":{"start":{"line":172,"column":12},"end":{"line":172,"column":5964}},"25":{"start":{"line":219,"column":8},"end":{"line":219,"column":19}},"26":{"start":{"line":223,"column":8},"end":{"line":223,"column":7665}},"27":{"start":{"line":227,"column":8},"end":{"line":227,"column":21}},"28":{"start":{"line":234,"column":8},"end":{"line":234,"column":25}},"29":{"start":{"line":235,"column":8},"end":{"line":235,"column":26}},"30":{"start":{"line":236,"column":8},"end":{"line":236,"column":8028}}},"branchMap":{"1":{"line":43,"type":"if","locations":[{"start":{"line":43,"column":8},"end":{"line":43,"column":8}},{"start":{"line":43,"column":8},"end":{"line":43,"column":8}}]},"2":{"line":55,"type":"if","locations":[{"start":{"line":55,"column":18},"end":{"line":55,"column":18}},{"start":{"line":55,"column":18},"end":{"line":55,"column":18}}]},"3":{"line":105,"type":"if","locations":[{"start":{"line":105,"column":18},"end":{"line":105,"column":18}},{"start":{"line":105,"column":18},"end":{"line":105,"column":18}}]},"4":{"line":249,"type":"if","locations":[{"start":{"line":249,"column":69},"end":{"line":249,"column":69}},{"start":{"line":249,"column":69},"end":{"line":249,"column":69}}]}}},
"contracts/Nft_10_20Verifier.sol":{"l":{"357":0},"path":"/Users/billy/GitHub/okwme/anybody-problem/contracts/Nft_10_20Verifier.sol","s":{},"b":{},"f":{"1":0},"fnMap":{"1":{"name":"verifyProof","line":356,"loc":{"start":{"line":356,"column":4},"end":{"line":862,"column":5}}}},"statementMap":{},"branchMap":{}},
"contracts/Nft_10_50Verifier.sol":{"l":{"357":0},"path":"/Users/billy/GitHub/okwme/anybody-problem/contracts/Nft_10_50Verifier.sol","s":{},"b":{},"f":{"1":0},"fnMap":{"1":{"name":"verifyProof","line":356,"loc":{"start":{"line":356,"column":4},"end":{"line":862,"column":5}}}},"statementMap":{},"branchMap":{}},
"contracts/Nft_3_100Verifier.sol":{"l":{"147":0},"path":"/Users/billy/GitHub/okwme/anybody-problem/contracts/Nft_3_100Verifier.sol","s":{},"b":{},"f":{"1":0},"fnMap":{"1":{"name":"verifyProof","line":146,"loc":{"start":{"line":146,"column":4},"end":{"line":372,"column":5}}}},"statementMap":{},"branchMap":{}},
"contracts/Nft_3_20Verifier.sol":{"l":{"147":1},"path":"/Users/billy/GitHub/okwme/anybody-problem/contracts/Nft_3_20Verifier.sol","s":{},"b":{},"f":{"1":1},"fnMap":{"1":{"name":"verifyProof","line":146,"loc":{"start":{"line":146,"column":4},"end":{"line":372,"column":5}}}},"statementMap":{},"branchMap":{}},
"contracts/Nft_3_500Verifier.sol":{"l":{"147":0},"path":"/Users/billy/GitHub/okwme/anybody-problem/contracts/Nft_3_500Verifier.sol","s":{},"b":{},"f":{"1":0},"fnMap":{"1":{"name":"verifyProof","line":146,"loc":{"start":{"line":146,"column":4},"end":{"line":372,"column":5}}}},"statementMap":{},"branchMap":{}},
"contracts/Nft_4_100Verifier.sol":{"l":{"177":0},"path":"/Users/billy/GitHub/okwme/anybody-problem/contracts/Nft_4_100Verifier.sol","s":{},"b":{},"f":{"1":0},"fnMap":{"1":{"name":"verifyProof","line":176,"loc":{"start":{"line":176,"column":4},"end":{"line":442,"column":5}}}},"statementMap":{},"branchMap":{}},
"contracts/Nft_4_20Verifier.sol":{"l":{"177":0},"path":"/Users/billy/GitHub/okwme/anybody-problem/contracts/Nft_4_20Verifier.sol","s":{},"b":{},"f":{"1":0},"fnMap":{"1":{"name":"verifyProof","line":176,"loc":{"start":{"line":176,"column":4},"end":{"line":442,"column":5}}}},"statementMap":{},"branchMap":{}},
"contracts/Nft_5_100Verifier.sol":{"l":{"207":0},"path":"/Users/billy/GitHub/okwme/anybody-problem/contracts/Nft_5_100Verifier.sol","s":{},"b":{},"f":{"1":0},"fnMap":{"1":{"name":"verifyProof","line":206,"loc":{"start":{"line":206,"column":4},"end":{"line":512,"column":5}}}},"statementMap":{},"branchMap":{}},
"contracts/Nft_5_20Verifier.sol":{"l":{"207":0},"path":"/Users/billy/GitHub/okwme/anybody-problem/contracts/Nft_5_20Verifier.sol","s":{},"b":{},"f":{"1":0},"fnMap":{"1":{"name":"verifyProof","line":206,"loc":{"start":{"line":206,"column":4},"end":{"line":512,"column":5}}}},"statementMap":{},"branchMap":{}},
"contracts/Nft_6_100Verifier.sol":{"l":{"237":0},"path":"/Users/billy/GitHub/okwme/anybody-problem/contracts/Nft_6_100Verifier.sol","s":{},"b":{},"f":{"1":0},"fnMap":{"1":{"name":"verifyProof","line":236,"loc":{"start":{"line":236,"column":4},"end":{"line":582,"column":5}}}},"statementMap":{},"branchMap":{}},
"contracts/Nft_6_20Verifier.sol":{"l":{"237":0},"path":"/Users/billy/GitHub/okwme/anybody-problem/contracts/Nft_6_20Verifier.sol","s":{},"b":{},"f":{"1":0},"fnMap":{"1":{"name":"verifyProof","line":236,"loc":{"start":{"line":236,"column":4},"end":{"line":582,"column":5}}}},"statementMap":{},"branchMap":{}},
"contracts/Nft_7_100Verifier.sol":{"l":{"267":0},"path":"/Users/billy/GitHub/okwme/anybody-problem/contracts/Nft_7_100Verifier.sol","s":{},"b":{},"f":{"1":0},"fnMap":{"1":{"name":"verifyProof","line":266,"loc":{"start":{"line":266,"column":4},"end":{"line":652,"column":5}}}},"statementMap":{},"branchMap":{}},
"contracts/Nft_7_20Verifier.sol":{"l":{"267":0},"path":"/Users/billy/GitHub/okwme/anybody-problem/contracts/Nft_7_20Verifier.sol","s":{},"b":{},"f":{"1":0},"fnMap":{"1":{"name":"verifyProof","line":266,"loc":{"start":{"line":266,"column":4},"end":{"line":652,"column":5}}}},"statementMap":{},"branchMap":{}},
"contracts/Nft_8_100Verifier.sol":{"l":{"297":0},"path":"/Users/billy/GitHub/okwme/anybody-problem/contracts/Nft_8_100Verifier.sol","s":{},"b":{},"f":{"1":0},"fnMap":{"1":{"name":"verifyProof","line":296,"loc":{"start":{"line":296,"column":4},"end":{"line":722,"column":5}}}},"statementMap":{},"branchMap":{}},
"contracts/Nft_8_20Verifier.sol":{"l":{"297":0},"path":"/Users/billy/GitHub/okwme/anybody-problem/contracts/Nft_8_20Verifier.sol","s":{},"b":{},"f":{"1":0},"fnMap":{"1":{"name":"verifyProof","line":296,"loc":{"start":{"line":296,"column":4},"end":{"line":722,"column":5}}}},"statementMap":{},"branchMap":{}},
"contracts/Nft_9_20Verifier.sol":{"l":{"327":0},"path":"/Users/billy/GitHub/okwme/anybody-problem/contracts/Nft_9_20Verifier.sol","s":{},"b":{},"f":{"1":0},"fnMap":{"1":{"name":"verifyProof","line":326,"loc":{"start":{"line":326,"column":4},"end":{"line":792,"column":5}}}},"statementMap":{},"branchMap":{}},
"contracts/Nft_9_50Verifier.sol":{"l":{"327":0},"path":"/Users/billy/GitHub/okwme/anybody-problem/contracts/Nft_9_50Verifier.sol","s":{},"b":{},"f":{"1":0},"fnMap":{"1":{"name":"verifyProof","line":326,"loc":{"start":{"line":326,"column":4},"end":{"line":792,"column":5}}}},"statementMap":{},"branchMap":{}},
"contracts/Problems.sol":{"l":{"86":32,"87":32,"91":107,"92":103,"96":52,"97":50,"98":50,"99":50,"100":50,"116":180,"117":180,"118":180,"119":180,"120":1398,"121":1398,"122":1398,"127":14,"133":0,"137":2,"141":33,"145":31,"153":1,"157":64,"161":1,"165":59,"171":2,"175":41,"180":45,"184":2,"191":46,"192":46,"193":43,"194":43,"195":41,"198":41,"199":41,"200":41,"205":1,"209":42,"210":42,"212":42,"217":126,"223":126,"234":41,"235":38,"239":10,"240":10,"241":10,"245":9,"247":9,"248":9,"250":9,"252":9,"265":19,"266":19,"267":18,"271":17,"272":17,"273":16,"274":15,"278":12,"279":12,"280":12,"284":11,"286":11,"287":11,"291":0,"292":0,"293":0,"294":0,"295":0,"296":0,"297":0,"303":3,"307":2,"308":2,"312":8,"314":8,"315":8,"317":8,"323":8,"331":8,"332":8,"333":8,"337":8,"342":8,"343":6,"353":8,"354":8,"356":8,"357":8,"383":146,"385":146,"386":146,"387":146,"388":146,"389":146,"391":146,"392":145,"393":145,"394":145,"396":145,"414":149,"415":149,"416":149,"424":146,"425":146,"427":146,"430":146,"433":146,"435":146,"436":146,"438":146,"439":146,"440":146,"441":146,"442":146,"444":146,"452":441,"458":0,"464":38,"471":224,"477":1,"484":1,"491":1,"498":16,"506":75,"510":1,"511":3,"512":3,"519":9,"520":9,"521":9,"522":27,"523":27,"524":27,"525":6,"526":6,"527":6,"528":6,"539":1,"540":1,"541":1},"path":"/Users/billy/GitHub/okwme/anybody-problem/contracts/Problems.sol","s":{"1":32,"2":107,"3":52,"4":50,"5":50,"6":50,"7":180,"8":180,"9":1398,"10":1398,"11":0,"12":41,"13":45,"14":2,"15":46,"16":46,"17":43,"18":43,"19":41,"20":41,"21":41,"22":41,"23":1,"24":42,"25":42,"26":126,"27":126,"28":10,"29":10,"30":10,"31":9,"32":9,"33":9,"34":9,"35":9,"36":19,"37":19,"38":18,"39":17,"40":17,"41":16,"42":12,"43":12,"44":12,"45":11,"46":11,"47":11,"48":0,"49":0,"50":0,"51":0,"52":0,"53":0,"54":0,"55":3,"56":2,"57":2,"58":8,"59":8,"60":8,"61":8,"62":8,"63":8,"64":8,"65":8,"66":8,"67":146,"68":145,"69":149,"70":149,"71":146,"72":146,"73":146,"74":146,"75":146,"76":146,"77":441,"78":0,"79":38,"80":224,"81":1,"82":1,"83":3,"84":9,"85":9,"86":9,"87":27,"88":27,"89":6,"90":6,"91":6,"92":1,"93":1,"94":1},"b":{"1":[32,0],"2":[103,4],"3":[50,2],"4":[50,0],"5":[50,0],"6":[50,0],"7":[180,0],"8":[1398,0],"9":[1398,0],"10":[2,1],"11":[33,1],"12":[31,1],"13":[1,1],"14":[64,1],"15":[1,1],"16":[59,1],"17":[2,1],"18":[2,0],"19":[46,1],"20":[46,0],"21":[43,3],"22":[43,0],"23":[41,2],"24":[2,1],"25":[1,1],"26":[10,0],"27":[10,0],"28":[10,0],"29":[9,1],"30":[9,0],"31":[19,0],"32":[19,0],"33":[18,1],"34":[17,1],"35":[16,1],"36":[12,0],"37":[12,0],"38":[11,1],"39":[0,0],"40":[0,0],"41":[0,0],"42":[3,0],"43":[2,1],"44":[2,0],"45":[8,0],"46":[8,0],"47":[1,1],"48":[1,1],"49":[16,1],"50":[75,1],"51":[1,0],"52":[9,0],"53":[6,21],"54":[1,1]},"f":{"1":32,"2":107,"3":52,"4":180,"5":0,"6":2,"7":33,"8":31,"9":1,"10":64,"11":1,"12":59,"13":2,"14":41,"15":45,"16":2,"17":46,"18":1,"19":42,"20":10,"21":19,"22":12,"23":0,"24":3,"25":8,"26":8,"27":146,"28":149,"29":146,"30":441,"31":0,"32":38,"33":224,"34":1,"35":1,"36":1,"37":16,"38":75,"39":1,"40":9,"41":1},"fnMap":{"1":{"name":"notWhileInPlay","line":85,"loc":{"start":{"line":85,"column":4},"end":{"line":88,"column":4}}},"2":{"name":"onlySolver","line":90,"loc":{"start":{"line":90,"column":4},"end":{"line":93,"column":4}}},"3":{"name":"initialized","line":95,"loc":{"start":{"line":95,"column":4},"end":{"line":101,"column":4}}},"4":{"name":"constructor","line":115,"loc":{"start":{"line":110,"column":4},"end":{"line":124,"column":4}}},"5":{"name":"tokenURI","line":130,"loc":{"start":{"line":130,"column":4},"end":{"line":134,"column":4}}},"6":{"name":"updatePrice","line":136,"loc":{"start":{"line":136,"column":4},"end":{"line":138,"column":4}}},"7":{"name":"updatePaused","line":140,"loc":{"start":{"line":140,"column":4},"end":{"line":142,"column":4}}},"8":{"name":"updateStartDate","line":144,"loc":{"start":{"line":144,"column":4},"end":{"line":146,"column":4}}},"9":{"name":"updateVerifier","line":152,"loc":{"start":{"line":148,"column":4},"end":{"line":154,"column":4}}},"10":{"name":"updateSolverAddress","line":156,"loc":{"start":{"line":156,"column":4},"end":{"line":158,"column":4}}},"11":{"name":"updateMetadataAddress","line":160,"loc":{"start":{"line":160,"column":4},"end":{"line":162,"column":4}}},"12":{"name":"updateBodiesAddress","line":164,"loc":{"start":{"line":164,"column":4},"end":{"line":166,"column":4}}},"13":{"name":"updateProceedRecipientAddress","line":170,"loc":{"start":{"line":168,"column":4},"end":{"line":172,"column":4}}},"14":{"name":"generateSeed","line":174,"loc":{"start":{"line":174,"column":4},"end":{"line":177,"column":4}}},"15":{"name":"mint","line":179,"loc":{"start":{"line":179,"column":4},"end":{"line":181,"column":4}}},"16":{"name":"mint","line":183,"loc":{"start":{"line":183,"column":4},"end":{"line":185,"column":4}}},"17":{"name":"mint","line":190,"loc":{"start":{"line":187,"column":4},"end":{"line":202,"column":4}}},"18":{"name":"adminMint","line":204,"loc":{"start":{"line":204,"column":4},"end":{"line":206,"column":4}}},"19":{"name":"_internalMint","line":208,"loc":{"start":{"line":208,"column":4},"end":{"line":236,"column":4}}},"20":{"name":"mintBodyToProblem","line":238,"loc":{"start":{"line":238,"column":4},"end":{"line":262,"column":4}}},"21":{"name":"mintBodyOutsideProblem","line":264,"loc":{"start":{"line":264,"column":4},"end":{"line":275,"column":4}}},"22":{"name":"addExistingBody","line":277,"loc":{"start":{"line":277,"column":4},"end":{"line":288,"column":4}}},"23":{"name":"convertBodiesToStars","line":290,"loc":{"start":{"line":290,"column":4},"end":{"line":300,"column":4}}},"24":{"name":"removeBody","line":302,"loc":{"start":{"line":302,"column":4},"end":{"line":309,"column":4}}},"25":{"name":"internalRemoveBody","line":311,"loc":{"start":{"line":311,"column":4},"end":{"line":347,"column":4}}},"26":{"name":"_removeElement","line":349,"loc":{"start":{"line":349,"column":4},"end":{"line":358,"column":4}}},"27":{"name":"_addBody","line":371,"loc":{"start":{"line":371,"column":4},"end":{"line":408,"column":4}}},"28":{"name":"genRadius","line":412,"loc":{"start":{"line":412,"column":4},"end":{"line":417,"column":4}}},"29":{"name":"getRandomValues","line":423,"loc":{"start":{"line":423,"column":4},"end":{"line":445,"column":4}}},"30":{"name":"randomRange","line":447,"loc":{"start":{"line":447,"column":4},"end":{"line":453,"column":4}}},"31":{"name":"getProblemMintedBodiesIndex","line":455,"loc":{"start":{"line":455,"column":4},"end":{"line":459,"column":4}}},"32":{"name":"getProblemBodyIds","line":461,"loc":{"start":{"line":461,"column":4},"end":{"line":465,"column":4}}},"33":{"name":"getProblemBodyData","line":467,"loc":{"start":{"line":467,"column":4},"end":{"line":472,"column":4}}},"34":{"name":"getProblemStarData","line":474,"loc":{"start":{"line":474,"column":4},"end":{"line":478,"column":4}}},"35":{"name":"updateProblemBodyCount","line":483,"loc":{"start":{"line":480,"column":4},"end":{"line":485,"column":4}}},"36":{"name":"updateProblemBodyIds","line":490,"loc":{"start":{"line":487,"column":4},"end":{"line":492,"column":4}}},"37":{"name":"updateProblemTickCount","line":497,"loc":{"start":{"line":494,"column":4},"end":{"line":499,"column":4}}},"38":{"name":"updateProblemBody","line":505,"loc":{"start":{"line":501,"column":4},"end":{"line":507,"column":4}}},"39":{"name":"restoreRadius","line":509,"loc":{"start":{"line":509,"column":4},"end":{"line":516,"column":4}}},"40":{"name":"levelUp","line":518,"loc":{"start":{"line":518,"column":4},"end":{"line":531,"column":4}}},"41":{"name":"recoverUnsuccessfulMintPayment","line":538,"loc":{"start":{"line":536,"column":4},"end":{"line":542,"column":4}}}},"statementMap":{"1":{"start":{"line":86,"column":8},"end":{"line":86,"column":82}},"2":{"start":{"line":91,"column":8},"end":{"line":91,"column":60}},"3":{"start":{"line":96,"column":8},"end":{"line":96,"column":55}},"4":{"start":{"line":97,"column":8},"end":{"line":97,"column":55}},"5":{"start":{"line":98,"column":8},"end":{"line":98,"column":57}},"6":{"start":{"line":99,"column":8},"end":{"line":99,"column":65}},"7":{"start":{"line":116,"column":8},"end":{"line":116,"column":59}},"8":{"start":{"line":119,"column":8},"end":{"line":119,"column":3218}},"9":{"start":{"line":120,"column":12},"end":{"line":120,"column":66}},"10":{"start":{"line":121,"column":12},"end":{"line":121,"column":67}},"11":{"start":{"line":133,"column":8},"end":{"line":133,"column":49}},"12":{"start":{"line":175,"column":8},"end":{"line":175,"column":4845}},"13":{"start":{"line":180,"column":8},"end":{"line":180,"column":26}},"14":{"start":{"line":184,"column":8},"end":{"line":184,"column":25}},"15":{"start":{"line":191,"column":8},"end":{"line":191,"column":38}},"16":{"start":{"line":192,"column":8},"end":{"line":192,"column":33}},"17":{"start":{"line":193,"column":8},"end":{"line":193,"column":59}},"18":{"start":{"line":194,"column":8},"end":{"line":194,"column":62}},"19":{"start":{"line":195,"column":8},"end":{"line":195,"column":5366}},"20":{"start":{"line":198,"column":8},"end":{"line":198,"column":62}},"21":{"start":{"line":199,"column":8},"end":{"line":199,"column":5533}},"22":{"start":{"line":200,"column":12},"end":{"line":200,"column":35}},"23":{"start":{"line":205,"column":8},"end":{"line":205,"column":31}},"24":{"start":{"line":210,"column":8},"end":{"line":210,"column":38}},"25":{"start":{"line":212,"column":8},"end":{"line":212,"column":5875}},"26":{"start":{"line":217,"column":12},"end":{"line":217,"column":6018}},"27":{"start":{"line":223,"column":12},"end":{"line":223,"column":6269}},"28":{"start":{"line":239,"column":8},"end":{"line":239,"column":33}},"29":{"start":{"line":240,"column":8},"end":{"line":240,"column":69}},"30":{"start":{"line":241,"column":8},"end":{"line":241,"column":6928}},"31":{"start":{"line":245,"column":8},"end":{"line":245,"column":71}},"32":{"start":{"line":247,"column":8},"end":{"line":247,"column":72}},"33":{"start":{"line":248,"column":8},"end":{"line":248,"column":7318}},"34":{"start":{"line":250,"column":8},"end":{"line":250,"column":57}},"35":{"start":{"line":252,"column":8},"end":{"line":252,"column":7468}},"36":{"start":{"line":265,"column":8},"end":{"line":265,"column":33}},"37":{"start":{"line":266,"column":8},"end":{"line":266,"column":69}},"38":{"start":{"line":267,"column":8},"end":{"line":267,"column":7872}},"39":{"start":{"line":271,"column":8},"end":{"line":271,"column":71}},"40":{"start":{"line":272,"column":8},"end":{"line":272,"column":72}},"41":{"start":{"line":273,"column":8},"end":{"line":273,"column":66}},"42":{"start":{"line":278,"column":8},"end":{"line":278,"column":33}},"43":{"start":{"line":279,"column":8},"end":{"line":279,"column":69}},"44":{"start":{"line":280,"column":8},"end":{"line":280,"column":8496}},"45":{"start":{"line":284,"column":8},"end":{"line":284,"column":8671}},"46":{"start":{"line":286,"column":8},"end":{"line":286,"column":57}},"47":{"start":{"line":287,"column":8},"end":{"line":287,"column":92}},"48":{"start":{"line":291,"column":8},"end":{"line":291,"column":69}},"49":{"start":{"line":292,"column":8},"end":{"line":292,"column":9104}},"50":{"start":{"line":293,"column":12},"end":{"line":293,"column":59}},"51":{"start":{"line":294,"column":12},"end":{"line":294,"column":9243}},"52":{"start":{"line":295,"column":16},"end":{"line":295,"column":75}},"53":{"start":{"line":296,"column":16},"end":{"line":296,"column":52}},"54":{"start":{"line":297,"column":16},"end":{"line":297,"column":58}},"55":{"start":{"line":303,"column":8},"end":{"line":303,"column":9668}},"56":{"start":{"line":307,"column":8},"end":{"line":307,"column":69}},"57":{"start":{"line":308,"column":8},"end":{"line":308,"column":44}},"58":{"start":{"line":312,"column":8},"end":{"line":312,"column":33}},"59":{"start":{"line":314,"column":8},"end":{"line":314,"column":67}},"60":{"start":{"line":315,"column":8},"end":{"line":315,"column":64}},"61":{"start":{"line":317,"column":8},"end":{"line":317,"column":10166}},"62":{"start":{"line":323,"column":8},"end":{"line":323,"column":10318}},"63":{"start":{"line":331,"column":8},"end":{"line":331,"column":74}},"64":{"start":{"line":342,"column":8},"end":{"line":342,"column":11027}},"65":{"start":{"line":353,"column":8},"end":{"line":353,"column":11380}},"66":{"start":{"line":357,"column":8},"end":{"line":357,"column":20}},"67":{"start":{"line":383,"column":8},"end":{"line":383,"column":56}},"68":{"start":{"line":396,"column":8},"end":{"line":396,"column":13051}},"69":{"start":{"line":414,"column":8},"end":{"line":414,"column":52}},"70":{"start":{"line":416,"column":8},"end":{"line":416,"column":41}},"71":{"start":{"line":424,"column":8},"end":{"line":424,"column":24}},"72":{"start":{"line":427,"column":8},"end":{"line":427,"column":35}},"73":{"start":{"line":430,"column":8},"end":{"line":430,"column":14385}},"74":{"start":{"line":433,"column":8},"end":{"line":433,"column":53}},"75":{"start":{"line":436,"column":8},"end":{"line":436,"column":53}},"76":{"start":{"line":444,"column":8},"end":{"line":444,"column":19}},"77":{"start":{"line":452,"column":8},"end":{"line":452,"column":50}},"78":{"start":{"line":458,"column":8},"end":{"line":458,"column":52}},"79":{"start":{"line":464,"column":8},"end":{"line":464,"column":42}},"80":{"start":{"line":471,"column":8},"end":{"line":471,"column":51}},"81":{"start":{"line":477,"column":8},"end":{"line":477,"column":43}},"82":{"start":{"line":510,"column":8},"end":{"line":510,"column":16587}},"83":{"start":{"line":511,"column":12},"end":{"line":511,"column":59}},"84":{"start":{"line":519,"column":6},"end":{"line":519,"column":31}},"85":{"start":{"line":520,"column":6},"end":{"line":520,"column":55}},"86":{"start":{"line":521,"column":7},"end":{"line":521,"column":17026}},"87":{"start":{"line":522,"column":12},"end":{"line":522,"column":75}},"88":{"start":{"line":524,"column":12},"end":{"line":524,"column":17221}},"89":{"start":{"line":525,"column":16},"end":{"line":525,"column":75}},"90":{"start":{"line":526,"column":16},"end":{"line":526,"column":52}},"91":{"start":{"line":528,"column":16},"end":{"line":528,"column":58}},"92":{"start":{"line":539,"column":8},"end":{"line":539,"column":46}},"93":{"start":{"line":540,"column":8},"end":{"line":540,"column":68}},"94":{"start":{"line":541,"column":8},"end":{"line":541,"column":46}}},"branchMap":{"1":{"line":86,"type":"if","locations":[{"start":{"line":86,"column":8},"end":{"line":86,"column":8}},{"start":{"line":86,"column":8},"end":{"line":86,"column":8}}]},"2":{"line":91,"type":"if","locations":[{"start":{"line":91,"column":8},"end":{"line":91,"column":8}},{"start":{"line":91,"column":8},"end":{"line":91,"column":8}}]},"3":{"line":96,"type":"if","locations":[{"start":{"line":96,"column":8},"end":{"line":96,"column":8}},{"start":{"line":96,"column":8},"end":{"line":96,"column":8}}]},"4":{"line":97,"type":"if","locations":[{"start":{"line":97,"column":8},"end":{"line":97,"column":8}},{"start":{"line":97,"column":8},"end":{"line":97,"column":8}}]},"5":{"line":98,"type":"if","locations":[{"start":{"line":98,"column":8},"end":{"line":98,"column":8}},{"start":{"line":98,"column":8},"end":{"line":98,"column":8}}]},"6":{"line":99,"type":"if","locations":[{"start":{"line":99,"column":8},"end":{"line":99,"column":8}},{"start":{"line":99,"column":8},"end":{"line":99,"column":8}}]},"7":{"line":116,"type":"if","locations":[{"start":{"line":116,"column":8},"end":{"line":116,"column":8}},{"start":{"line":116,"column":8},"end":{"line":116,"column":8}}]},"8":{"line":120,"type":"if","locations":[{"start":{"line":120,"column":12},"end":{"line":120,"column":12}},{"start":{"line":120,"column":12},"end":{"line":120,"column":12}}]},"9":{"line":121,"type":"if","locations":[{"start":{"line":121,"column":12},"end":{"line":121,"column":12}},{"start":{"line":121,"column":12},"end":{"line":121,"column":12}}]},"10":{"line":136,"type":"if","locations":[{"start":{"line":136,"column":48},"end":{"line":136,"column":48}},{"start":{"line":136,"column":48},"end":{"line":136,"column":48}}]},"11":{"line":140,"type":"if","locations":[{"start":{"line":140,"column":47},"end":{"line":140,"column":47}},{"start":{"line":140,"column":47},"end":{"line":140,"column":47}}]},"12":{"line":144,"type":"if","locations":[{"start":{"line":144,"column":56},"end":{"line":144,"column":56}},{"start":{"line":144,"column":56},"end":{"line":144,"column":56}}]},"13":{"line":152,"type":"if","locations":[{"start":{"line":152,"column":13},"end":{"line":152,"column":13}},{"start":{"line":152,"column":13},"end":{"line":152,"column":13}}]},"14":{"line":156,"type":"if","locations":[{"start":{"line":156,"column":57},"end":{"line":156,"column":57}},{"start":{"line":156,"column":57},"end":{"line":156,"column":57}}]},"15":{"line":160,"type":"if","locations":[{"start":{"line":160,"column":61},"end":{"line":160,"column":61}},{"start":{"line":160,"column":61},"end":{"line":160,"column":61}}]},"16":{"line":164,"type":"if","locations":[{"start":{"line":164,"column":57},"end":{"line":164,"column":57}},{"start":{"line":164,"column":57},"end":{"line":164,"column":57}}]},"17":{"line":170,"type":"if","locations":[{"start":{"line":170,"column":13},"end":{"line":170,"column":13}},{"start":{"line":170,"column":13},"end":{"line":170,"column":13}}]},"18":{"line":183,"type":"if","locations":[{"start":{"line":183,"column":52},"end":{"line":183,"column":52}},{"start":{"line":183,"column":52},"end":{"line":183,"column":52}}]},"19":{"line":190,"type":"if","locations":[{"start":{"line":190,"column":21},"end":{"line":190,"column":21}},{"start":{"line":190,"column":21},"end":{"line":190,"column":21}}]},"20":{"line":191,"type":"if","locations":[{"start":{"line":191,"column":8},"end":{"line":191,"column":8}},{"start":{"line":191,"column":8},"end":{"line":191,"column":8}}]},"21":{"line":192,"type":"if","locations":[{"start":{"line":192,"column":8},"end":{"line":192,"column":8}},{"start":{"line":192,"column":8},"end":{"line":192,"column":8}}]},"22":{"line":193,"type":"if","locations":[{"start":{"line":193,"column":8},"end":{"line":193,"column":8}},{"start":{"line":193,"column":8},"end":{"line":193,"column":8}}]},"23":{"line":194,"type":"if","locations":[{"start":{"line":194,"column":8},"end":{"line":194,"column":8}},{"start":{"line":194,"column":8},"end":{"line":194,"column":8}}]},"24":{"line":204,"type":"if","locations":[{"start":{"line":204,"column":49},"end":{"line":204,"column":49}},{"start":{"line":204,"column":49},"end":{"line":204,"column":49}}]},"25":{"line":204,"type":"if","locations":[{"start":{"line":204,"column":61},"end":{"line":204,"column":61}},{"start":{"line":204,"column":61},"end":{"line":204,"column":61}}]},"26":{"line":238,"type":"if","locations":[{"start":{"line":238,"column":57},"end":{"line":238,"column":57}},{"start":{"line":238,"column":57},"end":{"line":238,"column":57}}]},"27":{"line":239,"type":"if","locations":[{"start":{"line":239,"column":8},"end":{"line":239,"column":8}},{"start":{"line":239,"column":8},"end":{"line":239,"column":8}}]},"28":{"line":240,"type":"if","locations":[{"start":{"line":240,"column":8},"end":{"line":240,"column":8}},{"start":{"line":240,"column":8},"end":{"line":240,"column":8}}]},"29":{"line":241,"type":"if","locations":[{"start":{"line":241,"column":8},"end":{"line":241,"column":8}},{"start":{"line":241,"column":8},"end":{"line":241,"column":8}}]},"30":{"line":247,"type":"if","locations":[{"start":{"line":247,"column":8},"end":{"line":247,"column":8}},{"start":{"line":247,"column":8},"end":{"line":247,"column":8}}]},"31":{"line":264,"type":"if","locations":[{"start":{"line":264,"column":62},"end":{"line":264,"column":62}},{"start":{"line":264,"column":62},"end":{"line":264,"column":62}}]},"32":{"line":265,"type":"if","locations":[{"start":{"line":265,"column":8},"end":{"line":265,"column":8}},{"start":{"line":265,"column":8},"end":{"line":265,"column":8}}]},"33":{"line":266,"type":"if","locations":[{"start":{"line":266,"column":8},"end":{"line":266,"column":8}},{"start":{"line":266,"column":8},"end":{"line":266,"column":8}}]},"34":{"line":267,"type":"if","locations":[{"start":{"line":267,"column":8},"end":{"line":267,"column":8}},{"start":{"line":267,"column":8},"end":{"line":267,"column":8}}]},"35":{"line":272,"type":"if","locations":[{"start":{"line":272,"column":8},"end":{"line":272,"column":8}},{"start":{"line":272,"column":8},"end":{"line":272,"column":8}}]},"36":{"line":278,"type":"if","locations":[{"start":{"line":278,"column":8},"end":{"line":278,"column":8}},{"start":{"line":278,"column":8},"end":{"line":278,"column":8}}]},"37":{"line":279,"type":"if","locations":[{"start":{"line":279,"column":8},"end":{"line":279,"column":8}},{"start":{"line":279,"column":8},"end":{"line":279,"column":8}}]},"38":{"line":280,"type":"if","locations":[{"start":{"line":280,"column":8},"end":{"line":280,"column":8}},{"start":{"line":280,"column":8},"end":{"line":280,"column":8}}]},"39":{"line":290,"type":"if","locations":[{"start":{"line":290,"column":60},"end":{"line":290,"column":60}},{"start":{"line":290,"column":60},"end":{"line":290,"column":60}}]},"40":{"line":291,"type":"if","locations":[{"start":{"line":291,"column":8},"end":{"line":291,"column":8}},{"start":{"line":291,"column":8},"end":{"line":291,"column":8}}]},"41":{"line":294,"type":"if","locations":[{"start":{"line":294,"column":12},"end":{"line":294,"column":12}},{"start":{"line":294,"column":12},"end":{"line":294,"column":12}}]},"42":{"line":302,"type":"if","locations":[{"start":{"line":302,"column":66},"end":{"line":302,"column":66}},{"start":{"line":302,"column":66},"end":{"line":302,"column":66}}]},"43":{"line":303,"type":"if","locations":[{"start":{"line":303,"column":8},"end":{"line":303,"column":8}},{"start":{"line":303,"column":8},"end":{"line":303,"column":8}}]},"44":{"line":307,"type":"if","locations":[{"start":{"line":307,"column":8},"end":{"line":307,"column":8}},{"start":{"line":307,"column":8},"end":{"line":307,"column":8}}]},"45":{"line":312,"type":"if","locations":[{"start":{"line":312,"column":8},"end":{"line":312,"column":8}},{"start":{"line":312,"column":8},"end":{"line":312,"column":8}}]},"46":{"line":315,"type":"if","locations":[{"start":{"line":315,"column":8},"end":{"line":315,"column":8}},{"start":{"line":315,"column":8},"end":{"line":315,"column":8}}]},"47":{"line":483,"type":"if","locations":[{"start":{"line":483,"column":13},"end":{"line":483,"column":13}},{"start":{"line":483,"column":13},"end":{"line":483,"column":13}}]},"48":{"line":490,"type":"if","locations":[{"start":{"line":490,"column":13},"end":{"line":490,"column":13}},{"start":{"line":490,"column":13},"end":{"line":490,"column":13}}]},"49":{"line":497,"type":"if","locations":[{"start":{"line":497,"column":13},"end":{"line":497,"column":13}},{"start":{"line":497,"column":13},"end":{"line":497,"column":13}}]},"50":{"line":505,"type":"if","locations":[{"start":{"line":505,"column":13},"end":{"line":505,"column":13}},{"start":{"line":505,"column":13},"end":{"line":505,"column":13}}]},"51":{"line":509,"type":"if","locations":[{"start":{"line":509,"column":53},"end":{"line":509,"column":53}},{"start":{"line":509,"column":53},"end":{"line":509,"column":53}}]},"52":{"line":518,"type":"if","locations":[{"start":{"line":518,"column":47},"end":{"line":518,"column":47}},{"start":{"line":518,"column":47},"end":{"line":518,"column":47}}]},"53":{"line":524,"type":"if","locations":[{"start":{"line":524,"column":12},"end":{"line":524,"column":12}},{"start":{"line":524,"column":12},"end":{"line":524,"column":12}}]},"54":{"line":538,"type":"if","locations":[{"start":{"line":538,"column":13},"end":{"line":538,"column":13}},{"start":{"line":538,"column":13},"end":{"line":538,"column":13}}]}}},
"contracts/Solver.sol":{"l":{"56":174,"57":174,"61":1,"65":1,"69":1,"73":32,"77":0,"78":0,"92":15,"93":15,"95":15,"98":15,"99":15,"100":15,"105":15,"107":15,"108":6,"118":3,"128":1,"138":1,"148":1,"158":1,"168":1,"178":1,"188":0,"192":15,"194":15,"195":15,"196":15,"199":15,"200":15,"202":15,"203":0,"206":15,"210":15,"215":15,"216":15,"218":15,"219":72,"227":72,"232":71,"237":71,"242":71,"247":71,"252":71,"257":71,"262":71,"267":71,"272":71,"273":71,"278":71,"279":3,"284":14,"286":1,"287":1,"288":1,"292":1,"293":1,"294":1,"295":1,"300":1,"301":1,"303":0,"305":0,"307":0,"309":0,"311":0,"316":0,"317":0,"318":0,"324":6,"325":6,"326":6,"328":6,"334":3,"335":3,"336":3,"338":3,"344":1,"345":1,"346":1,"348":1,"354":1,"355":1,"356":1,"358":1,"364":1,"365":1,"366":1,"368":1,"374":1,"375":1,"376":1,"378":1,"384":1,"385":1,"386":1,"388":1,"394":1,"395":1,"396":1,"398":1},"path":"/Users/billy/GitHub/okwme/anybody-problem/contracts/Solver.sol","s":{"1":1,"2":32,"3":0,"4":0,"5":15,"6":15,"7":15,"8":15,"9":15,"10":15,"11":15,"12":15,"13":6,"14":9,"15":3,"16":6,"17":1,"18":5,"19":1,"20":4,"21":1,"22":3,"23":1,"24":2,"25":1,"26":1,"27":1,"28":0,"29":15,"30":15,"31":15,"32":15,"33":15,"34":0,"35":15,"36":15,"37":15,"38":15,"39":15,"40":72,"41":71,"42":71,"43":71,"44":71,"45":71,"46":71,"47":14,"48":1,"49":1,"50":1,"51":1,"52":1,"53":1,"54":1,"55":1,"56":0,"57":0,"58":0,"59":0,"60":0,"61":0,"62":0,"63":0,"64":0,"65":0,"66":0,"67":6,"68":6,"69":6,"70":3,"71":3,"72":3,"73":1,"74":1,"75":1,"76":1,"77":1,"78":1,"79":1,"80":1,"81":1,"82":1,"83":1,"84":1,"85":1,"86":1,"87":1,"88":1,"89":1,"90":1},"b":{"1":[1,1],"2":[1,1],"3":[15,0],"4":[15,0],"5":[15,0],"6":[6,9],"7":[6,0],"8":[3,6],"9":[3,0],"10":[1,5],"11":[1,0],"12":[1,4],"13":[1,0],"14":[1,3],"15":[1,0],"16":[1,2],"17":[1,0],"18":[1,1],"19":[1,0],"20":[1,0],"21":[1,0],"22":[15,0],"23":[0,15],"24":[71,1],"25":[71,0],"26":[71,0],"27":[71,0],"28":[71,0],"29":[3,68],"30":[1,13],"31":[1,0],"32":[0,0],"33":[0,0],"34":[0,0],"35":[0,0],"36":[0,0]},"f":{"1":174,"2":1,"3":1,"4":1,"5":32,"6":0,"7":15,"8":1,"9":0,"10":6,"11":3,"12":1,"13":1,"14":1,"15":1,"16":1,"17":1},"fnMap":{"1":{"name":"constructor","line":55,"loc":{"start":{"line":55,"column":4},"end":{"line":58,"column":4}}},"2":{"name":null,"line":60,"loc":{"start":{"line":60,"column":4},"end":{"line":62,"column":4}}},"3":{"name":"updateProblemsAddress","line":64,"loc":{"start":{"line":64,"column":4},"end":{"line":66,"column":4}}},"4":{"name":"updateDustAddress","line":68,"loc":{"start":{"line":68,"column":4},"end":{"line":70,"column":4}}},"5":{"name":"inProgress","line":72,"loc":{"start":{"line":72,"column":4},"end":{"line":74,"column":4}}},"6":{"name":"batchSolve","line":76,"loc":{"start":{"line":76,"column":4},"end":{"line":80,"column":4}}},"7":{"name":"solveProblem","line":82,"loc":{"start":{"line":82,"column":4},"end":{"line":297,"column":4}}},"8":{"name":"getSpeedBoost","line":299,"loc":{"start":{"line":299,"column":4},"end":{"line":313,"column":4}}},"9":{"name":"deleteMatch","line":315,"loc":{"start":{"line":315,"column":4},"end":{"line":319,"column":4}}},"10":{"name":"convertTo30","line":321,"loc":{"start":{"line":321,"column":4},"end":{"line":329,"column":4}}},"11":{"name":"convertTo40","line":331,"loc":{"start":{"line":331,"column":4},"end":{"line":339,"column":4}}},"12":{"name":"convertTo50","line":341,"loc":{"start":{"line":341,"column":4},"end":{"line":349,"column":4}}},"13":{"name":"convertTo60","line":351,"loc":{"start":{"line":351,"column":4},"end":{"line":359,"column":4}}},"14":{"name":"convertTo70","line":361,"loc":{"start":{"line":361,"column":4},"end":{"line":369,"column":4}}},"15":{"name":"convertTo80","line":371,"loc":{"start":{"line":371,"column":4},"end":{"line":379,"column":4}}},"16":{"name":"convertTo90","line":381,"loc":{"start":{"line":381,"column":4},"end":{"line":389,"column":4}}},"17":{"name":"convertTo100","line":391,"loc":{"start":{"line":391,"column":4},"end":{"line":399,"column":4}}}},"statementMap":{"1":{"start":{"line":61,"column":8},"end":{"line":61,"column":37}},"2":{"start":{"line":73,"column":8},"end":{"line":73,"column":44}},"3":{"start":{"line":77,"column":8},"end":{"line":77,"column":2356}},"4":{"start":{"line":78,"column":12},"end":{"line":78,"column":73}},"5":{"start":{"line":92,"column":8},"end":{"line":92,"column":61}},"6":{"start":{"line":93,"column":8},"end":{"line":93,"column":52}},"7":{"start":{"line":95,"column":8},"end":{"line":95,"column":2859}},"8":{"start":{"line":98,"column":8},"end":{"line":98,"column":50}},"9":{"start":{"line":99,"column":8},"end":{"line":99,"column":70}},"10":{"start":{"line":100,"column":8},"end":{"line":100,"column":3076}},"11":{"start":{"line":105,"column":8},"end":{"line":105,"column":58}},"12":{"start":{"line":107,"column":8},"end":{"line":107,"column":3251}},"13":{"start":{"line":108,"column":12},"end":{"line":108,"column":3289}},"14":{"start":{"line":117,"column":15},"end":{"line":117,"column":3546}},"15":{"start":{"line":118,"column":12},"end":{"line":118,"column":3584}},"16":{"start":{"line":127,"column":15},"end":{"line":127,"column":3841}},"17":{"start":{"line":128,"column":12},"end":{"line":128,"column":3879}},"18":{"start":{"line":137,"column":15},"end":{"line":137,"column":4136}},"19":{"start":{"line":138,"column":12},"end":{"line":138,"column":4174}},"20":{"start":{"line":147,"column":15},"end":{"line":147,"column":4431}},"21":{"start":{"line":148,"column":12},"end":{"line":148,"column":4469}},"22":{"start":{"line":157,"column":15},"end":{"line":157,"column":4726}},"23":{"start":{"line":158,"column":12},"end":{"line":158,"column":4764}},"24":{"start":{"line":167,"column":15},"end":{"line":167,"column":5021}},"25":{"start":{"line":168,"column":12},"end":{"line":168,"column":5059}},"26":{"start":{"line":177,"column":15},"end":{"line":177,"column":5316}},"27":{"start":{"line":178,"column":12},"end":{"line":178,"column":5355}},"28":{"start":{"line":188,"column":12},"end":{"line":188,"column":45}},"29":{"start":{"line":192,"column":8},"end":{"line":192,"column":54}},"30":{"start":{"line":194,"column":8},"end":{"line":194,"column":5742}},"31":{"start":{"line":199,"column":8},"end":{"line":199,"column":61}},"32":{"start":{"line":200,"column":8},"end":{"line":200,"column":76}},"33":{"start":{"line":202,"column":8},"end":{"line":202,"column":6034}},"34":{"start":{"line":203,"column":10},"end":{"line":203,"column":36}},"35":{"start":{"line":206,"column":8},"end":{"line":206,"column":6126}},"36":{"start":{"line":210,"column":8},"end":{"line":210,"column":6234}},"37":{"start":{"line":215,"column":8},"end":{"line":215,"column":26}},"38":{"start":{"line":216,"column":8},"end":{"line":216,"column":37}},"39":{"start":{"line":218,"column":8},"end":{"line":218,"column":6414}},"40":{"start":{"line":227,"column":12},"end":{"line":227,"column":6762}},"41":{"start":{"line":237,"column":12},"end":{"line":237,"column":7139}},"42":{"start":{"line":247,"column":12},"end":{"line":247,"column":7516}},"43":{"start":{"line":257,"column":12},"end":{"line":257,"column":7891}},"44":{"start":{"line":267,"column":12},"end":{"line":267,"column":8274}},"45":{"start":{"line":273,"column":12},"end":{"line":273,"column":8496}},"46":{"start":{"line":278,"column":12},"end":{"line":278,"column":8641}},"47":{"start":{"line":284,"column":8},"end":{"line":284,"column":8752}},"48":{"start":{"line":286,"column":10},"end":{"line":286,"column":62}},"49":{"start":{"line":287,"column":10},"end":{"line":287,"column":85}},"50":{"start":{"line":288,"column":10},"end":{"line":288,"column":8995}},"51":{"start":{"line":292,"column":10},"end":{"line":292,"column":52}},"52":{"start":{"line":293,"column":10},"end":{"line":293,"column":46}},"53":{"start":{"line":295,"column":10},"end":{"line":295,"column":60}},"54":{"start":{"line":300,"column":8},"end":{"line":300,"column":9374}},"55":{"start":{"line":301,"column":10},"end":{"line":301,"column":18}},"56":{"start":{"line":302,"column":15},"end":{"line":302,"column":9436}},"57":{"start":{"line":303,"column":10},"end":{"line":303,"column":18}},"58":{"start":{"line":304,"column":15},"end":{"line":304,"column":9498}},"59":{"start":{"line":305,"column":10},"end":{"line":305,"column":18}},"60":{"start":{"line":306,"column":15},"end":{"line":306,"column":9560}},"61":{"start":{"line":307,"column":10},"end":{"line":307,"column":18}},"62":{"start":{"line":308,"column":15},"end":{"line":308,"column":9622}},"63":{"start":{"line":309,"column":10},"end":{"line":309,"column":18}},"64":{"start":{"line":311,"column":10},"end":{"line":311,"column":18}},"65":{"start":{"line":316,"column":6},"end":{"line":316,"column":82}},"66":{"start":{"line":317,"column":6},"end":{"line":317,"column":48}},"67":{"start":{"line":324,"column":8},"end":{"line":324,"column":30}},"68":{"start":{"line":325,"column":8},"end":{"line":325,"column":10094}},"69":{"start":{"line":328,"column":8},"end":{"line":328,"column":21}},"70":{"start":{"line":334,"column":8},"end":{"line":334,"column":30}},"71":{"start":{"line":335,"column":8},"end":{"line":335,"column":10345}},"72":{"start":{"line":338,"column":8},"end":{"line":338,"column":21}},"73":{"start":{"line":344,"column":8},"end":{"line":344,"column":30}},"74":{"start":{"line":345,"column":8},"end":{"line":345,"column":10596}},"75":{"start":{"line":348,"column":8},"end":{"line":348,"column":21}},"76":{"start":{"line":354,"column":8},"end":{"line":354,"column":30}},"77":{"start":{"line":355,"column":8},"end":{"line":355,"column":10847}},"78":{"start":{"line":358,"column":8},"end":{"line":358,"column":21}},"79":{"start":{"line":364,"column":8},"end":{"line":364,"column":30}},"80":{"start":{"line":365,"column":8},"end":{"line":365,"column":11098}},"81":{"start":{"line":368,"column":8},"end":{"line":368,"column":21}},"82":{"start":{"line":374,"column":8},"end":{"line":374,"column":30}},"83":{"start":{"line":375,"column":8},"end":{"line":375,"column":11349}},"84":{"start":{"line":378,"column":8},"end":{"line":378,"column":21}},"85":{"start":{"line":384,"column":8},"end":{"line":384,"column":30}},"86":{"start":{"line":385,"column":8},"end":{"line":385,"column":11600}},"87":{"start":{"line":388,"column":8},"end":{"line":388,"column":21}},"88":{"start":{"line":394,"column":8},"end":{"line":394,"column":31}},"89":{"start":{"line":395,"column":8},"end":{"line":395,"column":11854}},"90":{"start":{"line":398,"column":8},"end":{"line":398,"column":21}}},"branchMap":{"1":{"line":64,"type":"if","locations":[{"start":{"line":64,"column":69},"end":{"line":64,"column":69}},{"start":{"line":64,"column":69},"end":{"line":64,"column":69}}]},"2":{"line":68,"type":"if","locations":[{"start":{"line":68,"column":53},"end":{"line":68,"column":53}},{"start":{"line":68,"column":53},"end":{"line":68,"column":53}}]},"3":{"line":93,"type":"if","locations":[{"start":{"line":93,"column":8},"end":{"line":93,"column":8}},{"start":{"line":93,"column":8},"end":{"line":93,"column":8}}]},"4":{"line":99,"type":"if","locations":[{"start":{"line":99,"column":8},"end":{"line":99,"column":8}},{"start":{"line":99,"column":8},"end":{"line":99,"column":8}}]},"5":{"line":105,"type":"if","locations":[{"start":{"line":105,"column":8},"end":{"line":105,"column":8}},{"start":{"line":105,"column":8},"end":{"line":105,"column":8}}]},"6":{"line":107,"type":"if","locations":[{"start":{"line":107,"column":8},"end":{"line":107,"column":8}},{"start":{"line":107,"column":8},"end":{"line":107,"column":8}}]},"7":{"line":108,"type":"if","locations":[{"start":{"line":108,"column":12},"end":{"line":108,"column":12}},{"start":{"line":108,"column":12},"end":{"line":108,"column":12}}]},"8":{"line":117,"type":"if","locations":[{"start":{"line":117,"column":15},"end":{"line":117,"column":15}},{"start":{"line":117,"column":15},"end":{"line":117,"column":15}}]},"9":{"line":118,"type":"if","locations":[{"start":{"line":118,"column":12},"end":{"line":118,"column":12}},{"start":{"line":118,"column":12},"end":{"line":118,"column":12}}]},"10":{"line":127,"type":"if","locations":[{"start":{"line":127,"column":15},"end":{"line":127,"column":15}},{"start":{"line":127,"column":15},"end":{"line":127,"column":15}}]},"11":{"line":128,"type":"if","locations":[{"start":{"line":128,"column":12},"end":{"line":128,"column":12}},{"start":{"line":128,"column":12},"end":{"line":128,"column":12}}]},"12":{"line":137,"type":"if","locations":[{"start":{"line":137,"column":15},"end":{"line":137,"column":15}},{"start":{"line":137,"column":15},"end":{"line":137,"column":15}}]},"13":{"line":138,"type":"if","locations":[{"start":{"line":138,"column":12},"end":{"line":138,"column":12}},{"start":{"line":138,"column":12},"end":{"line":138,"column":12}}]},"14":{"line":147,"type":"if","locations":[{"start":{"line":147,"column":15},"end":{"line":147,"column":15}},{"start":{"line":147,"column":15},"end":{"line":147,"column":15}}]},"15":{"line":148,"type":"if","locations":[{"start":{"line":148,"column":12},"end":{"line":148,"column":12}},{"start":{"line":148,"column":12},"end":{"line":148,"column":12}}]},"16":{"line":157,"type":"if","locations":[{"start":{"line":157,"column":15},"end":{"line":157,"column":15}},{"start":{"line":157,"column":15},"end":{"line":157,"column":15}}]},"17":{"line":158,"type":"if","locations":[{"start":{"line":158,"column":12},"end":{"line":158,"column":12}},{"start":{"line":158,"column":12},"end":{"line":158,"column":12}}]},"18":{"line":167,"type":"if","locations":[{"start":{"line":167,"column":15},"end":{"line":167,"column":15}},{"start":{"line":167,"column":15},"end":{"line":167,"column":15}}]},"19":{"line":168,"type":"if","locations":[{"start":{"line":168,"column":12},"end":{"line":168,"column":12}},{"start":{"line":168,"column":12},"end":{"line":168,"column":12}}]},"20":{"line":177,"type":"if","locations":[{"start":{"line":177,"column":15},"end":{"line":177,"column":15}},{"start":{"line":177,"column":15},"end":{"line":177,"column":15}}]},"21":{"line":178,"type":"if","locations":[{"start":{"line":178,"column":12},"end":{"line":178,"column":12}},{"start":{"line":178,"column":12},"end":{"line":178,"column":12}}]},"22":{"line":194,"type":"if","locations":[{"start":{"line":194,"column":8},"end":{"line":194,"column":8}},{"start":{"line":194,"column":8},"end":{"line":194,"column":8}}]},"23":{"line":202,"type":"if","locations":[{"start":{"line":202,"column":8},"end":{"line":202,"column":8}},{"start":{"line":202,"column":8},"end":{"line":202,"column":8}}]},"24":{"line":227,"type":"if","locations":[{"start":{"line":227,"column":12},"end":{"line":227,"column":12}},{"start":{"line":227,"column":12},"end":{"line":227,"column":12}}]},"25":{"line":237,"type":"if","locations":[{"start":{"line":237,"column":12},"end":{"line":237,"column":12}},{"start":{"line":237,"column":12},"end":{"line":237,"column":12}}]},"26":{"line":247,"type":"if","locations":[{"start":{"line":247,"column":12},"end":{"line":247,"column":12}},{"start":{"line":247,"column":12},"end":{"line":247,"column":12}}]},"27":{"line":257,"type":"if","locations":[{"start":{"line":257,"column":12},"end":{"line":257,"column":12}},{"start":{"line":257,"column":12},"end":{"line":257,"column":12}}]},"28":{"line":267,"type":"if","locations":[{"start":{"line":267,"column":12},"end":{"line":267,"column":12}},{"start":{"line":267,"column":12},"end":{"line":267,"column":12}}]},"29":{"line":278,"type":"if","locations":[{"start":{"line":278,"column":12},"end":{"line":278,"column":12}},{"start":{"line":278,"column":12},"end":{"line":278,"column":12}}]},"30":{"line":284,"type":"if","locations":[{"start":{"line":284,"column":8},"end":{"line":284,"column":8}},{"start":{"line":284,"column":8},"end":{"line":284,"column":8}}]},"31":{"line":300,"type":"if","locations":[{"start":{"line":300,"column":8},"end":{"line":300,"column":8}},{"start":{"line":300,"column":8},"end":{"line":300,"column":8}}]},"32":{"line":302,"type":"if","locations":[{"start":{"line":302,"column":15},"end":{"line":302,"column":15}},{"start":{"line":302,"column":15},"end":{"line":302,"column":15}}]},"33":{"line":304,"type":"if","locations":[{"start":{"line":304,"column":15},"end":{"line":304,"column":15}},{"start":{"line":304,"column":15},"end":{"line":304,"column":15}}]},"34":{"line":306,"type":"if","locations":[{"start":{"line":306,"column":15},"end":{"line":306,"column":15}},{"start":{"line":306,"column":15},"end":{"line":306,"column":15}}]},"35":{"line":308,"type":"if","locations":[{"start":{"line":308,"column":15},"end":{"line":308,"column":15}},{"start":{"line":308,"column":15},"end":{"line":308,"column":15}}]},"36":{"line":316,"type":"if","locations":[{"start":{"line":316,"column":6},"end":{"line":316,"column":6}},{"start":{"line":316,"column":6},"end":{"line":316,"column":6}}]}}},
"contracts/StringsExtended.sol":{"l":{"21":25,"22":25,"23":25,"24":25,"26":25,"29":25,"30":53,"32":53,"35":53,"36":53,"38":25,"46":0,"59":0,"60":0,"71":0,"72":0,"73":0,"74":0,"75":0,"76":0,"78":0,"79":0,"89":3,"90":3,"91":18,"92":18,"94":3,"95":3,"102":0,"112":0},"path":"/Users/billy/GitHub/okwme/anybody-problem/contracts/StringsExtended.sol","s":{"1":25,"2":25,"3":25,"4":25,"5":53,"6":25,"7":0,"8":0,"9":0,"10":0,"11":0,"12":0,"13":3,"14":3,"15":3,"16":3,"17":0,"18":0},"b":{"1":[25,28],"2":[0,0],"3":[3,0]},"f":{"1":25,"2":0,"3":0,"4":0,"5":3,"6":0,"7":0},"fnMap":{"1":{"name":"toString","line":20,"loc":{"start":{"line":20,"column":4},"end":{"line":40,"column":4}}},"2":{"name":"toString","line":45,"loc":{"start":{"line":45,"column":4},"end":{"line":53,"column":4}}},"3":{"name":"toHexString","line":58,"loc":{"start":{"line":58,"column":4},"end":{"line":62,"column":4}}},"4":{"name":"toHexStringWithPrefix","line":67,"loc":{"start":{"line":67,"column":4},"end":{"line":80,"column":4}}},"5":{"name":"toHexString","line":85,"loc":{"start":{"line":85,"column":4},"end":{"line":96,"column":4}}},"6":{"name":"toHexString","line":101,"loc":{"start":{"line":101,"column":4},"end":{"line":103,"column":4}}},"7":{"name":"equal","line":108,"loc":{"start":{"line":108,"column":4},"end":{"line":113,"column":4}}}},"statementMap":{"1":{"start":{"line":22,"column":12},"end":{"line":22,"column":50}},"2":{"start":{"line":23,"column":12},"end":{"line":23,"column":53}},"3":{"start":{"line":24,"column":12},"end":{"line":24,"column":23}},"4":{"start":{"line":29,"column":12},"end":{"line":29,"column":927}},"5":{"start":{"line":36,"column":16},"end":{"line":36,"column":37}},"6":{"start":{"line":38,"column":12},"end":{"line":38,"column":25}},"7":{"start":{"line":46,"column":8},"end":{"line":46,"column":1431}},"8":{"start":{"line":60,"column":12},"end":{"line":60,"column":61}},"9":{"start":{"line":71,"column":8},"end":{"line":71,"column":55}},"10":{"start":{"line":74,"column":8},"end":{"line":74,"column":2260}},"11":{"start":{"line":78,"column":8},"end":{"line":78,"column":62}},"12":{"start":{"line":79,"column":8},"end":{"line":79,"column":29}},"13":{"start":{"line":89,"column":8},"end":{"line":89,"column":51}},"14":{"start":{"line":90,"column":8},"end":{"line":90,"column":2788}},"15":{"start":{"line":94,"column":8},"end":{"line":94,"column":62}},"16":{"start":{"line":95,"column":8},"end":{"line":95,"column":29}},"17":{"start":{"line":102,"column":8},"end":{"line":102,"column":67}},"18":{"start":{"line":112,"column":8},"end":{"line":112,"column":57}}},"branchMap":{"1":{"line":36,"type":"if","locations":[{"start":{"line":36,"column":16},"end":{"line":36,"column":16}},{"start":{"line":36,"column":16},"end":{"line":36,"column":16}}]},"2":{"line":78,"type":"if","locations":[{"start":{"line":78,"column":8},"end":{"line":78,"column":8}},{"start":{"line":78,"column":8},"end":{"line":78,"column":8}}]},"3":{"line":94,"type":"if","locations":[{"start":{"line":94,"column":8},"end":{"line":94,"column":8}},{"start":{"line":94,"column":8},"end":{"line":94,"column":8}}]}}}}
