TN:
SF:/Users/billy/GitHub/okwme/anybody-problem/contracts/Bodies.sol
FN:35,onlyProblems
FN:46,constructor
FN:50,
FN:56,updateTockPrice
FN:61,updateProblemsAddress
FN:65,updateTocksAddress
FN:69,generateSeed
FN:74,processPayment
FN:82,mint
FN:96,mintAndBurn
FN:106,upgrade
FN:119,burn
FN:123,problemMint
FNF:13
FNH:13
FNDA:154,onlyProblems
FNDA:159,constructor
FNDA:1,
FNDA:3,updateTockPrice
FNDA:161,updateProblemsAddress
FNDA:54,updateTocksAddress
FNDA:155,generateSeed
FNDA:158,processPayment
FNDA:23,mint
FNDA:136,mintAndBurn
FNDA:5,upgrade
FNDA:12,burn
FNDA:3,problemMint
DA:36,154
DA:37,151
DA:47,159
DA:51,1
DA:57,3
DA:58,2
DA:62,161
DA:66,54
DA:71,155
DA:75,158
DA:76,158
DA:77,156
DA:78,156
DA:79,156
DA:83,23
DA:87,22
DA:88,19
DA:89,19
DA:90,19
DA:98,136
DA:99,136
DA:100,136
DA:101,136
DA:102,136
DA:103,136
DA:107,5
DA:108,4
DA:109,3
DA:110,2
DA:114,1
DA:115,1
DA:116,1
DA:120,12
DA:124,3
LF:34
LH:34
BRDA:36,1,0,151
BRDA:36,1,1,3
BRDA:56,2,0,3
BRDA:56,2,1,1
BRDA:57,3,0,2
BRDA:57,3,1,1
BRDA:61,4,0,161
BRDA:61,4,1,1
BRDA:65,5,0,54
BRDA:65,5,1,1
BRDA:76,6,0,156
BRDA:76,6,1,2
BRDA:83,7,0,22
BRDA:83,7,1,1
BRDA:96,8,0,136
BRDA:96,8,1,1
BRDA:107,9,0,4
BRDA:107,9,1,1
BRDA:108,10,0,3
BRDA:108,10,1,1
BRDA:109,11,0,2
BRDA:109,11,1,1
BRDA:110,12,0,1
BRDA:110,12,1,1
BRDA:119,13,0,12
BRDA:119,13,1,1
BRDA:123,14,0,3
BRDA:123,14,1,1
BRF:28
BRH:28
end_of_record
TN:
SF:/Users/billy/GitHub/okwme/anybody-problem/contracts/Metadata.sol
FN:13,constructor
FN:19,setbaseURI
FN:26,getMetadata
FNF:3
FNH:1
FNDA:159,constructor
FNDA:0,setbaseURI
FNDA:0,getMetadata
DA:20,0
DA:27,0
LF:2
LH:0
BRDA:19,1,0,0
BRDA:19,1,1,0
BRF:2
BRH:0
end_of_record
TN:
SF:/Users/billy/GitHub/okwme/anybody-problem/contracts/Problems.sol
FN:77,onlySolver
FN:82,initialized
FN:102,constructor
FN:117,tokenURI
FN:123,updatePrice
FN:127,updatePaused
FN:131,updateStartDate
FN:139,updateVerifier
FN:143,updateSolverAddress
FN:147,updateMetadataAddress
FN:151,updateBodiesAddress
FN:155,updateWalletAddress
FN:159,generateSeed
FN:164,mint
FN:168,mint
FN:178,adminMint
FN:182,_internalMint
FN:197,mintBody
FN:209,addBody
FN:222,removeBody
FN:245,_removeElement
FN:256,_addBody
FN:287,getRandomValues
FN:317,randomRange
FN:325,getProblemBodyIds
FN:331,getProblemBodyData
FN:341,updateProblemBodyCount
FN:348,updateProblemBodyIds
FN:355,updateProblemTickCount
FN:363,updateProblemBody
FN:372,recoverUnsuccessfulMintPayment
FNF:31
FNH:30
FNDA:90,onlySolver
FNDA:50,initialized
FNDA:165,constructor
FNDA:0,tokenURI
FNDA:2,updatePrice
FNDA:31,updatePaused
FNDA:29,updateStartDate
FNDA:1,updateVerifier
FNDA:55,updateSolverAddress
FNDA:1,updateMetadataAddress
FNDA:54,updateBodiesAddress
FNDA:2,updateWalletAddress
FNDA:42,generateSeed
FNDA:45,mint
FNDA:46,mint
FNDA:1,adminMint
FNDA:42,_internalMint
FNDA:10,mintBody
FNDA:12,addBody
FNDA:3,removeBody
FNDA:2,_removeElement
FNDA:146,_addBody
FNDA:146,getRandomValues
FNDA:292,randomRange
FNDA:35,getProblemBodyIds
FNDA:215,getProblemBodyData
FNDA:1,updateProblemBodyCount
FNDA:1,updateProblemBodyIds
FNDA:15,updateProblemTickCount
FNDA:69,updateProblemBody
FNDA:1,recoverUnsuccessfulMintPayment
DA:78,90
DA:79,86
DA:83,50
DA:84,48
DA:85,48
DA:86,48
DA:87,48
DA:103,165
DA:104,165
DA:105,165
DA:106,165
DA:107,1278
DA:108,1278
DA:109,1278
DA:114,16
DA:120,0
DA:124,2
DA:128,31
DA:132,29
DA:140,1
DA:144,55
DA:148,1
DA:152,54
DA:156,2
DA:161,42
DA:165,45
DA:169,46
DA:170,43
DA:171,43
DA:173,41
DA:174,41
DA:175,41
DA:179,1
DA:183,42
DA:184,42
DA:186,42
DA:187,126
DA:191,126
DA:193,42
DA:194,42
DA:198,10
DA:199,10
DA:200,10
DA:204,9
DA:205,9
DA:206,9
DA:210,12
DA:211,12
DA:212,12
DA:213,12
DA:217,11
DA:218,11
DA:219,11
DA:223,3
DA:224,3
DA:225,3
DA:229,2
DA:230,2
DA:236,2
DA:237,2
DA:238,2
DA:242,2
DA:249,2
DA:250,18
DA:252,2
DA:253,2
DA:262,146
DA:263,146
DA:264,146
DA:265,146
DA:266,146
DA:267,146
DA:268,146
DA:269,146
DA:270,146
DA:271,146
DA:293,146
DA:294,146
DA:296,146
DA:297,146
DA:298,146
DA:299,146
DA:301,146
DA:305,146
DA:306,146
DA:307,146
DA:308,146
DA:309,146
DA:310,146
DA:311,146
DA:312,146
DA:314,146
DA:322,292
DA:328,35
DA:335,215
DA:342,1
DA:349,1
DA:356,15
DA:364,69
DA:373,1
DA:374,1
DA:375,1
LF:102
LH:101
BRDA:78,1,0,86
BRDA:78,1,1,4
BRDA:83,2,0,48
BRDA:83,2,1,2
BRDA:84,3,0,48
BRDA:84,3,1,0
BRDA:85,4,0,48
BRDA:85,4,1,0
BRDA:86,5,0,48
BRDA:86,5,1,0
BRDA:103,6,0,165
BRDA:103,6,1,0
BRDA:107,7,0,1278
BRDA:107,7,1,0
BRDA:108,8,0,1278
BRDA:108,8,1,0
BRDA:123,9,0,2
BRDA:123,9,1,1
BRDA:127,10,0,31
BRDA:127,10,1,1
BRDA:131,11,0,29
BRDA:131,11,1,1
BRDA:139,12,0,1
BRDA:139,12,1,1
BRDA:143,13,0,55
BRDA:143,13,1,1
BRDA:147,14,0,1
BRDA:147,14,1,1
BRDA:151,15,0,54
BRDA:151,15,1,1
BRDA:155,16,0,2
BRDA:155,16,1,1
BRDA:168,17,0,46
BRDA:168,17,1,1
BRDA:169,18,0,43
BRDA:169,18,1,3
BRDA:170,19,0,43
BRDA:170,19,1,0
BRDA:171,20,0,41
BRDA:171,20,1,2
BRDA:178,21,0,2
BRDA:178,21,1,1
BRDA:178,22,0,1
BRDA:178,22,1,1
BRDA:198,23,0,10
BRDA:198,23,1,0
BRDA:199,24,0,10
BRDA:199,24,1,0
BRDA:200,25,0,9
BRDA:200,25,1,1
BRDA:210,26,0,12
BRDA:210,26,1,0
BRDA:211,27,0,12
BRDA:211,27,1,0
BRDA:212,28,0,12
BRDA:212,28,1,0
BRDA:213,29,0,11
BRDA:213,29,1,1
BRDA:223,30,0,3
BRDA:223,30,1,0
BRDA:224,31,0,3
BRDA:224,31,1,0
BRDA:225,32,0,2
BRDA:225,32,1,1
BRDA:341,33,0,1
BRDA:341,33,1,1
BRDA:348,34,0,1
BRDA:348,34,1,1
BRDA:355,35,0,15
BRDA:355,35,1,1
BRDA:363,36,0,69
BRDA:363,36,1,1
BRDA:372,37,0,1
BRDA:372,37,1,1
BRF:74
BRH:60
end_of_record
TN:
SF:/Users/billy/GitHub/okwme/anybody-problem/contracts/Solver.sol
FN:44,constructor
FN:49,
FN:53,updateProblemsAddress
FN:57,updateTocksAddress
FN:61,solveProblem
FN:254,convertTo30
FN:264,convertTo40
FN:274,convertTo50
FN:284,convertTo60
FN:294,convertTo70
FN:304,convertTo80
FN:314,convertTo90
FN:324,convertTo100
FNF:13
FNH:13
FNDA:159,constructor
FNDA:1,
FNDA:1,updateProblemsAddress
FNDA:1,updateTocksAddress
FNDA:14,solveProblem
FNDA:5,convertTo30
FNDA:3,convertTo40
FNDA:1,convertTo50
FNDA:1,convertTo60
FNDA:1,convertTo70
FNDA:1,convertTo80
FNDA:1,convertTo90
FNDA:1,convertTo100
DA:45,159
DA:46,159
DA:50,1
DA:54,1
DA:58,1
DA:69,14
DA:71,14
DA:73,14
DA:74,14
DA:75,14
DA:80,14
DA:81,5
DA:91,3
DA:101,1
DA:111,1
DA:121,1
DA:131,1
DA:141,1
DA:151,1
DA:161,0
DA:163,14
DA:167,14
DA:172,14
DA:175,14
DA:176,14
DA:177,69
DA:188,69
DA:193,68
DA:198,68
DA:203,68
DA:212,68
DA:217,68
DA:229,68
DA:234,68
DA:239,68
DA:244,68
DA:245,68
DA:251,13
DA:257,5
DA:258,5
DA:259,150
DA:261,5
DA:267,3
DA:268,3
DA:269,120
DA:271,3
DA:277,1
DA:278,1
DA:279,50
DA:281,1
DA:287,1
DA:288,1
DA:289,60
DA:291,1
DA:297,1
DA:298,1
DA:299,70
DA:301,1
DA:307,1
DA:308,1
DA:309,80
DA:311,1
DA:317,1
DA:318,1
DA:319,90
DA:321,1
DA:327,1
DA:328,1
DA:329,100
DA:331,1
LF:70
LH:69
BRDA:53,1,0,1
BRDA:53,1,1,1
BRDA:57,2,0,1
BRDA:57,2,1,1
BRDA:74,3,0,14
BRDA:74,3,1,0
BRDA:80,4,0,5
BRDA:80,4,1,9
BRDA:81,5,0,5
BRDA:81,5,1,0
BRDA:90,6,0,3
BRDA:90,6,1,6
BRDA:91,7,0,3
BRDA:91,7,1,0
BRDA:100,8,0,1
BRDA:100,8,1,5
BRDA:101,9,0,1
BRDA:101,9,1,0
BRDA:110,10,0,1
BRDA:110,10,1,4
BRDA:111,11,0,1
BRDA:111,11,1,0
BRDA:120,12,0,1
BRDA:120,12,1,3
BRDA:121,13,0,1
BRDA:121,13,1,0
BRDA:130,14,0,1
BRDA:130,14,1,2
BRDA:131,15,0,1
BRDA:131,15,1,0
BRDA:140,16,0,1
BRDA:140,16,1,1
BRDA:141,17,0,1
BRDA:141,17,1,0
BRDA:150,18,0,1
BRDA:150,18,1,0
BRDA:151,19,0,1
BRDA:151,19,1,0
BRDA:188,20,0,68
BRDA:188,20,1,1
BRDA:198,21,0,68
BRDA:198,21,1,0
BRDA:212,22,0,68
BRDA:212,22,1,0
BRDA:229,23,0,68
BRDA:229,23,1,0
BRDA:239,24,0,68
BRDA:239,24,1,0
BRF:48
BRH:34
end_of_record
TN:
SF:/Users/billy/GitHub/okwme/anybody-problem/contracts/Tocks.sol
FN:12,onlySolver
FN:17,onlyBodies
FN:25,constructor
FN:30,updateProblemsAddress
FN:34,updateBodiesAddress
FN:38,updateSolverAddress
FN:42,allowance
FN:52,burn
FN:56,mint
FNF:9
FNH:8
FNDA:45,onlySolver
FNDA:156,onlyBodies
FNDA:159,constructor
FNDA:159,updateProblemsAddress
FNDA:159,updateBodiesAddress
FNDA:112,updateSolverAddress
FNDA:0,allowance
FNDA:156,burn
FNDA:45,mint
DA:13,45
DA:14,45
DA:18,156
DA:19,156
DA:26,159
DA:27,159
DA:31,159
DA:35,159
DA:39,112
DA:46,0
DA:47,0
DA:49,0
DA:53,156
DA:57,45
LF:14
LH:11
BRDA:13,1,0,45
BRDA:13,1,1,0
BRDA:18,2,0,156
BRDA:18,2,1,0
BRDA:30,3,0,159
BRDA:30,3,1,0
BRDA:34,4,0,159
BRDA:34,4,1,0
BRDA:38,5,0,112
BRDA:38,5,1,0
BRDA:46,6,0,0
BRDA:46,6,1,0
BRDA:46,7,0,0
BRDA:46,7,1,0
BRDA:52,8,0,156
BRDA:52,8,1,0
BRDA:56,9,0,45
BRDA:56,9,1,0
BRF:18
BRH:7
end_of_record
