TN:
SF:/Users/billy/GitHub/okwme/anybody-problem/contracts/Bodies.sol
FN:61,onlyProblems
FN:73,constructor
FN:77,
FN:83,updateDustPrice
FN:88,updateBodyLife
FN:93,updateProblemsAddress
FN:97,updateDustAddress
FN:101,generateSeed
FN:106,processPayment
FN:118,mint
FN:144,mintAndAddToProblem
FN:170,moveBodyToProblem
FN:194,moveBodyFromProblem
FN:202,burn
FN:206,problemMint
FNF:15
FNH:14
FNDA:176,onlyProblems
FNDA:174,constructor
FNDA:1,
FNDA:3,updateDustPrice
FNDA:0,updateBodyLife
FNDA:176,updateProblemsAddress
FNDA:59,updateDustAddress
FNDA:151,generateSeed
FNDA:152,processPayment
FNDA:16,mint
FNDA:136,mintAndAddToProblem
FNDA:11,moveBodyToProblem
FNDA:8,moveBodyFromProblem
FNDA:1,burn
FNDA:1,problemMint
DA:62,176
DA:63,173
DA:74,174
DA:78,1
DA:84,3
DA:85,2
DA:89,0
DA:90,0
DA:94,176
DA:98,59
DA:102,151
DA:107,152
DA:108,152
DA:109,152
DA:110,25
DA:120,16
DA:121,15
DA:122,15
DA:129,15
DA:130,15
DA:146,136
DA:147,136
DA:148,136
DA:149,136
DA:150,136
DA:158,136
DA:159,136
DA:160,136
DA:161,136
DA:173,11
DA:174,11
DA:175,11
DA:176,11
DA:195,8
DA:196,8
DA:197,8
DA:198,8
DA:199,8
DA:203,1
DA:207,1
LF:40
LH:38
BRDA:62,1,0,173
BRDA:62,1,1,3
BRDA:83,2,0,3
BRDA:83,2,1,1
BRDA:84,3,0,2
BRDA:84,3,1,1
BRDA:88,4,0,0
BRDA:88,4,1,0
BRDA:89,5,0,0
BRDA:89,5,1,0
BRDA:93,6,0,176
BRDA:93,6,1,1
BRDA:97,7,0,59
BRDA:97,7,1,1
BRDA:107,8,0,152
BRDA:107,8,1,0
BRDA:109,9,0,25
BRDA:109,9,1,127
BRDA:118,10,0,16
BRDA:118,10,1,0
BRDA:144,11,0,136
BRDA:144,11,1,1
BRDA:170,12,0,11
BRDA:170,12,1,0
BRDA:173,13,0,11
BRDA:173,13,1,0
BRDA:194,14,0,8
BRDA:194,14,1,0
BRDA:195,15,0,8
BRDA:195,15,1,0
BRDA:196,16,0,8
BRDA:196,16,1,0
BRDA:202,17,0,1
BRDA:202,17,1,1
BRDA:206,18,0,1
BRDA:206,18,1,1
BRF:36
BRH:25
end_of_record
TN:
SF:/Users/billy/GitHub/okwme/anybody-problem/contracts/Dust.sol
FN:12,onlySolver
FN:17,onlyBodies
FN:25,constructor
FN:30,updateProblemsAddress
FN:34,updateBodiesAddress
FN:38,updateSolverAddress
FN:42,allowance
FN:52,burn
FN:56,mint
FNF:9
FNH:8
FNDA:28,onlySolver
FNDA:25,onlyBodies
FNDA:174,constructor
FNDA:174,updateProblemsAddress
FNDA:174,updateBodiesAddress
FNDA:109,updateSolverAddress
FNDA:0,allowance
FNDA:25,burn
FNDA:28,mint
DA:13,28
DA:14,28
DA:18,25
DA:19,25
DA:26,174
DA:27,174
DA:31,174
DA:35,174
DA:39,109
DA:46,0
DA:47,0
DA:49,0
DA:53,25
DA:57,28
LF:14
LH:11
BRDA:13,1,0,28
BRDA:13,1,1,0
BRDA:18,2,0,25
BRDA:18,2,1,0
BRDA:30,3,0,174
BRDA:30,3,1,0
BRDA:34,4,0,174
BRDA:34,4,1,0
BRDA:38,5,0,109
BRDA:38,5,1,0
BRDA:46,6,0,0
BRDA:46,6,1,0
BRDA:46,7,0,0
BRDA:46,7,1,0
BRDA:52,8,0,25
BRDA:52,8,1,0
BRDA:56,9,0,28
BRDA:56,9,1,0
BRF:18
BRH:7
end_of_record
TN:
SF:/Users/billy/GitHub/okwme/anybody-problem/contracts/Game_10_20Verifier.sol
FN:356,verifyProof
FNF:1
FNH:1
FNDA:1,verifyProof
DA:357,1
LF:1
LH:1
BRF:0
BRH:0
end_of_record
TN:
SF:/Users/billy/GitHub/okwme/anybody-problem/contracts/Game_10_50Verifier.sol
FN:356,verifyProof
FNF:1
FNH:0
FNDA:0,verifyProof
DA:357,0
LF:1
LH:0
BRF:0
BRH:0
end_of_record
TN:
SF:/Users/billy/GitHub/okwme/anybody-problem/contracts/Game_3_20Verifier.sol
FN:146,verifyProof
FNF:1
FNH:1
FNDA:6,verifyProof
DA:147,6
LF:1
LH:1
BRF:0
BRH:0
end_of_record
TN:
SF:/Users/billy/GitHub/okwme/anybody-problem/contracts/Game_3_500Verifier.sol
FN:146,verifyProof
FNF:1
FNH:0
FNDA:0,verifyProof
DA:147,0
LF:1
LH:0
BRF:0
BRH:0
end_of_record
TN:
SF:/Users/billy/GitHub/okwme/anybody-problem/contracts/Game_4_100Verifier.sol
FN:176,verifyProof
FNF:1
FNH:0
FNDA:0,verifyProof
DA:177,0
LF:1
LH:0
BRF:0
BRH:0
end_of_record
TN:
SF:/Users/billy/GitHub/okwme/anybody-problem/contracts/Game_4_20Verifier.sol
FN:176,verifyProof
FNF:1
FNH:1
FNDA:3,verifyProof
DA:177,3
LF:1
LH:1
BRF:0
BRH:0
end_of_record
TN:
SF:/Users/billy/GitHub/okwme/anybody-problem/contracts/Game_4_300Verifier.sol
FN:176,verifyProof
FNF:1
FNH:0
FNDA:0,verifyProof
DA:177,0
LF:1
LH:0
BRF:0
BRH:0
end_of_record
TN:
SF:/Users/billy/GitHub/okwme/anybody-problem/contracts/Game_5_100Verifier.sol
FN:206,verifyProof
FNF:1
FNH:0
FNDA:0,verifyProof
DA:207,0
LF:1
LH:0
BRF:0
BRH:0
end_of_record
TN:
SF:/Users/billy/GitHub/okwme/anybody-problem/contracts/Game_5_20Verifier.sol
FN:206,verifyProof
FNF:1
FNH:1
FNDA:1,verifyProof
DA:207,1
LF:1
LH:1
BRF:0
BRH:0
end_of_record
TN:
SF:/Users/billy/GitHub/okwme/anybody-problem/contracts/Game_6_100Verifier.sol
FN:236,verifyProof
FNF:1
FNH:0
FNDA:0,verifyProof
DA:237,0
LF:1
LH:0
BRF:0
BRH:0
end_of_record
TN:
SF:/Users/billy/GitHub/okwme/anybody-problem/contracts/Game_6_20Verifier.sol
FN:236,verifyProof
FNF:1
FNH:1
FNDA:1,verifyProof
DA:237,1
LF:1
LH:1
BRF:0
BRH:0
end_of_record
TN:
SF:/Users/billy/GitHub/okwme/anybody-problem/contracts/Game_7_100Verifier.sol
FN:266,verifyProof
FNF:1
FNH:0
FNDA:0,verifyProof
DA:267,0
LF:1
LH:0
BRF:0
BRH:0
end_of_record
TN:
SF:/Users/billy/GitHub/okwme/anybody-problem/contracts/Game_7_20Verifier.sol
FN:266,verifyProof
FNF:1
FNH:1
FNDA:1,verifyProof
DA:267,1
LF:1
LH:1
BRF:0
BRH:0
end_of_record
TN:
SF:/Users/billy/GitHub/okwme/anybody-problem/contracts/Game_8_20Verifier.sol
FN:296,verifyProof
FNF:1
FNH:1
FNDA:1,verifyProof
DA:297,1
LF:1
LH:1
BRF:0
BRH:0
end_of_record
TN:
SF:/Users/billy/GitHub/okwme/anybody-problem/contracts/Game_8_50Verifier.sol
FN:296,verifyProof
FNF:1
FNH:0
FNDA:0,verifyProof
DA:297,0
LF:1
LH:0
BRF:0
BRH:0
end_of_record
TN:
SF:/Users/billy/GitHub/okwme/anybody-problem/contracts/Game_9_20Verifier.sol
FN:326,verifyProof
FNF:1
FNH:1
FNDA:1,verifyProof
DA:327,1
LF:1
LH:1
BRF:0
BRH:0
end_of_record
TN:
SF:/Users/billy/GitHub/okwme/anybody-problem/contracts/Game_9_50Verifier.sol
FN:326,verifyProof
FNF:1
FNH:0
FNDA:0,verifyProof
DA:327,0
LF:1
LH:0
BRF:0
BRH:0
end_of_record
TN:
SF:/Users/billy/GitHub/okwme/anybody-problem/contracts/Metadata.sol
FN:19,constructor
FN:42,existsModifier
FN:47,exists
FN:55,getMetadata
FN:79,getName
FN:86,getHTML
FN:105,getSVG
FN:123,getPath
FN:222,seedToColor
FN:231,getAttributes
FN:249,updateProblemsAddress
FNF:11
FNH:8
FNDA:174,constructor
FNDA:1,existsModifier
FNDA:1,exists
FNDA:0,getMetadata
FNDA:1,getName
FNDA:0,getHTML
FNDA:1,getSVG
FNDA:1,getPath
FNDA:3,seedToColor
FNDA:0,getAttributes
FNDA:59,updateProblemsAddress
DA:43,1
DA:44,1
DA:48,1
DA:56,0
DA:80,1
DA:87,0
DA:106,1
DA:125,1
DA:126,1
DA:133,1
DA:136,1
DA:137,1
DA:138,3
DA:143,3
DA:147,3
DA:148,3
DA:149,3
DA:153,3
DA:154,3
DA:155,3
DA:162,3
DA:163,3
DA:164,3
DA:171,3
DA:172,3
DA:181,3
DA:219,1
DA:223,3
DA:227,3
DA:234,0
DA:235,0
DA:236,0
DA:250,59
LF:33
LH:28
BRDA:43,1,0,1
BRDA:43,1,1,0
BRDA:55,2,0,0
BRDA:55,2,1,0
BRDA:105,3,0,1
BRDA:105,3,1,0
BRDA:249,4,0,59
BRDA:249,4,1,1
BRF:8
BRH:4
end_of_record
TN:
SF:/Users/billy/GitHub/okwme/anybody-problem/contracts/Nft_10_20Verifier.sol
FN:356,verifyProof
FNF:1
FNH:0
FNDA:0,verifyProof
DA:357,0
LF:1
LH:0
BRF:0
BRH:0
end_of_record
TN:
SF:/Users/billy/GitHub/okwme/anybody-problem/contracts/Nft_10_50Verifier.sol
FN:356,verifyProof
FNF:1
FNH:0
FNDA:0,verifyProof
DA:357,0
LF:1
LH:0
BRF:0
BRH:0
end_of_record
TN:
SF:/Users/billy/GitHub/okwme/anybody-problem/contracts/Nft_3_100Verifier.sol
FN:146,verifyProof
FNF:1
FNH:0
FNDA:0,verifyProof
DA:147,0
LF:1
LH:0
BRF:0
BRH:0
end_of_record
TN:
SF:/Users/billy/GitHub/okwme/anybody-problem/contracts/Nft_3_20Verifier.sol
FN:146,verifyProof
FNF:1
FNH:1
FNDA:1,verifyProof
DA:147,1
LF:1
LH:1
BRF:0
BRH:0
end_of_record
TN:
SF:/Users/billy/GitHub/okwme/anybody-problem/contracts/Nft_3_500Verifier.sol
FN:146,verifyProof
FNF:1
FNH:0
FNDA:0,verifyProof
DA:147,0
LF:1
LH:0
BRF:0
BRH:0
end_of_record
TN:
SF:/Users/billy/GitHub/okwme/anybody-problem/contracts/Nft_4_100Verifier.sol
FN:176,verifyProof
FNF:1
FNH:0
FNDA:0,verifyProof
DA:177,0
LF:1
LH:0
BRF:0
BRH:0
end_of_record
TN:
SF:/Users/billy/GitHub/okwme/anybody-problem/contracts/Nft_4_20Verifier.sol
FN:176,verifyProof
FNF:1
FNH:0
FNDA:0,verifyProof
DA:177,0
LF:1
LH:0
BRF:0
BRH:0
end_of_record
TN:
SF:/Users/billy/GitHub/okwme/anybody-problem/contracts/Nft_5_100Verifier.sol
FN:206,verifyProof
FNF:1
FNH:0
FNDA:0,verifyProof
DA:207,0
LF:1
LH:0
BRF:0
BRH:0
end_of_record
TN:
SF:/Users/billy/GitHub/okwme/anybody-problem/contracts/Nft_5_20Verifier.sol
FN:206,verifyProof
FNF:1
FNH:0
FNDA:0,verifyProof
DA:207,0
LF:1
LH:0
BRF:0
BRH:0
end_of_record
TN:
SF:/Users/billy/GitHub/okwme/anybody-problem/contracts/Nft_6_100Verifier.sol
FN:236,verifyProof
FNF:1
FNH:0
FNDA:0,verifyProof
DA:237,0
LF:1
LH:0
BRF:0
BRH:0
end_of_record
TN:
SF:/Users/billy/GitHub/okwme/anybody-problem/contracts/Nft_6_20Verifier.sol
FN:236,verifyProof
FNF:1
FNH:0
FNDA:0,verifyProof
DA:237,0
LF:1
LH:0
BRF:0
BRH:0
end_of_record
TN:
SF:/Users/billy/GitHub/okwme/anybody-problem/contracts/Nft_7_100Verifier.sol
FN:266,verifyProof
FNF:1
FNH:0
FNDA:0,verifyProof
DA:267,0
LF:1
LH:0
BRF:0
BRH:0
end_of_record
TN:
SF:/Users/billy/GitHub/okwme/anybody-problem/contracts/Nft_7_20Verifier.sol
FN:266,verifyProof
FNF:1
FNH:0
FNDA:0,verifyProof
DA:267,0
LF:1
LH:0
BRF:0
BRH:0
end_of_record
TN:
SF:/Users/billy/GitHub/okwme/anybody-problem/contracts/Nft_8_100Verifier.sol
FN:296,verifyProof
FNF:1
FNH:0
FNDA:0,verifyProof
DA:297,0
LF:1
LH:0
BRF:0
BRH:0
end_of_record
TN:
SF:/Users/billy/GitHub/okwme/anybody-problem/contracts/Nft_8_20Verifier.sol
FN:296,verifyProof
FNF:1
FNH:0
FNDA:0,verifyProof
DA:297,0
LF:1
LH:0
BRF:0
BRH:0
end_of_record
TN:
SF:/Users/billy/GitHub/okwme/anybody-problem/contracts/Nft_9_20Verifier.sol
FN:326,verifyProof
FNF:1
FNH:0
FNDA:0,verifyProof
DA:327,0
LF:1
LH:0
BRF:0
BRH:0
end_of_record
TN:
SF:/Users/billy/GitHub/okwme/anybody-problem/contracts/Nft_9_50Verifier.sol
FN:326,verifyProof
FNF:1
FNH:0
FNDA:0,verifyProof
DA:327,0
LF:1
LH:0
BRF:0
BRH:0
end_of_record
TN:
SF:/Users/billy/GitHub/okwme/anybody-problem/contracts/Problems.sol
FN:85,notWhileInPlay
FN:90,onlySolver
FN:95,initialized
FN:115,constructor
FN:130,tokenURI
FN:136,updatePrice
FN:140,updatePaused
FN:144,updateStartDate
FN:152,updateVerifier
FN:156,updateSolverAddress
FN:160,updateMetadataAddress
FN:164,updateBodiesAddress
FN:170,updateProceedRecipientAddress
FN:174,generateSeed
FN:179,mint
FN:183,mint
FN:190,mint
FN:204,adminMint
FN:208,_internalMint
FN:238,mintBodyToProblem
FN:264,mintBodyOutsideProblem
FN:277,addExistingBody
FN:290,convertBodiesToStars
FN:302,removeBody
FN:311,internalRemoveBody
FN:349,_removeElement
FN:371,_addBody
FN:412,genRadius
FN:423,getRandomValues
FN:447,randomRange
FN:455,getProblemMintedBodiesIndex
FN:461,getProblemBodyIds
FN:467,getProblemBodyData
FN:474,getProblemStarData
FN:483,updateProblemBodyCount
FN:490,updateProblemBodyIds
FN:497,updateProblemTickCount
FN:505,updateProblemBody
FN:509,restoreRadius
FN:518,levelUp
FN:538,recoverUnsuccessfulMintPayment
FNF:41
FNH:38
FNDA:32,notWhileInPlay
FNDA:107,onlySolver
FNDA:52,initialized
FNDA:180,constructor
FNDA:0,tokenURI
FNDA:2,updatePrice
FNDA:33,updatePaused
FNDA:31,updateStartDate
FNDA:1,updateVerifier
FNDA:64,updateSolverAddress
FNDA:1,updateMetadataAddress
FNDA:59,updateBodiesAddress
FNDA:2,updateProceedRecipientAddress
FNDA:41,generateSeed
FNDA:45,mint
FNDA:2,mint
FNDA:46,mint
FNDA:1,adminMint
FNDA:42,_internalMint
FNDA:10,mintBodyToProblem
FNDA:19,mintBodyOutsideProblem
FNDA:12,addExistingBody
FNDA:0,convertBodiesToStars
FNDA:3,removeBody
FNDA:8,internalRemoveBody
FNDA:8,_removeElement
FNDA:146,_addBody
FNDA:149,genRadius
FNDA:146,getRandomValues
FNDA:441,randomRange
FNDA:0,getProblemMintedBodiesIndex
FNDA:38,getProblemBodyIds
FNDA:224,getProblemBodyData
FNDA:1,getProblemStarData
FNDA:1,updateProblemBodyCount
FNDA:1,updateProblemBodyIds
FNDA:16,updateProblemTickCount
FNDA:75,updateProblemBody
FNDA:1,restoreRadius
FNDA:9,levelUp
FNDA:1,recoverUnsuccessfulMintPayment
DA:86,32
DA:87,32
DA:91,107
DA:92,103
DA:96,52
DA:97,50
DA:98,50
DA:99,50
DA:100,50
DA:116,180
DA:117,180
DA:118,180
DA:119,180
DA:120,1398
DA:121,1398
DA:122,1398
DA:127,14
DA:133,0
DA:137,2
DA:141,33
DA:145,31
DA:153,1
DA:157,64
DA:161,1
DA:165,59
DA:171,2
DA:175,41
DA:180,45
DA:184,2
DA:191,46
DA:192,46
DA:193,43
DA:194,43
DA:195,41
DA:198,41
DA:199,41
DA:200,41
DA:205,1
DA:209,42
DA:210,42
DA:212,42
DA:217,126
DA:223,126
DA:234,41
DA:235,38
DA:239,10
DA:240,10
DA:241,10
DA:245,9
DA:247,9
DA:248,9
DA:250,9
DA:252,9
DA:265,19
DA:266,19
DA:267,18
DA:271,17
DA:272,17
DA:273,16
DA:274,15
DA:278,12
DA:279,12
DA:280,12
DA:284,11
DA:286,11
DA:287,11
DA:291,0
DA:292,0
DA:293,0
DA:294,0
DA:295,0
DA:296,0
DA:297,0
DA:303,3
DA:307,2
DA:308,2
DA:312,8
DA:314,8
DA:315,8
DA:317,8
DA:323,8
DA:331,8
DA:332,8
DA:333,8
DA:337,8
DA:342,8
DA:343,6
DA:353,8
DA:354,8
DA:356,8
DA:357,8
DA:383,146
DA:385,146
DA:386,146
DA:387,146
DA:388,146
DA:389,146
DA:391,146
DA:392,145
DA:393,145
DA:394,145
DA:396,145
DA:414,149
DA:415,149
DA:416,149
DA:424,146
DA:425,146
DA:427,146
DA:430,146
DA:433,146
DA:435,146
DA:436,146
DA:438,146
DA:439,146
DA:440,146
DA:441,146
DA:442,146
DA:444,146
DA:452,441
DA:458,0
DA:464,38
DA:471,224
DA:477,1
DA:484,1
DA:491,1
DA:498,16
DA:506,75
DA:510,1
DA:511,3
DA:512,3
DA:519,9
DA:520,9
DA:521,9
DA:522,27
DA:523,27
DA:524,27
DA:525,6
DA:526,6
DA:527,6
DA:528,6
DA:539,1
DA:540,1
DA:541,1
LF:143
LH:134
BRDA:86,1,0,32
BRDA:86,1,1,0
BRDA:91,2,0,103
BRDA:91,2,1,4
BRDA:96,3,0,50
BRDA:96,3,1,2
BRDA:97,4,0,50
BRDA:97,4,1,0
BRDA:98,5,0,50
BRDA:98,5,1,0
BRDA:99,6,0,50
BRDA:99,6,1,0
BRDA:116,7,0,180
BRDA:116,7,1,0
BRDA:120,8,0,1398
BRDA:120,8,1,0
BRDA:121,9,0,1398
BRDA:121,9,1,0
BRDA:136,10,0,2
BRDA:136,10,1,1
BRDA:140,11,0,33
BRDA:140,11,1,1
BRDA:144,12,0,31
BRDA:144,12,1,1
BRDA:152,13,0,1
BRDA:152,13,1,1
BRDA:156,14,0,64
BRDA:156,14,1,1
BRDA:160,15,0,1
BRDA:160,15,1,1
BRDA:164,16,0,59
BRDA:164,16,1,1
BRDA:170,17,0,2
BRDA:170,17,1,1
BRDA:183,18,0,2
BRDA:183,18,1,0
BRDA:190,19,0,46
BRDA:190,19,1,1
BRDA:191,20,0,46
BRDA:191,20,1,0
BRDA:192,21,0,43
BRDA:192,21,1,3
BRDA:193,22,0,43
BRDA:193,22,1,0
BRDA:194,23,0,41
BRDA:194,23,1,2
BRDA:204,24,0,2
BRDA:204,24,1,1
BRDA:204,25,0,1
BRDA:204,25,1,1
BRDA:238,26,0,10
BRDA:238,26,1,0
BRDA:239,27,0,10
BRDA:239,27,1,0
BRDA:240,28,0,10
BRDA:240,28,1,0
BRDA:241,29,0,9
BRDA:241,29,1,1
BRDA:247,30,0,9
BRDA:247,30,1,0
BRDA:264,31,0,19
BRDA:264,31,1,0
BRDA:265,32,0,19
BRDA:265,32,1,0
BRDA:266,33,0,18
BRDA:266,33,1,1
BRDA:267,34,0,17
BRDA:267,34,1,1
BRDA:272,35,0,16
BRDA:272,35,1,1
BRDA:278,36,0,12
BRDA:278,36,1,0
BRDA:279,37,0,12
BRDA:279,37,1,0
BRDA:280,38,0,11
BRDA:280,38,1,1
BRDA:290,39,0,0
BRDA:290,39,1,0
BRDA:291,40,0,0
BRDA:291,40,1,0
BRDA:294,41,0,0
BRDA:294,41,1,0
BRDA:302,42,0,3
BRDA:302,42,1,0
BRDA:303,43,0,2
BRDA:303,43,1,1
BRDA:307,44,0,2
BRDA:307,44,1,0
BRDA:312,45,0,8
BRDA:312,45,1,0
BRDA:315,46,0,8
BRDA:315,46,1,0
BRDA:483,47,0,1
BRDA:483,47,1,1
BRDA:490,48,0,1
BRDA:490,48,1,1
BRDA:497,49,0,16
BRDA:497,49,1,1
BRDA:505,50,0,75
BRDA:505,50,1,1
BRDA:509,51,0,1
BRDA:509,51,1,0
BRDA:518,52,0,9
BRDA:518,52,1,0
BRDA:524,53,0,6
BRDA:524,53,1,21
BRDA:538,54,0,1
BRDA:538,54,1,1
BRF:108
BRH:78
end_of_record
TN:
SF:/Users/billy/GitHub/okwme/anybody-problem/contracts/Solver.sol
FN:55,constructor
FN:60,
FN:64,updateProblemsAddress
FN:68,updateDustAddress
FN:72,inProgress
FN:76,batchSolve
FN:82,solveProblem
FN:299,getSpeedBoost
FN:315,deleteMatch
FN:321,convertTo30
FN:331,convertTo40
FN:341,convertTo50
FN:351,convertTo60
FN:361,convertTo70
FN:371,convertTo80
FN:381,convertTo90
FN:391,convertTo100
FNF:17
FNH:15
FNDA:174,constructor
FNDA:1,
FNDA:1,updateProblemsAddress
FNDA:1,updateDustAddress
FNDA:32,inProgress
FNDA:0,batchSolve
FNDA:15,solveProblem
FNDA:1,getSpeedBoost
FNDA:0,deleteMatch
FNDA:6,convertTo30
FNDA:3,convertTo40
FNDA:1,convertTo50
FNDA:1,convertTo60
FNDA:1,convertTo70
FNDA:1,convertTo80
FNDA:1,convertTo90
FNDA:1,convertTo100
DA:56,174
DA:57,174
DA:61,1
DA:65,1
DA:69,1
DA:73,32
DA:77,0
DA:78,0
DA:92,15
DA:93,15
DA:95,15
DA:98,15
DA:99,15
DA:100,15
DA:105,15
DA:107,15
DA:108,6
DA:118,3
DA:128,1
DA:138,1
DA:148,1
DA:158,1
DA:168,1
DA:178,1
DA:188,0
DA:192,15
DA:194,15
DA:195,15
DA:196,15
DA:199,15
DA:200,15
DA:202,15
DA:203,0
DA:206,15
DA:210,15
DA:215,15
DA:216,15
DA:218,15
DA:219,72
DA:227,72
DA:232,71
DA:237,71
DA:242,71
DA:247,71
DA:252,71
DA:257,71
DA:262,71
DA:267,71
DA:272,71
DA:273,71
DA:278,71
DA:279,3
DA:284,14
DA:286,1
DA:287,1
DA:288,1
DA:292,1
DA:293,1
DA:294,1
DA:295,1
DA:300,1
DA:301,1
DA:303,0
DA:305,0
DA:307,0
DA:309,0
DA:311,0
DA:316,0
DA:317,0
DA:318,0
DA:324,6
DA:325,6
DA:326,6
DA:328,6
DA:334,3
DA:335,3
DA:336,3
DA:338,3
DA:344,1
DA:345,1
DA:346,1
DA:348,1
DA:354,1
DA:355,1
DA:356,1
DA:358,1
DA:364,1
DA:365,1
DA:366,1
DA:368,1
DA:374,1
DA:375,1
DA:376,1
DA:378,1
DA:384,1
DA:385,1
DA:386,1
DA:388,1
DA:394,1
DA:395,1
DA:396,1
DA:398,1
LF:102
LH:90
BRDA:64,1,0,1
BRDA:64,1,1,1
BRDA:68,2,0,1
BRDA:68,2,1,1
BRDA:93,3,0,15
BRDA:93,3,1,0
BRDA:99,4,0,15
BRDA:99,4,1,0
BRDA:105,5,0,15
BRDA:105,5,1,0
BRDA:107,6,0,6
BRDA:107,6,1,9
BRDA:108,7,0,6
BRDA:108,7,1,0
BRDA:117,8,0,3
BRDA:117,8,1,6
BRDA:118,9,0,3
BRDA:118,9,1,0
BRDA:127,10,0,1
BRDA:127,10,1,5
BRDA:128,11,0,1
BRDA:128,11,1,0
BRDA:137,12,0,1
BRDA:137,12,1,4
BRDA:138,13,0,1
BRDA:138,13,1,0
BRDA:147,14,0,1
BRDA:147,14,1,3
BRDA:148,15,0,1
BRDA:148,15,1,0
BRDA:157,16,0,1
BRDA:157,16,1,2
BRDA:158,17,0,1
BRDA:158,17,1,0
BRDA:167,18,0,1
BRDA:167,18,1,1
BRDA:168,19,0,1
BRDA:168,19,1,0
BRDA:177,20,0,1
BRDA:177,20,1,0
BRDA:178,21,0,1
BRDA:178,21,1,0
BRDA:194,22,0,15
BRDA:194,22,1,0
BRDA:202,23,0,0
BRDA:202,23,1,15
BRDA:227,24,0,71
BRDA:227,24,1,1
BRDA:237,25,0,71
BRDA:237,25,1,0
BRDA:247,26,0,71
BRDA:247,26,1,0
BRDA:257,27,0,71
BRDA:257,27,1,0
BRDA:267,28,0,71
BRDA:267,28,1,0
BRDA:278,29,0,3
BRDA:278,29,1,68
BRDA:284,30,0,1
BRDA:284,30,1,13
BRDA:300,31,0,1
BRDA:300,31,1,0
BRDA:302,32,0,0
BRDA:302,32,1,0
BRDA:304,33,0,0
BRDA:304,33,1,0
BRDA:306,34,0,0
BRDA:306,34,1,0
BRDA:308,35,0,0
BRDA:308,35,1,0
BRDA:316,36,0,0
BRDA:316,36,1,0
BRF:72
BRH:43
end_of_record
TN:
SF:/Users/billy/GitHub/okwme/anybody-problem/contracts/StringsExtended.sol
FN:20,toString
FN:45,toString
FN:58,toHexString
FN:67,toHexStringWithPrefix
FN:85,toHexString
FN:101,toHexString
FN:108,equal
FNF:7
FNH:2
FNDA:25,toString
FNDA:0,toString
FNDA:0,toHexString
FNDA:0,toHexStringWithPrefix
FNDA:3,toHexString
FNDA:0,toHexString
FNDA:0,equal
DA:21,25
DA:22,25
DA:23,25
DA:24,25
DA:26,25
DA:29,25
DA:30,53
DA:32,53
DA:35,53
DA:36,53
DA:38,25
DA:46,0
DA:59,0
DA:60,0
DA:71,0
DA:72,0
DA:73,0
DA:74,0
DA:75,0
DA:76,0
DA:78,0
DA:79,0
DA:89,3
DA:90,3
DA:91,18
DA:92,18
DA:94,3
DA:95,3
DA:102,0
DA:112,0
LF:30
LH:17
BRDA:36,1,0,25
BRDA:36,1,1,28
BRDA:78,2,0,0
BRDA:78,2,1,0
BRDA:94,3,0,3
BRDA:94,3,1,0
BRF:6
BRH:3
end_of_record
